
 - final statistics:
44 variables; iteration 0; function evaluation 0
Function value 8.6121e+00; maximum gradient component mag -1.0084e-05
Exit code = 0;  converg criter 1.0000e+01
Var    Value     Gradient |Var    Value     Gradient |Var    Value     Gradient
  1  0.01564 -1.00835e-05 |  2 -0.01731 -1.66097e-07 |  3 -0.03717  7.03269e-07
  4 -0.03701  6.99232e-07 |  5 -0.01434  7.20689e-07 |  6 -0.02896  7.51293e-07
  7 -0.03895  7.43872e-07 |  8 -0.02100  7.15028e-07 |  9 -0.07702  7.53484e-07
 10  0.04778  3.99065e-07 | 11 -0.05173  6.80328e-07 | 12 -0.08022  6.71531e-07
 13 -0.05601  5.11232e-07 | 14  0.07367 -1.22935e-07 | 15  0.00802 -1.13369e-07
 16  0.03459 -8.51129e-07 | 17  0.00683 -6.76846e-07 | 18  0.01991 -1.35364e-06
 19  0.05262 -2.55092e-06 | 20  0.00757 -7.88433e-07 | 21  0.02593 -2.01517e-06
 22 -0.01440 -2.36886e-07 | 23 -0.00671 -1.21179e-06 | 24  0.04941 -2.80998e-06
 25  0.03793 -2.47128e-06 | 26  0.00196 -7.04896e-07 | 27  0.05880 -1.85200e-06
 28  0.03974 -4.73307e-07 | 29 -0.02083  4.09488e-07 | 30  0.03533  2.45811e-07
 31 -0.00161  6.03828e-07 | 32 -0.01219  7.86172e-07 | 33  0.00042  8.36663e-07
 34 -0.02802  8.32756e-07 | 35 -0.00054  8.41266e-07 | 36  0.02939  8.31944e-07
 37  0.00402  8.02346e-07 | 38  0.00091  7.88348e-07 | 39 -0.00019  7.79746e-07
 40 -0.00125  7.85987e-07 | 41 -0.00212  7.84241e-07 | 42 -0.00232  7.77911e-07
 43 -0.00237  7.88054e-07 | 44  0.50694  9.88129e-10 |

 - final statistics:
57 variables; iteration 0; function evaluation 0
Function value 8.6121e+00; maximum gradient component mag -1.0083e-05
Exit code = 0;  converg criter 1.0000e+01
Var    Value     Gradient |Var    Value     Gradient |Var    Value     Gradient
  1  0.01564 -1.00834e-05 |  2 -0.01731 -1.66097e-07 |  3 -0.00053  1.32067e-08
  4 -0.00226 -1.54200e-09 |  5 -0.00964  5.47441e-09 |  6 -0.01240  5.31129e-09
  7 -0.01747  6.19764e-09 |  8 -0.00386 -1.38356e-09 |  9  0.01300 -1.12976e-08
 10  0.02228 -5.19727e-09 | 11  0.01643 -2.03671e-08 | 12 -0.03717  7.03262e-07
 13 -0.03701  6.99224e-07 | 14 -0.01434  7.20681e-07 | 15 -0.02896  7.51285e-07
 16 -0.03895  7.43865e-07 | 17 -0.02100  7.15022e-07 | 18 -0.07702  7.53478e-07
 19  0.04778  3.99062e-07 | 20 -0.05173  6.80323e-07 | 21 -0.08022  6.71525e-07
 22 -0.05601  5.11227e-07 | 23  0.07367 -1.22934e-07 | 24  0.00802 -1.13368e-07
 25  0.03459 -8.51123e-07 | 26  0.00683 -6.76840e-07 | 27  0.01991 -1.35363e-06
 28  0.05262 -2.55090e-06 | 29  0.00757 -7.88427e-07 | 30  0.02593 -2.01515e-06
 31 -0.01440 -2.36884e-07 | 32 -0.00671 -1.21177e-06 | 33  0.04941 -2.80995e-06
 34  0.03793 -2.47125e-06 | 35  0.00196 -7.04887e-07 | 36  0.05880 -1.85199e-06
 37  0.03974 -4.73304e-07 | 38 -0.02083  4.09484e-07 | 39  0.03533  2.45807e-07
 40 -0.00161  6.03821e-07 | 41 -0.01219  7.86165e-07 | 42  0.00042  8.36656e-07
 43 -0.02802  8.32749e-07 | 44 -0.00054  8.41259e-07 | 45  0.02939  8.31937e-07
 46  0.00402  8.02339e-07 | 47  0.00091  7.88341e-07 | 48 -0.00019  7.79739e-07
 49 -0.00125  7.85980e-07 | 50 -0.00212  7.84234e-07 | 51 -0.00232  7.77905e-07
 52 -0.00237  7.88048e-07 | 53  0.50694  9.88008e-10 | 54 -0.01782  5.07680e-08
 55  0.17819 -8.87062e-09 | 56  0.11076 -1.39383e-07 | 57 -0.26531  6.38358e-09

 - final statistics:
57 variables; iteration 0; function evaluation 0
Function value 8.6121e+00; maximum gradient component mag -1.0083e-05
Exit code = 0;  converg criter 1.0000e+00
Var    Value     Gradient |Var    Value     Gradient |Var    Value     Gradient
  1  0.01564 -1.00835e-05 |  2 -0.01731 -1.66096e-07 |  3 -0.00053  1.32067e-08
  4 -0.00226 -1.54199e-09 |  5 -0.00964  5.47441e-09 |  6 -0.01240  5.31131e-09
  7 -0.01747  6.19765e-09 |  8 -0.00386 -1.38354e-09 |  9  0.01300 -1.12976e-08
 10  0.02228 -5.19722e-09 | 11  0.01643 -2.03670e-08 | 12 -0.03717  7.03264e-07
 13 -0.03701  6.99227e-07 | 14 -0.01434  7.20684e-07 | 15 -0.02896  7.51288e-07
 16 -0.03895  7.43868e-07 | 17 -0.02100  7.15025e-07 | 18 -0.07702  7.53480e-07
 19  0.04778  3.99065e-07 | 20 -0.05173  6.80325e-07 | 21 -0.08022  6.71527e-07
 22 -0.05601  5.11229e-07 | 23  0.07367 -1.22933e-07 | 24  0.00802 -1.13366e-07
 25  0.03459 -8.51123e-07 | 26  0.00683 -6.76841e-07 | 27  0.01991 -1.35364e-06
 28  0.05262 -2.55090e-06 | 29  0.00757 -7.88428e-07 | 30  0.02593 -2.01516e-06
 31 -0.01440 -2.36885e-07 | 32 -0.00671 -1.21178e-06 | 33  0.04941 -2.80996e-06
 34  0.03793 -2.47126e-06 | 35  0.00196 -7.04892e-07 | 36  0.05880 -1.85200e-06
 37  0.03974 -4.73307e-07 | 38 -0.02083  4.09484e-07 | 39  0.03533  2.45806e-07
 40 -0.00161  6.03822e-07 | 41 -0.01219  7.86167e-07 | 42  0.00042  8.36657e-07
 43 -0.02802  8.32751e-07 | 44 -0.00054  8.41262e-07 | 45  0.02939  8.31939e-07
 46  0.00402  8.02341e-07 | 47  0.00091  7.88343e-07 | 48 -0.00019  7.79742e-07
 49 -0.00125  7.85982e-07 | 50 -0.00212  7.84237e-07 | 51 -0.00232  7.77907e-07
 52 -0.00237  7.88050e-07 | 53  0.50694  9.87972e-10 | 54 -0.01782  5.07683e-08
 55  0.17819 -8.87058e-09 | 56  0.11076 -1.39383e-07 | 57 -0.26531  6.38359e-09

 - final statistics:
58 variables; iteration 0; function evaluation 0
Function value 8.6121e+00; maximum gradient component mag -1.0083e-05
Exit code = 0;  converg criter 1.0000e+00
Var    Value     Gradient |Var    Value     Gradient |Var    Value     Gradient
  1  0.01564 -1.00831e-05 |  2 -0.01731 -1.66095e-07 |  3 -0.00053  1.32067e-08
  4 -0.00226 -1.54197e-09 |  5 -0.00964  5.47443e-09 |  6 -0.01240  5.31133e-09
  7 -0.01747  6.19768e-09 |  8 -0.00386 -1.38349e-09 |  9  0.01300 -1.12975e-08
 10  0.02228 -5.19713e-09 | 11  0.01643 -2.03669e-08 | 12 -0.03717  7.03240e-07
 13 -0.03701  6.99203e-07 | 14 -0.01434  7.20660e-07 | 15 -0.02896  7.51264e-07
 16 -0.03895  7.43844e-07 | 17 -0.02100  7.15002e-07 | 18 -0.07702  7.53457e-07
 19  0.04778  3.99052e-07 | 20 -0.05173  6.80304e-07 | 21 -0.08022  6.71507e-07
 22 -0.05601  5.11212e-07 | 23  0.07367 -1.22929e-07 | 24  0.00802 -1.13361e-07
 25  0.03459 -8.51094e-07 | 26  0.00683 -6.76816e-07 | 27  0.01991 -1.35359e-06
 28  0.05262 -2.55082e-06 | 29  0.00757 -7.88401e-07 | 30  0.02593 -2.01509e-06
 31 -0.01440 -2.36874e-07 | 32 -0.00671 -1.21174e-06 | 33  0.04941 -2.80987e-06
 34  0.03793 -2.47119e-06 | 35  0.00196 -7.04869e-07 | 36  0.05880 -1.85195e-06
 37  0.03974 -4.73299e-07 | 38 -0.02083  4.09470e-07 | 39  0.03533  2.45795e-07
 40 -0.00161  6.03802e-07 | 41 -0.01219  7.86142e-07 | 42  0.00042  8.36631e-07
 43 -0.02802  8.32725e-07 | 44 -0.00054  8.41236e-07 | 45  0.02939  8.31914e-07
 46  0.00402  8.02317e-07 | 47  0.00091  7.88318e-07 | 48 -0.00019  7.79717e-07
 49 -0.00125  7.85958e-07 | 50 -0.00212  7.84212e-07 | 51 -0.00232  7.77882e-07
 52 -0.00237  7.88025e-07 | 53  0.50694  9.87894e-10 | 54 -0.01782  5.07681e-08
 55  0.17819 -8.87051e-09 | 56  0.18290 -2.24586e-08 | 57  0.11076 -1.39384e-07
 58 -0.26531  6.38384e-09 |

 - final statistics:
59 variables; iteration 0; function evaluation 0
Function value 8.6121e+00; maximum gradient component mag -1.0083e-05
Exit code = 0;  converg criter 1.0000e+00
Var    Value     Gradient |Var    Value     Gradient |Var    Value     Gradient
  1  0.01564 -1.00831e-05 |  2 -0.01731 -1.66095e-07 |  3 -0.00053  1.32067e-08
  4 -0.00226 -1.54197e-09 |  5 -0.00964  5.47442e-09 |  6 -0.01240  5.31133e-09
  7 -0.01747  6.19768e-09 |  8 -0.00386 -1.38349e-09 |  9  0.01300 -1.12975e-08
 10  0.02228 -5.19713e-09 | 11  0.01643 -2.03669e-08 | 12 -0.03717  7.03240e-07
 13 -0.03701  6.99203e-07 | 14 -0.01434  7.20660e-07 | 15 -0.02896  7.51264e-07
 16 -0.03895  7.43844e-07 | 17 -0.02100  7.15002e-07 | 18 -0.07702  7.53457e-07
 19  0.04778  3.99052e-07 | 20 -0.05173  6.80304e-07 | 21 -0.08022  6.71507e-07
 22 -0.05601  5.11212e-07 | 23  0.07367 -1.22929e-07 | 24  0.00802 -1.13361e-07
 25  0.03459 -8.51094e-07 | 26  0.00683 -6.76816e-07 | 27  0.01991 -1.35359e-06
 28  0.05262 -2.55082e-06 | 29  0.00757 -7.88401e-07 | 30  0.02593 -2.01509e-06
 31 -0.01440 -2.36874e-07 | 32 -0.00671 -1.21174e-06 | 33  0.04941 -2.80987e-06
 34  0.03793 -2.47119e-06 | 35  0.00196 -7.04869e-07 | 36  0.05880 -1.85195e-06
 37  0.03974 -4.73299e-07 | 38 -0.02083  4.09470e-07 | 39  0.03533  2.45795e-07
 40 -0.00161  6.03802e-07 | 41 -0.01219  7.86142e-07 | 42  0.00042  8.36631e-07
 43 -0.02802  8.32725e-07 | 44 -0.00054  8.41236e-07 | 45  0.02939  8.31914e-07
 46  0.00402  8.02317e-07 | 47  0.00091  7.88318e-07 | 48 -0.00019  7.79717e-07
 49 -0.00125  7.85958e-07 | 50 -0.00212  7.84212e-07 | 51 -0.00232  7.77882e-07
 52 -0.00237  7.88025e-07 | 53  0.50694  9.87897e-10 | 54 -0.01782  5.07681e-08
 55  0.17819 -8.87051e-09 | 56  0.18290 -2.24586e-08 | 57 -0.25485 -4.79990e-10
 58  0.11076 -1.39384e-07 | 59 -0.26531  6.38384e-09 |

Initial statistics: 60 variables; iteration 0; function evaluation 0; phase 6
Function value 8.6121345e+00; maximum gradient component mag -1.0083e-05
Var    Value     Gradient |Var    Value     Gradient |Var    Value     Gradient
  1  0.01564 -1.00831e-05 |  2 -0.01731 -1.66095e-07 |  3 -0.00053  1.32067e-08
  4 -0.00226 -1.54197e-09 |  5 -0.00964  5.47442e-09 |  6 -0.01240  5.31133e-09
  7 -0.01747  6.19768e-09 |  8 -0.00386 -1.38349e-09 |  9  0.01300 -1.12975e-08
 10  0.02228 -5.19713e-09 | 11  0.01643 -2.03669e-08 | 12 -0.03717  7.03240e-07
 13 -0.03701  6.99203e-07 | 14 -0.01434  7.20660e-07 | 15 -0.02896  7.51264e-07
 16 -0.03895  7.43844e-07 | 17 -0.02100  7.15002e-07 | 18 -0.07702  7.53457e-07
 19  0.04778  3.99052e-07 | 20 -0.05173  6.80304e-07 | 21 -0.08022  6.71507e-07
 22 -0.05601  5.11212e-07 | 23  0.07367 -1.22929e-07 | 24  0.00802 -1.13361e-07
 25  0.03459 -8.51094e-07 | 26  0.00683 -6.76816e-07 | 27  0.01991 -1.35359e-06
 28  0.05262 -2.55082e-06 | 29  0.00757 -7.88401e-07 | 30  0.02593 -2.01509e-06
 31 -0.01440 -2.36874e-07 | 32 -0.00671 -1.21174e-06 | 33  0.04941 -2.80987e-06
 34  0.03793 -2.47119e-06 | 35  0.00196 -7.04869e-07 | 36  0.05880 -1.85195e-06
 37  0.03974 -4.73299e-07 | 38 -0.02083  4.09470e-07 | 39  0.03533  2.45795e-07
 40 -0.00161  6.03802e-07 | 41 -0.01219  7.86142e-07 | 42  0.00042  8.36631e-07
 43 -0.02802  8.32725e-07 | 44 -0.00054  8.41236e-07 | 45  0.02939  8.31914e-07
 46  0.00402  8.02317e-07 | 47  0.00091  7.88318e-07 | 48 -0.00019  7.79717e-07
 49 -0.00125  7.85958e-07 | 50 -0.00212  7.84212e-07 | 51 -0.00232  7.77882e-07
 52 -0.00237  7.88025e-07 | 53  0.50694  9.87897e-10 | 54 -0.01782  5.07681e-08
 55  0.17819 -8.87051e-09 | 56  0.18290 -2.24586e-08 | 57 -0.25485 -4.79990e-10
 58 -0.05971  5.38494e-09 | 59  0.11076 -1.39384e-07 | 60 -0.26531  6.38384e-09
  ic > imax  in fminim is answer attained ?
Var    Value     Gradient |Var    Value     Gradient |Var    Value     Gradient
  1  0.01564 -1.00831e-05 |  2 -0.01731 -1.66095e-07 |  3 -0.00053  1.32067e-08
  4 -0.00226 -1.54197e-09 |  5 -0.00964  5.47442e-09 |  6 -0.01240  5.31133e-09
  7 -0.01747  6.19768e-09 |  8 -0.00386 -1.38349e-09 |  9  0.01300 -1.12975e-08
 10  0.02228 -5.19713e-09 | 11  0.01643 -2.03669e-08 | 12 -0.03717  7.03240e-07
 13 -0.03701  6.99203e-07 | 14 -0.01434  7.20660e-07 | 15 -0.02896  7.51264e-07
 16 -0.03895  7.43844e-07 | 17 -0.02100  7.15002e-07 | 18 -0.07702  7.53457e-07
 19  0.04778  3.99052e-07 | 20 -0.05173  6.80304e-07 | 21 -0.08022  6.71507e-07
 22 -0.05601  5.11212e-07 | 23  0.07367 -1.22929e-07 | 24  0.00802 -1.13361e-07
 25  0.03459 -8.51094e-07 | 26  0.00683 -6.76816e-07 | 27  0.01991 -1.35359e-06
 28  0.05262 -2.55082e-06 | 29  0.00757 -7.88401e-07 | 30  0.02593 -2.01509e-06
 31 -0.01440 -2.36874e-07 | 32 -0.00671 -1.21174e-06 | 33  0.04941 -2.80987e-06
 34  0.03793 -2.47119e-06 | 35  0.00196 -7.04869e-07 | 36  0.05880 -1.85195e-06
 37  0.03974 -4.73299e-07 | 38 -0.02083  4.09470e-07 | 39  0.03533  2.45795e-07
 40 -0.00161  6.03802e-07 | 41 -0.01219  7.86142e-07 | 42  0.00042  8.36631e-07
 43 -0.02802  8.32725e-07 | 44 -0.00054  8.41236e-07 | 45  0.02939  8.31914e-07
 46  0.00402  8.02317e-07 | 47  0.00091  7.88318e-07 | 48 -0.00019  7.79717e-07
 49 -0.00125  7.85958e-07 | 50 -0.00212  7.84212e-07 | 51 -0.00232  7.77882e-07
 52 -0.00237  7.88025e-07 | 53  0.50694  9.87897e-10 | 54 -0.01782  5.07681e-08
 55  0.17819 -8.87051e-09 | 56  0.18290 -2.24586e-08 | 57 -0.25485 -4.79990e-10
 58 -0.05971  5.38494e-09 | 59  0.11076 -1.39384e-07 | 60 -0.26531  6.38384e-09
Function minimizer not making progress ... is minimum attained?
Minimprove criterion = 0.0000e+00

 - final statistics:
60 variables; iteration 1; function evaluation 30
Function value 8.6121e+00; maximum gradient component mag -1.0083e-05
Exit code = 1;  converg criter 1.0000e-05
Var    Value     Gradient |Var    Value     Gradient |Var    Value     Gradient
  1  0.01564 -1.00831e-05 |  2 -0.01731 -1.66095e-07 |  3 -0.00053  1.32067e-08
  4 -0.00226 -1.54197e-09 |  5 -0.00964  5.47442e-09 |  6 -0.01240  5.31133e-09
  7 -0.01747  6.19768e-09 |  8 -0.00386 -1.38349e-09 |  9  0.01300 -1.12975e-08
 10  0.02228 -5.19713e-09 | 11  0.01643 -2.03669e-08 | 12 -0.03717  7.03240e-07
 13 -0.03701  6.99203e-07 | 14 -0.01434  7.20660e-07 | 15 -0.02896  7.51264e-07
 16 -0.03895  7.43844e-07 | 17 -0.02100  7.15002e-07 | 18 -0.07702  7.53457e-07
 19  0.04778  3.99052e-07 | 20 -0.05173  6.80304e-07 | 21 -0.08022  6.71507e-07
 22 -0.05601  5.11212e-07 | 23  0.07367 -1.22929e-07 | 24  0.00802 -1.13361e-07
 25  0.03459 -8.51094e-07 | 26  0.00683 -6.76816e-07 | 27  0.01991 -1.35359e-06
 28  0.05262 -2.55082e-06 | 29  0.00757 -7.88401e-07 | 30  0.02593 -2.01509e-06
 31 -0.01440 -2.36874e-07 | 32 -0.00671 -1.21174e-06 | 33  0.04941 -2.80987e-06
 34  0.03793 -2.47119e-06 | 35  0.00196 -7.04869e-07 | 36  0.05880 -1.85195e-06
 37  0.03974 -4.73299e-07 | 38 -0.02083  4.09470e-07 | 39  0.03533  2.45795e-07
 40 -0.00161  6.03802e-07 | 41 -0.01219  7.86142e-07 | 42  0.00042  8.36631e-07
 43 -0.02802  8.32725e-07 | 44 -0.00054  8.41236e-07 | 45  0.02939  8.31914e-07
 46  0.00402  8.02317e-07 | 47  0.00091  7.88318e-07 | 48 -0.00019  7.79717e-07
 49 -0.00125  7.85958e-07 | 50 -0.00212  7.84212e-07 | 51 -0.00232  7.77882e-07
 52 -0.00237  7.88025e-07 | 53  0.50694  9.87897e-10 | 54 -0.01782  5.07681e-08
 55  0.17819 -8.87051e-09 | 56  0.18290 -2.24586e-08 | 57 -0.25485 -4.79990e-10
 58 -0.05971  5.38494e-09 | 59  0.11076 -1.39384e-07 | 60 -0.26531  6.38384e-09

Initial statistics: 62 variables; iteration 0; function evaluation 0; phase 7
Function value 8.6121345e+00; maximum gradient component mag -1.0079e-05
Var    Value     Gradient |Var    Value     Gradient |Var    Value     Gradient
  1  0.01564 -1.00785e-05 |  2 -0.01731 -1.66049e-07 |  3 -0.00053  1.32067e-08
  4 -0.00226 -1.54171e-09 |  5 -0.00964  5.47446e-09 |  6 -0.01240  5.31151e-09
  7 -0.01747  6.19779e-09 |  8 -0.00386 -1.38275e-09 |  9  0.01300 -1.12962e-08
 10  0.02228 -5.19441e-09 | 11  0.01643 -2.03619e-08 | 12 -0.03717  7.02901e-07
 13 -0.03701  6.98867e-07 | 14 -0.01434  7.20328e-07 | 15 -0.02896  7.50926e-07
 16 -0.03895  7.43504e-07 | 17 -0.02100  7.14676e-07 | 18 -0.07702  7.53129e-07
 19  0.04778  3.98885e-07 | 20 -0.05173  6.80011e-07 | 21 -0.08022  6.71211e-07
 22 -0.05601  5.10974e-07 | 23  0.07367 -1.22842e-07 | 24  0.00802 -1.13268e-07
 25  0.03459 -8.50661e-07 | 26  0.00683 -6.76458e-07 | 27  0.01991 -1.35291e-06
 28  0.05262 -2.54960e-06 | 29  0.00757 -7.88017e-07 | 30  0.02593 -2.01413e-06
 31 -0.01440 -2.36771e-07 | 32 -0.00671 -1.21119e-06 | 33  0.04941 -2.80851e-06
 34  0.03793 -2.47016e-06 | 35  0.00196 -7.04520e-07 | 36  0.05880 -1.85123e-06
 37  0.03974 -4.73161e-07 | 38 -0.02083  4.09257e-07 | 39  0.03533  2.45604e-07
 40 -0.00161  6.03494e-07 | 41 -0.01219  7.85780e-07 | 42  0.00042  8.36249e-07
 43 -0.02802  8.32348e-07 | 44 -0.00054  8.40860e-07 | 45  0.02939  8.31543e-07
 46  0.00402  8.01955e-07 | 47  0.00091  7.87958e-07 | 48 -0.00019  7.79357e-07
 49 -0.00125  7.85598e-07 | 50 -0.00212  7.83852e-07 | 51 -0.00232  7.77523e-07
 52 -0.00237  7.87666e-07 | 53  0.00000  0.00000e+00 | 54  0.00000  0.00000e+00
 55  0.50694  9.86250e-10 | 56 -0.01782  5.07642e-08 | 57  0.17819 -8.86927e-09
 58  0.18290 -2.24560e-08 | 59 -0.25485 -4.79931e-10 | 60 -0.05971  5.38767e-09
 61  0.11076 -1.39377e-07 | 62 -0.26531  6.38442e-09 |
  ic > imax  in fminim is answer attained ?
Var    Value     Gradient |Var    Value     Gradient |Var    Value     Gradient
  1  0.01564 -1.00785e-05 |  2 -0.01731 -1.66049e-07 |  3 -0.00053  1.32067e-08
  4 -0.00226 -1.54171e-09 |  5 -0.00964  5.47446e-09 |  6 -0.01240  5.31151e-09
  7 -0.01747  6.19779e-09 |  8 -0.00386 -1.38275e-09 |  9  0.01300 -1.12962e-08
 10  0.02228 -5.19441e-09 | 11  0.01643 -2.03619e-08 | 12 -0.03717  7.02901e-07
 13 -0.03701  6.98867e-07 | 14 -0.01434  7.20328e-07 | 15 -0.02896  7.50926e-07
 16 -0.03895  7.43504e-07 | 17 -0.02100  7.14676e-07 | 18 -0.07702  7.53129e-07
 19  0.04778  3.98885e-07 | 20 -0.05173  6.80011e-07 | 21 -0.08022  6.71211e-07
 22 -0.05601  5.10974e-07 | 23  0.07367 -1.22842e-07 | 24  0.00802 -1.13268e-07
 25  0.03459 -8.50661e-07 | 26  0.00683 -6.76458e-07 | 27  0.01991 -1.35291e-06
 28  0.05262 -2.54960e-06 | 29  0.00757 -7.88017e-07 | 30  0.02593 -2.01413e-06
 31 -0.01440 -2.36771e-07 | 32 -0.00671 -1.21119e-06 | 33  0.04941 -2.80851e-06
 34  0.03793 -2.47016e-06 | 35  0.00196 -7.04520e-07 | 36  0.05880 -1.85123e-06
 37  0.03974 -4.73161e-07 | 38 -0.02083  4.09257e-07 | 39  0.03533  2.45604e-07
 40 -0.00161  6.03494e-07 | 41 -0.01219  7.85780e-07 | 42  0.00042  8.36249e-07
 43 -0.02802  8.32348e-07 | 44 -0.00054  8.40860e-07 | 45  0.02939  8.31543e-07
 46  0.00402  8.01955e-07 | 47  0.00091  7.87958e-07 | 48 -0.00019  7.79357e-07
 49 -0.00125  7.85598e-07 | 50 -0.00212  7.83852e-07 | 51 -0.00232  7.77523e-07
 52 -0.00237  7.87666e-07 | 53  0.00000  0.00000e+00 | 54  0.00000  0.00000e+00
 55  0.50694  9.86250e-10 | 56 -0.01782  5.07642e-08 | 57  0.17819 -8.86927e-09
 58  0.18290 -2.24560e-08 | 59 -0.25485 -4.79931e-10 | 60 -0.05971  5.38767e-09
 61  0.11076 -1.39377e-07 | 62 -0.26531  6.38442e-09 |
Function minimizer not making progress ... is minimum attained?
Minimprove criterion = 0.0000e+00

 - final statistics:
62 variables; iteration 1; function evaluation 30
Function value 8.6121e+00; maximum gradient component mag -1.0079e-05
Exit code = 1;  converg criter 1.0000e-05
Var    Value     Gradient |Var    Value     Gradient |Var    Value     Gradient
  1  0.01564 -1.00785e-05 |  2 -0.01731 -1.66049e-07 |  3 -0.00053  1.32067e-08
  4 -0.00226 -1.54171e-09 |  5 -0.00964  5.47446e-09 |  6 -0.01240  5.31151e-09
  7 -0.01747  6.19779e-09 |  8 -0.00386 -1.38275e-09 |  9  0.01300 -1.12962e-08
 10  0.02228 -5.19441e-09 | 11  0.01643 -2.03619e-08 | 12 -0.03717  7.02901e-07
 13 -0.03701  6.98867e-07 | 14 -0.01434  7.20328e-07 | 15 -0.02896  7.50926e-07
 16 -0.03895  7.43504e-07 | 17 -0.02100  7.14676e-07 | 18 -0.07702  7.53129e-07
 19  0.04778  3.98885e-07 | 20 -0.05173  6.80011e-07 | 21 -0.08022  6.71211e-07
 22 -0.05601  5.10974e-07 | 23  0.07367 -1.22842e-07 | 24  0.00802 -1.13268e-07
 25  0.03459 -8.50661e-07 | 26  0.00683 -6.76458e-07 | 27  0.01991 -1.35291e-06
 28  0.05262 -2.54960e-06 | 29  0.00757 -7.88017e-07 | 30  0.02593 -2.01413e-06
 31 -0.01440 -2.36771e-07 | 32 -0.00671 -1.21119e-06 | 33  0.04941 -2.80851e-06
 34  0.03793 -2.47016e-06 | 35  0.00196 -7.04520e-07 | 36  0.05880 -1.85123e-06
 37  0.03974 -4.73161e-07 | 38 -0.02083  4.09257e-07 | 39  0.03533  2.45604e-07
 40 -0.00161  6.03494e-07 | 41 -0.01219  7.85780e-07 | 42  0.00042  8.36249e-07
 43 -0.02802  8.32348e-07 | 44 -0.00054  8.40860e-07 | 45  0.02939  8.31543e-07
 46  0.00402  8.01955e-07 | 47  0.00091  7.87958e-07 | 48 -0.00019  7.79357e-07
 49 -0.00125  7.85598e-07 | 50 -0.00212  7.83852e-07 | 51 -0.00232  7.77523e-07
 52 -0.00237  7.87666e-07 | 53  0.00000  0.00000e+00 | 54  0.00000  0.00000e+00
 55  0.50694  9.86250e-10 | 56 -0.01782  5.07642e-08 | 57  0.17819 -8.86927e-09
 58  0.18290 -2.24560e-08 | 59 -0.25485 -4.79931e-10 | 60 -0.05971  5.38767e-09
 61  0.11076 -1.39377e-07 | 62 -0.26531  6.38442e-09 |
size of file gradfil1.tmp = 0
size of file gradfil2.tmp = 0
size of file varssave.tmp = 0
size of file cmpdiff.tmp = 200000008
