
 - final statistics:
44 variables; iteration 0; function evaluation 0
Function value 8.6121e+00; maximum gradient component mag -1.0081e-05
Exit code = 0;  converg criter 1.0000e+01
Var    Value     Gradient |Var    Value     Gradient |Var    Value     Gradient
  1  0.01564 -1.00812e-05 |  2 -0.01731 -1.66072e-07 |  3 -0.03717  7.03100e-07
  4 -0.03701  6.99065e-07 |  5 -0.01434  7.20527e-07 |  6 -0.02896  7.51129e-07
  7 -0.03895  7.43707e-07 |  8 -0.02100  7.14872e-07 |  9 -0.07702  7.53322e-07
 10  0.04778  3.98992e-07 | 11 -0.05173  6.80184e-07 | 12 -0.08022  6.71384e-07
 13 -0.05601  5.11115e-07 | 14  0.07367 -1.22885e-07 | 15  0.00802 -1.13321e-07
 16  0.03459 -8.50916e-07 | 17  0.00683 -6.76672e-07 | 18  0.01991 -1.35331e-06
 19  0.05262 -2.55032e-06 | 20  0.00757 -7.88244e-07 | 21  0.02593 -2.01469e-06
 22 -0.01440 -2.36832e-07 | 23 -0.00671 -1.21151e-06 | 24  0.04941 -2.80929e-06
 25  0.03793 -2.47076e-06 | 26  0.00196 -7.04715e-07 | 27  0.05880 -1.85163e-06
 28  0.03974 -4.73239e-07 | 29 -0.02083  4.09378e-07 | 30  0.03533  2.45703e-07
 31 -0.00161  6.03661e-07 | 32 -0.01219  7.85977e-07 | 33  0.00042  8.36457e-07
 34 -0.02802  8.32561e-07 | 35 -0.00054  8.41074e-07 | 36  0.02939  8.31756e-07
 37  0.00402  8.02164e-07 | 38  0.00091  7.88167e-07 | 39 -0.00019  7.79566e-07
 40 -0.00125  7.85807e-07 | 41 -0.00212  7.84061e-07 | 42 -0.00232  7.77732e-07
 43 -0.00237  7.87875e-07 | 44  0.50694  9.86982e-10 |

 - final statistics:
57 variables; iteration 0; function evaluation 0
Function value 8.6121e+00; maximum gradient component mag -1.0081e-05
Exit code = 0;  converg criter 1.0000e+01
Var    Value     Gradient |Var    Value     Gradient |Var    Value     Gradient
  1  0.01564 -1.00812e-05 |  2 -0.01731 -1.66072e-07 |  3 -0.00053  1.32068e-08
  4 -0.00226 -1.54177e-09 |  5 -0.00964  5.47455e-09 |  6 -0.01240  5.31154e-09
  7 -0.01747  6.19789e-09 |  8 -0.00386 -1.38298e-09 |  9  0.01300 -1.12967e-08
 10  0.02228 -5.19575e-09 | 11  0.01643 -2.03645e-08 | 12 -0.03717  7.03102e-07
 13 -0.03701  6.99067e-07 | 14 -0.01434  7.20529e-07 | 15 -0.02896  7.51130e-07
 16 -0.03895  7.43709e-07 | 17 -0.02100  7.14874e-07 | 18 -0.07702  7.53324e-07
 19  0.04778  3.98992e-07 | 20 -0.05173  6.80185e-07 | 21 -0.08022  6.71386e-07
 22 -0.05601  5.11116e-07 | 23  0.07367 -1.22887e-07 | 24  0.00802 -1.13322e-07
 25  0.03459 -8.50920e-07 | 26  0.00683 -6.76675e-07 | 27  0.01991 -1.35332e-06
 28  0.05262 -2.55033e-06 | 29  0.00757 -7.88248e-07 | 30  0.02593 -2.01470e-06
 31 -0.01440 -2.36833e-07 | 32 -0.00671 -1.21151e-06 | 33  0.04941 -2.80930e-06
 34  0.03793 -2.47076e-06 | 35  0.00196 -7.04716e-07 | 36  0.05880 -1.85163e-06
 37  0.03974 -4.73237e-07 | 38 -0.02083  4.09381e-07 | 39  0.03533  2.45707e-07
 40 -0.00161  6.03664e-07 | 41 -0.01219  7.85980e-07 | 42  0.00042  8.36460e-07
 43 -0.02802  8.32564e-07 | 44 -0.00054  8.41077e-07 | 45  0.02939  8.31759e-07
 46  0.00402  8.02167e-07 | 47  0.00091  7.88170e-07 | 48 -0.00019  7.79568e-07
 49 -0.00125  7.85809e-07 | 50 -0.00212  7.84064e-07 | 51 -0.00232  7.77734e-07
 52 -0.00237  7.87877e-07 | 53  0.50694  9.86918e-10 | 54 -0.01782  5.07665e-08
 55  0.17819 -8.87019e-09 | 56  0.11076 -1.39376e-07 | 57 -0.26531  6.38336e-09

 - final statistics:
57 variables; iteration 0; function evaluation 0
Function value 8.6121e+00; maximum gradient component mag -1.0081e-05
Exit code = 0;  converg criter 1.0000e+00
Var    Value     Gradient |Var    Value     Gradient |Var    Value     Gradient
  1  0.01564 -1.00812e-05 |  2 -0.01731 -1.66073e-07 |  3 -0.00053  1.32068e-08
  4 -0.00226 -1.54177e-09 |  5 -0.00964  5.47455e-09 |  6 -0.01240  5.31153e-09
  7 -0.01747  6.19788e-09 |  8 -0.00386 -1.38299e-09 |  9  0.01300 -1.12967e-08
 10  0.02228 -5.19577e-09 | 11  0.01643 -2.03645e-08 | 12 -0.03717  7.03101e-07
 13 -0.03701  6.99067e-07 | 14 -0.01434  7.20528e-07 | 15 -0.02896  7.51130e-07
 16 -0.03895  7.43709e-07 | 17 -0.02100  7.14873e-07 | 18 -0.07702  7.53324e-07
 19  0.04778  3.98991e-07 | 20 -0.05173  6.80185e-07 | 21 -0.08022  6.71385e-07
 22 -0.05601  5.11115e-07 | 23  0.07367 -1.22888e-07 | 24  0.00802 -1.13323e-07
 25  0.03459 -8.50921e-07 | 26  0.00683 -6.76677e-07 | 27  0.01991 -1.35332e-06
 28  0.05262 -2.55033e-06 | 29  0.00757 -7.88248e-07 | 30  0.02593 -2.01470e-06
 31 -0.01440 -2.36833e-07 | 32 -0.00671 -1.21151e-06 | 33  0.04941 -2.80930e-06
 34  0.03793 -2.47076e-06 | 35  0.00196 -7.04714e-07 | 36  0.05880 -1.85163e-06
 37  0.03974 -4.73235e-07 | 38 -0.02083  4.09382e-07 | 39  0.03533  2.45708e-07
 40 -0.00161  6.03665e-07 | 41 -0.01219  7.85981e-07 | 42  0.00042  8.36460e-07
 43 -0.02802  8.32564e-07 | 44 -0.00054  8.41076e-07 | 45  0.02939  8.31758e-07
 46  0.00402  8.02166e-07 | 47  0.00091  7.88169e-07 | 48 -0.00019  7.79568e-07
 49 -0.00125  7.85809e-07 | 50 -0.00212  7.84063e-07 | 51 -0.00232  7.77734e-07
 52 -0.00237  7.87877e-07 | 53  0.50694  9.86937e-10 | 54 -0.01782  5.07661e-08
 55  0.17819 -8.87022e-09 | 56  0.11076 -1.39377e-07 | 57 -0.26531  6.38344e-09

 - final statistics:
58 variables; iteration 0; function evaluation 0
Function value 8.6121e+00; maximum gradient component mag -1.0081e-05
Exit code = 0;  converg criter 1.0000e+00
Var    Value     Gradient |Var    Value     Gradient |Var    Value     Gradient
  1  0.01564 -1.00813e-05 |  2 -0.01731 -1.66072e-07 |  3 -0.00053  1.32068e-08
  4 -0.00226 -1.54179e-09 |  5 -0.00964  5.47453e-09 |  6 -0.01240  5.31152e-09
  7 -0.01747  6.19785e-09 |  8 -0.00386 -1.38301e-09 |  9  0.01300 -1.12967e-08
 10  0.02228 -5.19578e-09 | 11  0.01643 -2.03645e-08 | 12 -0.03717  7.03109e-07
 13 -0.03701  6.99075e-07 | 14 -0.01434  7.20536e-07 | 15 -0.02896  7.51138e-07
 16 -0.03895  7.43717e-07 | 17 -0.02100  7.14881e-07 | 18 -0.07702  7.53331e-07
 19  0.04778  3.98996e-07 | 20 -0.05173  6.80192e-07 | 21 -0.08022  6.71392e-07
 22 -0.05601  5.11121e-07 | 23  0.07367 -1.22886e-07 | 24  0.00802 -1.13323e-07
 25  0.03459 -8.50928e-07 | 26  0.00683 -6.76682e-07 | 27  0.01991 -1.35333e-06
 28  0.05262 -2.55035e-06 | 29  0.00757 -7.88255e-07 | 30  0.02593 -2.01472e-06
 31 -0.01440 -2.36835e-07 | 32 -0.00671 -1.21152e-06 | 33  0.04941 -2.80933e-06
 34  0.03793 -2.47079e-06 | 35  0.00196 -7.04726e-07 | 36  0.05880 -1.85165e-06
 37  0.03974 -4.73242e-07 | 38 -0.02083  4.09385e-07 | 39  0.03533  2.45711e-07
 40 -0.00161  6.03671e-07 | 41 -0.01219  7.85989e-07 | 42  0.00042  8.36469e-07
 43 -0.02802  8.32572e-07 | 44 -0.00054  8.41085e-07 | 45  0.02939  8.31767e-07
 46  0.00402  8.02174e-07 | 47  0.00091  7.88177e-07 | 48 -0.00019  7.79576e-07
 49 -0.00125  7.85817e-07 | 50 -0.00212  7.84071e-07 | 51 -0.00232  7.77742e-07
 52 -0.00237  7.87885e-07 | 53  0.50694  9.86959e-10 | 54 -0.01782  5.07667e-08
 55  0.17819 -8.87017e-09 | 56  0.18290 -2.24578e-08 | 57  0.11076 -1.39377e-07
 58 -0.26531  6.38357e-09 |

 - final statistics:
59 variables; iteration 0; function evaluation 0
Function value 8.6121e+00; maximum gradient component mag -1.0081e-05
Exit code = 0;  converg criter 1.0000e+00
Var    Value     Gradient |Var    Value     Gradient |Var    Value     Gradient
  1  0.01564 -1.00813e-05 |  2 -0.01731 -1.66072e-07 |  3 -0.00053  1.32068e-08
  4 -0.00226 -1.54179e-09 |  5 -0.00964  5.47453e-09 |  6 -0.01240  5.31152e-09
  7 -0.01747  6.19785e-09 |  8 -0.00386 -1.38301e-09 |  9  0.01300 -1.12967e-08
 10  0.02228 -5.19578e-09 | 11  0.01643 -2.03645e-08 | 12 -0.03717  7.03109e-07
 13 -0.03701  6.99075e-07 | 14 -0.01434  7.20536e-07 | 15 -0.02896  7.51138e-07
 16 -0.03895  7.43717e-07 | 17 -0.02100  7.14881e-07 | 18 -0.07702  7.53331e-07
 19  0.04778  3.98996e-07 | 20 -0.05173  6.80192e-07 | 21 -0.08022  6.71392e-07
 22 -0.05601  5.11121e-07 | 23  0.07367 -1.22886e-07 | 24  0.00802 -1.13323e-07
 25  0.03459 -8.50928e-07 | 26  0.00683 -6.76682e-07 | 27  0.01991 -1.35333e-06
 28  0.05262 -2.55035e-06 | 29  0.00757 -7.88255e-07 | 30  0.02593 -2.01472e-06
 31 -0.01440 -2.36835e-07 | 32 -0.00671 -1.21152e-06 | 33  0.04941 -2.80933e-06
 34  0.03793 -2.47079e-06 | 35  0.00196 -7.04726e-07 | 36  0.05880 -1.85165e-06
 37  0.03974 -4.73242e-07 | 38 -0.02083  4.09385e-07 | 39  0.03533  2.45711e-07
 40 -0.00161  6.03671e-07 | 41 -0.01219  7.85989e-07 | 42  0.00042  8.36469e-07
 43 -0.02802  8.32572e-07 | 44 -0.00054  8.41085e-07 | 45  0.02939  8.31767e-07
 46  0.00402  8.02174e-07 | 47  0.00091  7.88177e-07 | 48 -0.00019  7.79576e-07
 49 -0.00125  7.85817e-07 | 50 -0.00212  7.84071e-07 | 51 -0.00232  7.77742e-07
 52 -0.00237  7.87885e-07 | 53  0.50694  9.86964e-10 | 54 -0.01782  5.07667e-08
 55  0.17819 -8.87017e-09 | 56  0.18290 -2.24578e-08 | 57 -0.25485 -4.79973e-10
 58  0.11076 -1.39377e-07 | 59 -0.26531  6.38357e-09 |

Initial statistics: 60 variables; iteration 0; function evaluation 0; phase 6
Function value 8.6121345e+00; maximum gradient component mag -1.0081e-05
Var    Value     Gradient |Var    Value     Gradient |Var    Value     Gradient
  1  0.01564 -1.00813e-05 |  2 -0.01731 -1.66072e-07 |  3 -0.00053  1.32068e-08
  4 -0.00226 -1.54179e-09 |  5 -0.00964  5.47453e-09 |  6 -0.01240  5.31152e-09
  7 -0.01747  6.19785e-09 |  8 -0.00386 -1.38301e-09 |  9  0.01300 -1.12967e-08
 10  0.02228 -5.19578e-09 | 11  0.01643 -2.03645e-08 | 12 -0.03717  7.03109e-07
 13 -0.03701  6.99075e-07 | 14 -0.01434  7.20536e-07 | 15 -0.02896  7.51138e-07
 16 -0.03895  7.43717e-07 | 17 -0.02100  7.14881e-07 | 18 -0.07702  7.53331e-07
 19  0.04778  3.98996e-07 | 20 -0.05173  6.80192e-07 | 21 -0.08022  6.71392e-07
 22 -0.05601  5.11121e-07 | 23  0.07367 -1.22886e-07 | 24  0.00802 -1.13323e-07
 25  0.03459 -8.50928e-07 | 26  0.00683 -6.76682e-07 | 27  0.01991 -1.35333e-06
 28  0.05262 -2.55035e-06 | 29  0.00757 -7.88255e-07 | 30  0.02593 -2.01472e-06
 31 -0.01440 -2.36835e-07 | 32 -0.00671 -1.21152e-06 | 33  0.04941 -2.80933e-06
 34  0.03793 -2.47079e-06 | 35  0.00196 -7.04726e-07 | 36  0.05880 -1.85165e-06
 37  0.03974 -4.73242e-07 | 38 -0.02083  4.09385e-07 | 39  0.03533  2.45711e-07
 40 -0.00161  6.03671e-07 | 41 -0.01219  7.85989e-07 | 42  0.00042  8.36469e-07
 43 -0.02802  8.32572e-07 | 44 -0.00054  8.41085e-07 | 45  0.02939  8.31767e-07
 46  0.00402  8.02174e-07 | 47  0.00091  7.88177e-07 | 48 -0.00019  7.79576e-07
 49 -0.00125  7.85817e-07 | 50 -0.00212  7.84071e-07 | 51 -0.00232  7.77742e-07
 52 -0.00237  7.87885e-07 | 53  0.50694  9.86964e-10 | 54 -0.01782  5.07667e-08
 55  0.17819 -8.87017e-09 | 56  0.18290 -2.24578e-08 | 57 -0.25485 -4.79973e-10
 58 -0.05971  5.38583e-09 | 59  0.11076 -1.39377e-07 | 60 -0.26531  6.38357e-09
  ic > imax  in fminim is answer attained ?
Var    Value     Gradient |Var    Value     Gradient |Var    Value     Gradient
  1  0.01564 -1.00813e-05 |  2 -0.01731 -1.66072e-07 |  3 -0.00053  1.32068e-08
  4 -0.00226 -1.54179e-09 |  5 -0.00964  5.47453e-09 |  6 -0.01240  5.31152e-09
  7 -0.01747  6.19785e-09 |  8 -0.00386 -1.38301e-09 |  9  0.01300 -1.12967e-08
 10  0.02228 -5.19578e-09 | 11  0.01643 -2.03645e-08 | 12 -0.03717  7.03109e-07
 13 -0.03701  6.99075e-07 | 14 -0.01434  7.20536e-07 | 15 -0.02896  7.51138e-07
 16 -0.03895  7.43717e-07 | 17 -0.02100  7.14881e-07 | 18 -0.07702  7.53331e-07
 19  0.04778  3.98996e-07 | 20 -0.05173  6.80192e-07 | 21 -0.08022  6.71392e-07
 22 -0.05601  5.11121e-07 | 23  0.07367 -1.22886e-07 | 24  0.00802 -1.13323e-07
 25  0.03459 -8.50928e-07 | 26  0.00683 -6.76682e-07 | 27  0.01991 -1.35333e-06
 28  0.05262 -2.55035e-06 | 29  0.00757 -7.88255e-07 | 30  0.02593 -2.01472e-06
 31 -0.01440 -2.36835e-07 | 32 -0.00671 -1.21152e-06 | 33  0.04941 -2.80933e-06
 34  0.03793 -2.47079e-06 | 35  0.00196 -7.04726e-07 | 36  0.05880 -1.85165e-06
 37  0.03974 -4.73242e-07 | 38 -0.02083  4.09385e-07 | 39  0.03533  2.45711e-07
 40 -0.00161  6.03671e-07 | 41 -0.01219  7.85989e-07 | 42  0.00042  8.36469e-07
 43 -0.02802  8.32572e-07 | 44 -0.00054  8.41085e-07 | 45  0.02939  8.31767e-07
 46  0.00402  8.02174e-07 | 47  0.00091  7.88177e-07 | 48 -0.00019  7.79576e-07
 49 -0.00125  7.85817e-07 | 50 -0.00212  7.84071e-07 | 51 -0.00232  7.77742e-07
 52 -0.00237  7.87885e-07 | 53  0.50694  9.86964e-10 | 54 -0.01782  5.07667e-08
 55  0.17819 -8.87017e-09 | 56  0.18290 -2.24578e-08 | 57 -0.25485 -4.79973e-10
 58 -0.05971  5.38583e-09 | 59  0.11076 -1.39377e-07 | 60 -0.26531  6.38357e-09
Function minimizer not making progress ... is minimum attained?
Minimprove criterion = 0.0000e+00

 - final statistics:
60 variables; iteration 1; function evaluation 30
Function value 8.6121e+00; maximum gradient component mag -1.0081e-05
Exit code = 1;  converg criter 1.0000e-05
Var    Value     Gradient |Var    Value     Gradient |Var    Value     Gradient
  1  0.01564 -1.00813e-05 |  2 -0.01731 -1.66072e-07 |  3 -0.00053  1.32068e-08
  4 -0.00226 -1.54179e-09 |  5 -0.00964  5.47453e-09 |  6 -0.01240  5.31152e-09
  7 -0.01747  6.19785e-09 |  8 -0.00386 -1.38301e-09 |  9  0.01300 -1.12967e-08
 10  0.02228 -5.19578e-09 | 11  0.01643 -2.03645e-08 | 12 -0.03717  7.03109e-07
 13 -0.03701  6.99075e-07 | 14 -0.01434  7.20536e-07 | 15 -0.02896  7.51138e-07
 16 -0.03895  7.43717e-07 | 17 -0.02100  7.14881e-07 | 18 -0.07702  7.53331e-07
 19  0.04778  3.98996e-07 | 20 -0.05173  6.80192e-07 | 21 -0.08022  6.71392e-07
 22 -0.05601  5.11121e-07 | 23  0.07367 -1.22886e-07 | 24  0.00802 -1.13323e-07
 25  0.03459 -8.50928e-07 | 26  0.00683 -6.76682e-07 | 27  0.01991 -1.35333e-06
 28  0.05262 -2.55035e-06 | 29  0.00757 -7.88255e-07 | 30  0.02593 -2.01472e-06
 31 -0.01440 -2.36835e-07 | 32 -0.00671 -1.21152e-06 | 33  0.04941 -2.80933e-06
 34  0.03793 -2.47079e-06 | 35  0.00196 -7.04726e-07 | 36  0.05880 -1.85165e-06
 37  0.03974 -4.73242e-07 | 38 -0.02083  4.09385e-07 | 39  0.03533  2.45711e-07
 40 -0.00161  6.03671e-07 | 41 -0.01219  7.85989e-07 | 42  0.00042  8.36469e-07
 43 -0.02802  8.32572e-07 | 44 -0.00054  8.41085e-07 | 45  0.02939  8.31767e-07
 46  0.00402  8.02174e-07 | 47  0.00091  7.88177e-07 | 48 -0.00019  7.79576e-07
 49 -0.00125  7.85817e-07 | 50 -0.00212  7.84071e-07 | 51 -0.00232  7.77742e-07
 52 -0.00237  7.87885e-07 | 53  0.50694  9.86964e-10 | 54 -0.01782  5.07667e-08
 55  0.17819 -8.87017e-09 | 56  0.18290 -2.24578e-08 | 57 -0.25485 -4.79973e-10
 58 -0.05971  5.38583e-09 | 59  0.11076 -1.39377e-07 | 60 -0.26531  6.38357e-09

Initial statistics: 62 variables; iteration 0; function evaluation 0; phase 7
Function value 8.6121345e+00; maximum gradient component mag -1.0064e-05
Var    Value     Gradient |Var    Value     Gradient |Var    Value     Gradient
  1  0.01564 -1.00639e-05 |  2 -0.01731 -1.65894e-07 |  3 -0.00053  1.32067e-08
  4 -0.00226 -1.54044e-09 |  5 -0.00964  5.47506e-09 |  6 -0.01240  5.31267e-09
  7 -0.01747  6.19884e-09 |  8 -0.00386 -1.37940e-09 |  9  0.01300 -1.12906e-08
 10  0.02228 -5.18428e-09 | 11  0.01643 -2.03447e-08 | 12 -0.03717  7.01830e-07
 13 -0.03701  6.97804e-07 | 14 -0.01434  7.19281e-07 | 15 -0.02896  7.49862e-07
 16 -0.03895  7.42434e-07 | 17 -0.02100  7.13660e-07 | 18 -0.07702  7.52097e-07
 19  0.04778  3.98408e-07 | 20 -0.05173  6.79094e-07 | 21 -0.08022  6.70285e-07
 22 -0.05601  5.10240e-07 | 23  0.07367 -1.22496e-07 | 24  0.00802 -1.12893e-07
 25  0.03459 -8.49163e-07 | 26  0.00683 -6.75225e-07 | 27  0.01991 -1.35065e-06
 28  0.05262 -2.54559e-06 | 29  0.00757 -7.86746e-07 | 30  0.02593 -2.01102e-06
 31 -0.01440 -2.36423e-07 | 32 -0.00671 -1.20947e-06 | 33  0.04941 -2.80433e-06
 34  0.03793 -2.46703e-06 | 35  0.00196 -7.03506e-07 | 36  0.05880 -1.84916e-06
 37  0.03974 -4.72857e-07 | 38 -0.02083  4.08528e-07 | 39  0.03533  2.44906e-07
 40 -0.00161  6.02455e-07 | 41 -0.01219  7.84582e-07 | 42  0.00042  8.34994e-07
 43 -0.02802  8.31138e-07 | 44 -0.00054  8.39658e-07 | 45  0.02939  8.30364e-07
 46  0.00402  8.00805e-07 | 47  0.00091  7.86816e-07 | 48 -0.00019  7.78216e-07
 49 -0.00125  7.84458e-07 | 50 -0.00212  7.82713e-07 | 51 -0.00232  7.76384e-07
 52 -0.00237  7.86527e-07 | 53  0.00000  0.00000e+00 | 54  0.00000  0.00000e+00
 55  0.50694  9.79613e-10 | 56 -0.01782  5.07653e-08 | 57  0.17819 -8.86351e-09
 58  0.18290 -2.24526e-08 | 59 -0.25485 -4.79664e-10 | 60 -0.05971  5.39774e-09
 61  0.11076 -1.39343e-07 | 62 -0.26531  6.38488e-09 |
  ic > imax  in fminim is answer attained ?
Var    Value     Gradient |Var    Value     Gradient |Var    Value     Gradient
  1  0.01564 -1.00639e-05 |  2 -0.01731 -1.65894e-07 |  3 -0.00053  1.32067e-08
  4 -0.00226 -1.54044e-09 |  5 -0.00964  5.47506e-09 |  6 -0.01240  5.31267e-09
  7 -0.01747  6.19884e-09 |  8 -0.00386 -1.37940e-09 |  9  0.01300 -1.12906e-08
 10  0.02228 -5.18428e-09 | 11  0.01643 -2.03447e-08 | 12 -0.03717  7.01830e-07
 13 -0.03701  6.97804e-07 | 14 -0.01434  7.19281e-07 | 15 -0.02896  7.49862e-07
 16 -0.03895  7.42434e-07 | 17 -0.02100  7.13660e-07 | 18 -0.07702  7.52097e-07
 19  0.04778  3.98408e-07 | 20 -0.05173  6.79094e-07 | 21 -0.08022  6.70285e-07
 22 -0.05601  5.10240e-07 | 23  0.07367 -1.22496e-07 | 24  0.00802 -1.12893e-07
 25  0.03459 -8.49163e-07 | 26  0.00683 -6.75225e-07 | 27  0.01991 -1.35065e-06
 28  0.05262 -2.54559e-06 | 29  0.00757 -7.86746e-07 | 30  0.02593 -2.01102e-06
 31 -0.01440 -2.36423e-07 | 32 -0.00671 -1.20947e-06 | 33  0.04941 -2.80433e-06
 34  0.03793 -2.46703e-06 | 35  0.00196 -7.03506e-07 | 36  0.05880 -1.84916e-06
 37  0.03974 -4.72857e-07 | 38 -0.02083  4.08528e-07 | 39  0.03533  2.44906e-07
 40 -0.00161  6.02455e-07 | 41 -0.01219  7.84582e-07 | 42  0.00042  8.34994e-07
 43 -0.02802  8.31138e-07 | 44 -0.00054  8.39658e-07 | 45  0.02939  8.30364e-07
 46  0.00402  8.00805e-07 | 47  0.00091  7.86816e-07 | 48 -0.00019  7.78216e-07
 49 -0.00125  7.84458e-07 | 50 -0.00212  7.82713e-07 | 51 -0.00232  7.76384e-07
 52 -0.00237  7.86527e-07 | 53  0.00000  0.00000e+00 | 54  0.00000  0.00000e+00
 55  0.50694  9.79613e-10 | 56 -0.01782  5.07653e-08 | 57  0.17819 -8.86351e-09
 58  0.18290 -2.24526e-08 | 59 -0.25485 -4.79664e-10 | 60 -0.05971  5.39774e-09
 61  0.11076 -1.39343e-07 | 62 -0.26531  6.38488e-09 |
Function minimizer not making progress ... is minimum attained?
Minimprove criterion = 0.0000e+00

 - final statistics:
62 variables; iteration 1; function evaluation 30
Function value 8.6121e+00; maximum gradient component mag -1.0064e-05
Exit code = 1;  converg criter 1.0000e-05
Var    Value     Gradient |Var    Value     Gradient |Var    Value     Gradient
  1  0.01564 -1.00639e-05 |  2 -0.01731 -1.65894e-07 |  3 -0.00053  1.32067e-08
  4 -0.00226 -1.54044e-09 |  5 -0.00964  5.47506e-09 |  6 -0.01240  5.31267e-09
  7 -0.01747  6.19884e-09 |  8 -0.00386 -1.37940e-09 |  9  0.01300 -1.12906e-08
 10  0.02228 -5.18428e-09 | 11  0.01643 -2.03447e-08 | 12 -0.03717  7.01830e-07
 13 -0.03701  6.97804e-07 | 14 -0.01434  7.19281e-07 | 15 -0.02896  7.49862e-07
 16 -0.03895  7.42434e-07 | 17 -0.02100  7.13660e-07 | 18 -0.07702  7.52097e-07
 19  0.04778  3.98408e-07 | 20 -0.05173  6.79094e-07 | 21 -0.08022  6.70285e-07
 22 -0.05601  5.10240e-07 | 23  0.07367 -1.22496e-07 | 24  0.00802 -1.12893e-07
 25  0.03459 -8.49163e-07 | 26  0.00683 -6.75225e-07 | 27  0.01991 -1.35065e-06
 28  0.05262 -2.54559e-06 | 29  0.00757 -7.86746e-07 | 30  0.02593 -2.01102e-06
 31 -0.01440 -2.36423e-07 | 32 -0.00671 -1.20947e-06 | 33  0.04941 -2.80433e-06
 34  0.03793 -2.46703e-06 | 35  0.00196 -7.03506e-07 | 36  0.05880 -1.84916e-06
 37  0.03974 -4.72857e-07 | 38 -0.02083  4.08528e-07 | 39  0.03533  2.44906e-07
 40 -0.00161  6.02455e-07 | 41 -0.01219  7.84582e-07 | 42  0.00042  8.34994e-07
 43 -0.02802  8.31138e-07 | 44 -0.00054  8.39658e-07 | 45  0.02939  8.30364e-07
 46  0.00402  8.00805e-07 | 47  0.00091  7.86816e-07 | 48 -0.00019  7.78216e-07
 49 -0.00125  7.84458e-07 | 50 -0.00212  7.82713e-07 | 51 -0.00232  7.76384e-07
 52 -0.00237  7.86527e-07 | 53  0.00000  0.00000e+00 | 54  0.00000  0.00000e+00
 55  0.50694  9.79613e-10 | 56 -0.01782  5.07653e-08 | 57  0.17819 -8.86351e-09
 58  0.18290 -2.24526e-08 | 59 -0.25485 -4.79664e-10 | 60 -0.05971  5.39774e-09
 61  0.11076 -1.39343e-07 | 62 -0.26531  6.38488e-09 |
size of file gradfil1.tmp = 0
size of file gradfil2.tmp = 0
size of file varssave.tmp = 0
size of file cmpdiff.tmp = 200000008
