
 - final statistics:
44 variables; iteration 0; function evaluation 0
Function value 8.6121e+00; maximum gradient component mag -1.0076e-05
Exit code = 0;  converg criter 1.0000e+01
Var    Value     Gradient |Var    Value     Gradient |Var    Value     Gradient
  1  0.01564 -1.00759e-05 |  2 -0.01731 -1.65991e-07 |  3 -0.03717  7.02720e-07
  4 -0.03701  6.98692e-07 |  5 -0.01434  7.20164e-07 |  6 -0.02896  7.50758e-07
  7 -0.03895  7.43333e-07 |  8 -0.02100  7.14522e-07 |  9 -0.07702  7.52957e-07
 10  0.04778  3.98873e-07 | 11 -0.05173  6.79866e-07 | 12 -0.08022  6.71060e-07
 13 -0.05601  5.10866e-07 | 14  0.07367 -1.22704e-07 | 15  0.00802 -1.13140e-07
 16  0.03459 -8.50313e-07 | 17  0.00683 -6.76189e-07 | 18  0.01991 -1.35246e-06
 19  0.05262 -2.54884e-06 | 20  0.00757 -7.87780e-07 | 21  0.02593 -2.01357e-06
 22 -0.01440 -2.36707e-07 | 23 -0.00671 -1.21091e-06 | 24  0.04941 -2.80783e-06
 25  0.03793 -2.46967e-06 | 26  0.00196 -7.04379e-07 | 27  0.05880 -1.85093e-06
 28  0.03974 -4.73145e-07 | 29 -0.02083  4.09104e-07 | 30  0.03533  2.45426e-07
 31 -0.00161  6.03252e-07 | 32 -0.01219  7.85503e-07 | 33  0.00042  8.35961e-07
 34 -0.02802  8.32104e-07 | 35 -0.00054  8.40625e-07 | 36  0.02939  8.31321e-07
 37  0.00402  8.01745e-07 | 38  0.00091  7.87752e-07 | 39 -0.00019  7.79150e-07
 40 -0.00125  7.85393e-07 | 41 -0.00212  7.83648e-07 | 42 -0.00232  7.77318e-07
 43 -0.00237  7.87461e-07 | 44  0.50694  9.83422e-10 |

 - final statistics:
57 variables; iteration 0; function evaluation 0
Function value 8.6121e+00; maximum gradient component mag -1.0076e-05
Exit code = 0;  converg criter 1.0000e+01
Var    Value     Gradient |Var    Value     Gradient |Var    Value     Gradient
  1  0.01564 -1.00758e-05 |  2 -0.01731 -1.65988e-07 |  3 -0.00053  1.32069e-08
  4 -0.00226 -1.54100e-09 |  5 -0.00964  5.47501e-09 |  6 -0.01240  5.31233e-09
  7 -0.01747  6.19866e-09 |  8 -0.00386 -1.38104e-09 |  9  0.01300 -1.12937e-08
 10  0.02228 -5.19038e-09 | 11  0.01643 -2.03554e-08 | 12 -0.03717  7.02710e-07
 13 -0.03701  6.98682e-07 | 14 -0.01434  7.20155e-07 | 15 -0.02896  7.50748e-07
 16 -0.03895  7.43324e-07 | 17 -0.02100  7.14514e-07 | 18 -0.07702  7.52949e-07
 19  0.04778  3.98874e-07 | 20 -0.05173  6.79859e-07 | 21 -0.08022  6.71053e-07
 22 -0.05601  5.10861e-07 | 23  0.07367 -1.22692e-07 | 24  0.00802 -1.13129e-07
 25  0.03459 -8.50287e-07 | 26  0.00683 -6.76169e-07 | 27  0.01991 -1.35243e-06
 28  0.05262 -2.54879e-06 | 29  0.00757 -7.87766e-07 | 30  0.02593 -2.01354e-06
 31 -0.01440 -2.36703e-07 | 32 -0.00671 -1.21089e-06 | 33  0.04941 -2.80780e-06
 34  0.03793 -2.46965e-06 | 35  0.00196 -7.04375e-07 | 36  0.05880 -1.85093e-06
 37  0.03974 -4.73155e-07 | 38 -0.02083  4.09092e-07 | 39  0.03533  2.45409e-07
 40 -0.00161  6.03236e-07 | 41 -0.01219  7.85487e-07 | 42  0.00042  8.35946e-07
 43 -0.02802  8.32091e-07 | 44 -0.00054  8.40613e-07 | 45  0.02939  8.31309e-07
 46  0.00402  8.01734e-07 | 47  0.00091  7.87741e-07 | 48 -0.00019  7.79139e-07
 49 -0.00125  7.85382e-07 | 50 -0.00212  7.83637e-07 | 51 -0.00232  7.77307e-07
 52 -0.00237  7.87450e-07 | 53  0.50694  9.83186e-10 | 54 -0.01782  5.07743e-08
 55  0.17819 -8.86730e-09 | 56  0.11076 -1.39346e-07 | 57 -0.26531  6.38140e-09

 - final statistics:
57 variables; iteration 0; function evaluation 0
Function value 8.6121e+00; maximum gradient component mag -1.0076e-05
Exit code = 0;  converg criter 1.0000e+00
Var    Value     Gradient |Var    Value     Gradient |Var    Value     Gradient
  1  0.01564 -1.00758e-05 |  2 -0.01731 -1.65988e-07 |  3 -0.00053  1.32069e-08
  4 -0.00226 -1.54100e-09 |  5 -0.00964  5.47501e-09 |  6 -0.01240  5.31233e-09
  7 -0.01747  6.19866e-09 |  8 -0.00386 -1.38104e-09 |  9  0.01300 -1.12937e-08
 10  0.02228 -5.19040e-09 | 11  0.01643 -2.03554e-08 | 12 -0.03717  7.02710e-07
 13 -0.03701  6.98681e-07 | 14 -0.01434  7.20154e-07 | 15 -0.02896  7.50748e-07
 16 -0.03895  7.43323e-07 | 17 -0.02100  7.14513e-07 | 18 -0.07702  7.52948e-07
 19  0.04778  3.98873e-07 | 20 -0.05173  6.79858e-07 | 21 -0.08022  6.71052e-07
 22 -0.05601  5.10861e-07 | 23  0.07367 -1.22692e-07 | 24  0.00802 -1.13129e-07
 25  0.03459 -8.50287e-07 | 26  0.00683 -6.76169e-07 | 27  0.01991 -1.35243e-06
 28  0.05262 -2.54879e-06 | 29  0.00757 -7.87765e-07 | 30  0.02593 -2.01354e-06
 31 -0.01440 -2.36703e-07 | 32 -0.00671 -1.21089e-06 | 33  0.04941 -2.80779e-06
 34  0.03793 -2.46964e-06 | 35  0.00196 -7.04373e-07 | 36  0.05880 -1.85093e-06
 37  0.03974 -4.73153e-07 | 38 -0.02083  4.09092e-07 | 39  0.03533  2.45409e-07
 40 -0.00161  6.03236e-07 | 41 -0.01219  7.85487e-07 | 42  0.00042  8.35946e-07
 43 -0.02802  8.32091e-07 | 44 -0.00054  8.40612e-07 | 45  0.02939  8.31308e-07
 46  0.00402  8.01733e-07 | 47  0.00091  7.87740e-07 | 48 -0.00019  7.79138e-07
 49 -0.00125  7.85381e-07 | 50 -0.00212  7.83636e-07 | 51 -0.00232  7.77307e-07
 52 -0.00237  7.87449e-07 | 53  0.50694  9.83195e-10 | 54 -0.01782  5.07743e-08
 55  0.17819 -8.86731e-09 | 56  0.11076 -1.39346e-07 | 57 -0.26531  6.38145e-09

 - final statistics:
58 variables; iteration 0; function evaluation 0
Function value 8.6121e+00; maximum gradient component mag -1.0076e-05
Exit code = 0;  converg criter 1.0000e+00
Var    Value     Gradient |Var    Value     Gradient |Var    Value     Gradient
  1  0.01564 -1.00758e-05 |  2 -0.01731 -1.65988e-07 |  3 -0.00053  1.32069e-08
  4 -0.00226 -1.54100e-09 |  5 -0.00964  5.47501e-09 |  6 -0.01240  5.31232e-09
  7 -0.01747  6.19866e-09 |  8 -0.00386 -1.38105e-09 |  9  0.01300 -1.12937e-08
 10  0.02228 -5.19042e-09 | 11  0.01643 -2.03554e-08 | 12 -0.03717  7.02710e-07
 13 -0.03701  6.98681e-07 | 14 -0.01434  7.20154e-07 | 15 -0.02896  7.50747e-07
 16 -0.03895  7.43322e-07 | 17 -0.02100  7.14513e-07 | 18 -0.07702  7.52948e-07
 19  0.04778  3.98873e-07 | 20 -0.05173  6.79858e-07 | 21 -0.08022  6.71052e-07
 22 -0.05601  5.10860e-07 | 23  0.07367 -1.22693e-07 | 24  0.00802 -1.13129e-07
 25  0.03459 -8.50287e-07 | 26  0.00683 -6.76169e-07 | 27  0.01991 -1.35243e-06
 28  0.05262 -2.54879e-06 | 29  0.00757 -7.87765e-07 | 30  0.02593 -2.01354e-06
 31 -0.01440 -2.36703e-07 | 32 -0.00671 -1.21089e-06 | 33  0.04941 -2.80779e-06
 34  0.03793 -2.46964e-06 | 35  0.00196 -7.04373e-07 | 36  0.05880 -1.85093e-06
 37  0.03974 -4.73153e-07 | 38 -0.02083  4.09092e-07 | 39  0.03533  2.45410e-07
 40 -0.00161  6.03236e-07 | 41 -0.01219  7.85487e-07 | 42  0.00042  8.35946e-07
 43 -0.02802  8.32090e-07 | 44 -0.00054  8.40612e-07 | 45  0.02939  8.31308e-07
 46  0.00402  8.01733e-07 | 47  0.00091  7.87740e-07 | 48 -0.00019  7.79138e-07
 49 -0.00125  7.85381e-07 | 50 -0.00212  7.83636e-07 | 51 -0.00232  7.77306e-07
 52 -0.00237  7.87449e-07 | 53  0.50694  9.83207e-10 | 54 -0.01782  5.07743e-08
 55  0.17819 -8.86731e-09 | 56  0.18290 -2.24593e-08 | 57  0.11076 -1.39346e-07
 58 -0.26531  6.38156e-09 |

 - final statistics:
59 variables; iteration 0; function evaluation 0
Function value 8.6121e+00; maximum gradient component mag -1.0076e-05
Exit code = 0;  converg criter 1.0000e+00
Var    Value     Gradient |Var    Value     Gradient |Var    Value     Gradient
  1  0.01564 -1.00758e-05 |  2 -0.01731 -1.65988e-07 |  3 -0.00053  1.32069e-08
  4 -0.00226 -1.54100e-09 |  5 -0.00964  5.47501e-09 |  6 -0.01240  5.31232e-09
  7 -0.01747  6.19866e-09 |  8 -0.00386 -1.38105e-09 |  9  0.01300 -1.12937e-08
 10  0.02228 -5.19042e-09 | 11  0.01643 -2.03554e-08 | 12 -0.03717  7.02710e-07
 13 -0.03701  6.98681e-07 | 14 -0.01434  7.20154e-07 | 15 -0.02896  7.50747e-07
 16 -0.03895  7.43322e-07 | 17 -0.02100  7.14513e-07 | 18 -0.07702  7.52948e-07
 19  0.04778  3.98873e-07 | 20 -0.05173  6.79858e-07 | 21 -0.08022  6.71052e-07
 22 -0.05601  5.10860e-07 | 23  0.07367 -1.22693e-07 | 24  0.00802 -1.13130e-07
 25  0.03459 -8.50287e-07 | 26  0.00683 -6.76169e-07 | 27  0.01991 -1.35243e-06
 28  0.05262 -2.54879e-06 | 29  0.00757 -7.87765e-07 | 30  0.02593 -2.01354e-06
 31 -0.01440 -2.36703e-07 | 32 -0.00671 -1.21089e-06 | 33  0.04941 -2.80779e-06
 34  0.03793 -2.46964e-06 | 35  0.00196 -7.04373e-07 | 36  0.05880 -1.85093e-06
 37  0.03974 -4.73153e-07 | 38 -0.02083  4.09092e-07 | 39  0.03533  2.45410e-07
 40 -0.00161  6.03236e-07 | 41 -0.01219  7.85487e-07 | 42  0.00042  8.35946e-07
 43 -0.02802  8.32090e-07 | 44 -0.00054  8.40612e-07 | 45  0.02939  8.31308e-07
 46  0.00402  8.01733e-07 | 47  0.00091  7.87740e-07 | 48 -0.00019  7.79138e-07
 49 -0.00125  7.85381e-07 | 50 -0.00212  7.83636e-07 | 51 -0.00232  7.77306e-07
 52 -0.00237  7.87449e-07 | 53  0.50694  9.83206e-10 | 54 -0.01782  5.07743e-08
 55  0.17819 -8.86731e-09 | 56  0.18290 -2.24593e-08 | 57 -0.25485 -4.79843e-10
 58  0.11076 -1.39346e-07 | 59 -0.26531  6.38156e-09 |

Initial statistics: 60 variables; iteration 0; function evaluation 0; phase 6
Function value 8.6121345e+00; maximum gradient component mag -1.0076e-05
Var    Value     Gradient |Var    Value     Gradient |Var    Value     Gradient
  1  0.01564 -1.00758e-05 |  2 -0.01731 -1.65988e-07 |  3 -0.00053  1.32069e-08
  4 -0.00226 -1.54100e-09 |  5 -0.00964  5.47501e-09 |  6 -0.01240  5.31232e-09
  7 -0.01747  6.19866e-09 |  8 -0.00386 -1.38105e-09 |  9  0.01300 -1.12937e-08
 10  0.02228 -5.19042e-09 | 11  0.01643 -2.03554e-08 | 12 -0.03717  7.02710e-07
 13 -0.03701  6.98681e-07 | 14 -0.01434  7.20154e-07 | 15 -0.02896  7.50747e-07
 16 -0.03895  7.43322e-07 | 17 -0.02100  7.14513e-07 | 18 -0.07702  7.52948e-07
 19  0.04778  3.98873e-07 | 20 -0.05173  6.79858e-07 | 21 -0.08022  6.71052e-07
 22 -0.05601  5.10860e-07 | 23  0.07367 -1.22693e-07 | 24  0.00802 -1.13130e-07
 25  0.03459 -8.50287e-07 | 26  0.00683 -6.76169e-07 | 27  0.01991 -1.35243e-06
 28  0.05262 -2.54879e-06 | 29  0.00757 -7.87765e-07 | 30  0.02593 -2.01354e-06
 31 -0.01440 -2.36703e-07 | 32 -0.00671 -1.21089e-06 | 33  0.04941 -2.80779e-06
 34  0.03793 -2.46964e-06 | 35  0.00196 -7.04373e-07 | 36  0.05880 -1.85093e-06
 37  0.03974 -4.73153e-07 | 38 -0.02083  4.09092e-07 | 39  0.03533  2.45410e-07
 40 -0.00161  6.03236e-07 | 41 -0.01219  7.85487e-07 | 42  0.00042  8.35946e-07
 43 -0.02802  8.32090e-07 | 44 -0.00054  8.40612e-07 | 45  0.02939  8.31308e-07
 46  0.00402  8.01733e-07 | 47  0.00091  7.87740e-07 | 48 -0.00019  7.79138e-07
 49 -0.00125  7.85381e-07 | 50 -0.00212  7.83636e-07 | 51 -0.00232  7.77306e-07
 52 -0.00237  7.87449e-07 | 53  0.50694  9.83206e-10 | 54 -0.01782  5.07743e-08
 55  0.17819 -8.86731e-09 | 56  0.18290 -2.24593e-08 | 57 -0.25485 -4.79843e-10
 58 -0.05971  5.39022e-09 | 59  0.11076 -1.39346e-07 | 60 -0.26531  6.38156e-09
  ic > imax  in fminim is answer attained ?
Var    Value     Gradient |Var    Value     Gradient |Var    Value     Gradient
  1  0.01564 -1.00758e-05 |  2 -0.01731 -1.65988e-07 |  3 -0.00053  1.32069e-08
  4 -0.00226 -1.54100e-09 |  5 -0.00964  5.47501e-09 |  6 -0.01240  5.31232e-09
  7 -0.01747  6.19866e-09 |  8 -0.00386 -1.38105e-09 |  9  0.01300 -1.12937e-08
 10  0.02228 -5.19042e-09 | 11  0.01643 -2.03554e-08 | 12 -0.03717  7.02710e-07
 13 -0.03701  6.98681e-07 | 14 -0.01434  7.20154e-07 | 15 -0.02896  7.50747e-07
 16 -0.03895  7.43322e-07 | 17 -0.02100  7.14513e-07 | 18 -0.07702  7.52948e-07
 19  0.04778  3.98873e-07 | 20 -0.05173  6.79858e-07 | 21 -0.08022  6.71052e-07
 22 -0.05601  5.10860e-07 | 23  0.07367 -1.22693e-07 | 24  0.00802 -1.13130e-07
 25  0.03459 -8.50287e-07 | 26  0.00683 -6.76169e-07 | 27  0.01991 -1.35243e-06
 28  0.05262 -2.54879e-06 | 29  0.00757 -7.87765e-07 | 30  0.02593 -2.01354e-06
 31 -0.01440 -2.36703e-07 | 32 -0.00671 -1.21089e-06 | 33  0.04941 -2.80779e-06
 34  0.03793 -2.46964e-06 | 35  0.00196 -7.04373e-07 | 36  0.05880 -1.85093e-06
 37  0.03974 -4.73153e-07 | 38 -0.02083  4.09092e-07 | 39  0.03533  2.45410e-07
 40 -0.00161  6.03236e-07 | 41 -0.01219  7.85487e-07 | 42  0.00042  8.35946e-07
 43 -0.02802  8.32090e-07 | 44 -0.00054  8.40612e-07 | 45  0.02939  8.31308e-07
 46  0.00402  8.01733e-07 | 47  0.00091  7.87740e-07 | 48 -0.00019  7.79138e-07
 49 -0.00125  7.85381e-07 | 50 -0.00212  7.83636e-07 | 51 -0.00232  7.77306e-07
 52 -0.00237  7.87449e-07 | 53  0.50694  9.83206e-10 | 54 -0.01782  5.07743e-08
 55  0.17819 -8.86731e-09 | 56  0.18290 -2.24593e-08 | 57 -0.25485 -4.79843e-10
 58 -0.05971  5.39022e-09 | 59  0.11076 -1.39346e-07 | 60 -0.26531  6.38156e-09
Function minimizer not making progress ... is minimum attained?
Minimprove criterion = 0.0000e+00

 - final statistics:
60 variables; iteration 1; function evaluation 30
Function value 8.6121e+00; maximum gradient component mag -1.0076e-05
Exit code = 1;  converg criter 1.0000e-05
Var    Value     Gradient |Var    Value     Gradient |Var    Value     Gradient
  1  0.01564 -1.00758e-05 |  2 -0.01731 -1.65988e-07 |  3 -0.00053  1.32069e-08
  4 -0.00226 -1.54100e-09 |  5 -0.00964  5.47501e-09 |  6 -0.01240  5.31232e-09
  7 -0.01747  6.19866e-09 |  8 -0.00386 -1.38105e-09 |  9  0.01300 -1.12937e-08
 10  0.02228 -5.19042e-09 | 11  0.01643 -2.03554e-08 | 12 -0.03717  7.02710e-07
 13 -0.03701  6.98681e-07 | 14 -0.01434  7.20154e-07 | 15 -0.02896  7.50747e-07
 16 -0.03895  7.43322e-07 | 17 -0.02100  7.14513e-07 | 18 -0.07702  7.52948e-07
 19  0.04778  3.98873e-07 | 20 -0.05173  6.79858e-07 | 21 -0.08022  6.71052e-07
 22 -0.05601  5.10860e-07 | 23  0.07367 -1.22693e-07 | 24  0.00802 -1.13130e-07
 25  0.03459 -8.50287e-07 | 26  0.00683 -6.76169e-07 | 27  0.01991 -1.35243e-06
 28  0.05262 -2.54879e-06 | 29  0.00757 -7.87765e-07 | 30  0.02593 -2.01354e-06
 31 -0.01440 -2.36703e-07 | 32 -0.00671 -1.21089e-06 | 33  0.04941 -2.80779e-06
 34  0.03793 -2.46964e-06 | 35  0.00196 -7.04373e-07 | 36  0.05880 -1.85093e-06
 37  0.03974 -4.73153e-07 | 38 -0.02083  4.09092e-07 | 39  0.03533  2.45410e-07
 40 -0.00161  6.03236e-07 | 41 -0.01219  7.85487e-07 | 42  0.00042  8.35946e-07
 43 -0.02802  8.32090e-07 | 44 -0.00054  8.40612e-07 | 45  0.02939  8.31308e-07
 46  0.00402  8.01733e-07 | 47  0.00091  7.87740e-07 | 48 -0.00019  7.79138e-07
 49 -0.00125  7.85381e-07 | 50 -0.00212  7.83636e-07 | 51 -0.00232  7.77306e-07
 52 -0.00237  7.87449e-07 | 53  0.50694  9.83206e-10 | 54 -0.01782  5.07743e-08
 55  0.17819 -8.86731e-09 | 56  0.18290 -2.24593e-08 | 57 -0.25485 -4.79843e-10
 58 -0.05971  5.39022e-09 | 59  0.11076 -1.39346e-07 | 60 -0.26531  6.38156e-09

Initial statistics: 62 variables; iteration 0; function evaluation 0; phase 7
Function value 8.6121345e+00; maximum gradient component mag -1.0015e-05
Var    Value     Gradient |Var    Value     Gradient |Var    Value     Gradient
  1  0.01564 -1.00153e-05 |  2 -0.01731 -1.65392e-07 |  3 -0.00053  1.32068e-08
  4 -0.00226 -1.53650e-09 |  5 -0.00964  5.47675e-09 |  6 -0.01240  5.31619e-09
  7 -0.01747  6.20198e-09 |  8 -0.00386 -1.36896e-09 |  9  0.01300 -1.12731e-08
 10  0.02228 -5.15194e-09 | 11  0.01643 -2.02892e-08 | 12 -0.03717  6.98251e-07
 13 -0.03701  6.94251e-07 | 14 -0.01434  7.15777e-07 | 15 -0.02896  7.46301e-07
 16 -0.03895  7.38856e-07 | 17 -0.02100  7.10255e-07 | 18 -0.07702  7.48651e-07
 19  0.04778  3.96791e-07 | 20 -0.05173  6.76031e-07 | 21 -0.08022  6.67192e-07
 22 -0.05601  5.07778e-07 | 23  0.07367 -1.21399e-07 | 24  0.00802 -1.11692e-07
 25  0.03459 -8.44241e-07 | 26  0.00683 -6.71171e-07 | 27  0.01991 -1.34316e-06
 28  0.05262 -2.53231e-06 | 29  0.00757 -7.82550e-07 | 30  0.02593 -2.00073e-06
 31 -0.01440 -2.35282e-07 | 32 -0.00671 -1.20374e-06 | 33  0.04941 -2.79035e-06
 34  0.03793 -2.45651e-06 | 35  0.00196 -7.00072e-07 | 36  0.05880 -1.84210e-06
 37  0.03974 -4.71707e-07 | 38 -0.02083  4.06154e-07 | 39  0.03533  2.42677e-07
 40 -0.00161  5.99046e-07 | 41 -0.01219  7.80621e-07 | 42  0.00042  8.30835e-07
 43 -0.02802  8.27111e-07 | 44 -0.00054  8.35655e-07 | 45  0.02939  8.26434e-07
 46  0.00402  7.96974e-07 | 47  0.00091  7.83006e-07 | 48 -0.00019  7.74411e-07
 49 -0.00125  7.80657e-07 | 50 -0.00212  7.78914e-07 | 51 -0.00232  7.72586e-07
 52 -0.00237  7.82729e-07 | 53  0.00000  0.00000e+00 | 54  0.00000  0.00000e+00
 55  0.50694  9.58598e-10 | 56 -0.01782  5.07631e-08 | 57  0.17819 -8.84536e-09
 58  0.18290 -2.24394e-08 | 59 -0.25485 -4.78819e-10 | 60 -0.05971  5.43049e-09
 61  0.11076 -1.39235e-07 | 62 -0.26531  6.38684e-09 |
  ic > imax  in fminim is answer attained ?
Var    Value     Gradient |Var    Value     Gradient |Var    Value     Gradient
  1  0.01564 -1.00153e-05 |  2 -0.01731 -1.65392e-07 |  3 -0.00053  1.32068e-08
  4 -0.00226 -1.53650e-09 |  5 -0.00964  5.47675e-09 |  6 -0.01240  5.31619e-09
  7 -0.01747  6.20198e-09 |  8 -0.00386 -1.36896e-09 |  9  0.01300 -1.12731e-08
 10  0.02228 -5.15194e-09 | 11  0.01643 -2.02892e-08 | 12 -0.03717  6.98251e-07
 13 -0.03701  6.94251e-07 | 14 -0.01434  7.15777e-07 | 15 -0.02896  7.46301e-07
 16 -0.03895  7.38856e-07 | 17 -0.02100  7.10255e-07 | 18 -0.07702  7.48651e-07
 19  0.04778  3.96791e-07 | 20 -0.05173  6.76031e-07 | 21 -0.08022  6.67192e-07
 22 -0.05601  5.07778e-07 | 23  0.07367 -1.21399e-07 | 24  0.00802 -1.11692e-07
 25  0.03459 -8.44241e-07 | 26  0.00683 -6.71171e-07 | 27  0.01991 -1.34316e-06
 28  0.05262 -2.53231e-06 | 29  0.00757 -7.82550e-07 | 30  0.02593 -2.00073e-06
 31 -0.01440 -2.35282e-07 | 32 -0.00671 -1.20374e-06 | 33  0.04941 -2.79035e-06
 34  0.03793 -2.45651e-06 | 35  0.00196 -7.00072e-07 | 36  0.05880 -1.84210e-06
 37  0.03974 -4.71707e-07 | 38 -0.02083  4.06154e-07 | 39  0.03533  2.42677e-07
 40 -0.00161  5.99046e-07 | 41 -0.01219  7.80621e-07 | 42  0.00042  8.30835e-07
 43 -0.02802  8.27111e-07 | 44 -0.00054  8.35655e-07 | 45  0.02939  8.26434e-07
 46  0.00402  7.96974e-07 | 47  0.00091  7.83006e-07 | 48 -0.00019  7.74411e-07
 49 -0.00125  7.80657e-07 | 50 -0.00212  7.78914e-07 | 51 -0.00232  7.72586e-07
 52 -0.00237  7.82729e-07 | 53  0.00000  0.00000e+00 | 54  0.00000  0.00000e+00
 55  0.50694  9.58598e-10 | 56 -0.01782  5.07631e-08 | 57  0.17819 -8.84536e-09
 58  0.18290 -2.24394e-08 | 59 -0.25485 -4.78819e-10 | 60 -0.05971  5.43049e-09
 61  0.11076 -1.39235e-07 | 62 -0.26531  6.38684e-09 |
Function minimizer not making progress ... is minimum attained?
Minimprove criterion = 0.0000e+00

 - final statistics:
62 variables; iteration 1; function evaluation 30
Function value 8.6121e+00; maximum gradient component mag -1.0015e-05
Exit code = 1;  converg criter 1.0000e-05
Var    Value     Gradient |Var    Value     Gradient |Var    Value     Gradient
  1  0.01564 -1.00153e-05 |  2 -0.01731 -1.65392e-07 |  3 -0.00053  1.32068e-08
  4 -0.00226 -1.53650e-09 |  5 -0.00964  5.47675e-09 |  6 -0.01240  5.31619e-09
  7 -0.01747  6.20198e-09 |  8 -0.00386 -1.36896e-09 |  9  0.01300 -1.12731e-08
 10  0.02228 -5.15194e-09 | 11  0.01643 -2.02892e-08 | 12 -0.03717  6.98251e-07
 13 -0.03701  6.94251e-07 | 14 -0.01434  7.15777e-07 | 15 -0.02896  7.46301e-07
 16 -0.03895  7.38856e-07 | 17 -0.02100  7.10255e-07 | 18 -0.07702  7.48651e-07
 19  0.04778  3.96791e-07 | 20 -0.05173  6.76031e-07 | 21 -0.08022  6.67192e-07
 22 -0.05601  5.07778e-07 | 23  0.07367 -1.21399e-07 | 24  0.00802 -1.11692e-07
 25  0.03459 -8.44241e-07 | 26  0.00683 -6.71171e-07 | 27  0.01991 -1.34316e-06
 28  0.05262 -2.53231e-06 | 29  0.00757 -7.82550e-07 | 30  0.02593 -2.00073e-06
 31 -0.01440 -2.35282e-07 | 32 -0.00671 -1.20374e-06 | 33  0.04941 -2.79035e-06
 34  0.03793 -2.45651e-06 | 35  0.00196 -7.00072e-07 | 36  0.05880 -1.84210e-06
 37  0.03974 -4.71707e-07 | 38 -0.02083  4.06154e-07 | 39  0.03533  2.42677e-07
 40 -0.00161  5.99046e-07 | 41 -0.01219  7.80621e-07 | 42  0.00042  8.30835e-07
 43 -0.02802  8.27111e-07 | 44 -0.00054  8.35655e-07 | 45  0.02939  8.26434e-07
 46  0.00402  7.96974e-07 | 47  0.00091  7.83006e-07 | 48 -0.00019  7.74411e-07
 49 -0.00125  7.80657e-07 | 50 -0.00212  7.78914e-07 | 51 -0.00232  7.72586e-07
 52 -0.00237  7.82729e-07 | 53  0.00000  0.00000e+00 | 54  0.00000  0.00000e+00
 55  0.50694  9.58598e-10 | 56 -0.01782  5.07631e-08 | 57  0.17819 -8.84536e-09
 58  0.18290 -2.24394e-08 | 59 -0.25485 -4.78819e-10 | 60 -0.05971  5.43049e-09
 61  0.11076 -1.39235e-07 | 62 -0.26531  6.38684e-09 |
size of file gradfil1.tmp = 0
size of file gradfil2.tmp = 0
size of file varssave.tmp = 0
size of file cmpdiff.tmp = 200000008
