
 - final statistics:
44 variables; iteration 0; function evaluation 0
Function value 8.6121e+00; maximum gradient component mag -1.0087e-05
Exit code = 0;  converg criter 1.0000e+01
Var    Value     Gradient |Var    Value     Gradient |Var    Value     Gradient
  1  0.01564 -1.00871e-05 |  2 -0.01731 -1.66152e-07 |  3 -0.03717  7.03525e-07
  4 -0.03701  6.99484e-07 |  5 -0.01434  7.20935e-07 |  6 -0.02896  7.51544e-07
  7 -0.03895  7.44124e-07 |  8 -0.02100  7.15262e-07 |  9 -0.07702  7.53728e-07
 10  0.04778  3.99128e-07 | 11 -0.05173  6.80538e-07 | 12 -0.08022  6.71746e-07
 13 -0.05601  5.11394e-07 | 14  0.07367 -1.23075e-07 | 15  0.00802 -1.13510e-07
 16  0.03459 -8.51566e-07 | 17  0.00683 -6.77195e-07 | 18  0.01991 -1.35425e-06
 19  0.05262 -2.55196e-06 | 20  0.00757 -7.88762e-07 | 21  0.02593 -2.01595e-06
 22 -0.01440 -2.36973e-07 | 23 -0.00671 -1.21219e-06 | 24  0.04941 -2.81096e-06
 25  0.03793 -2.47199e-06 | 26  0.00196 -7.05104e-07 | 27  0.05880 -1.85242e-06
 28  0.03974 -4.73325e-07 | 29 -0.02083  4.09693e-07 | 30  0.03533  2.46032e-07
 31 -0.00161  6.04122e-07 | 32 -0.01219  7.86502e-07 | 33  0.00042  8.37004e-07
 34 -0.02802  8.33066e-07 | 35 -0.00054  8.41571e-07 | 36  0.02939  8.32238e-07
 37  0.00402  8.02629e-07 | 38  0.00091  7.88628e-07 | 39 -0.00019  7.80027e-07
 40 -0.00125  7.86267e-07 | 41 -0.00212  7.84521e-07 | 42 -0.00232  7.78191e-07
 43 -0.00237  7.88334e-07 | 44  0.50694  9.90859e-10 |

 - final statistics:
57 variables; iteration 0; function evaluation 0
Function value 8.6121e+00; maximum gradient component mag -1.0087e-05
Exit code = 0;  converg criter 1.0000e+01
Var    Value     Gradient |Var    Value     Gradient |Var    Value     Gradient
  1  0.01564 -1.00873e-05 |  2 -0.01731 -1.66155e-07 |  3 -0.00053  1.32066e-08
  4 -0.00226 -1.54264e-09 |  5 -0.00964  5.47396e-09 |  6 -0.01240  5.31061e-09
  7 -0.01747  6.19692e-09 |  8 -0.00386 -1.38511e-09 |  9  0.01300 -1.12999e-08
 10  0.02228 -5.20117e-09 | 11  0.01643 -2.03735e-08 | 12 -0.03717  7.03540e-07
 13 -0.03701  6.99499e-07 | 14 -0.01434  7.20950e-07 | 15 -0.02896  7.51559e-07
 16 -0.03895  7.44140e-07 | 17 -0.02100  7.15277e-07 | 18 -0.07702  7.53743e-07
 19  0.04778  3.99136e-07 | 20 -0.05173  6.80552e-07 | 21 -0.08022  6.71759e-07
 22 -0.05601  5.11405e-07 | 23  0.07367 -1.23077e-07 | 24  0.00802 -1.13513e-07
 25  0.03459 -8.51585e-07 | 26  0.00683 -6.77211e-07 | 27  0.01991 -1.35428e-06
 28  0.05262 -2.55201e-06 | 29  0.00757 -7.88778e-07 | 30  0.02593 -2.01599e-06
 31 -0.01440 -2.36976e-07 | 32 -0.00671 -1.21222e-06 | 33  0.04941 -2.81102e-06
 34  0.03793 -2.47204e-06 | 35  0.00196 -7.05119e-07 | 36  0.05880 -1.85245e-06
 37  0.03974 -4.73335e-07 | 38 -0.02083  4.09701e-07 | 39  0.03533  2.46036e-07
 40 -0.00161  6.04134e-07 | 41 -0.01219  7.86518e-07 | 42  0.00042  8.37021e-07
 43 -0.02802  8.33083e-07 | 44 -0.00054  8.41588e-07 | 45  0.02939  8.32255e-07
 46  0.00402  8.02646e-07 | 47  0.00091  7.88645e-07 | 48 -0.00019  7.80043e-07
 49 -0.00125  7.86283e-07 | 50 -0.00212  7.84537e-07 | 51 -0.00232  7.78207e-07
 52 -0.00237  7.88350e-07 | 53  0.50694  9.90864e-10 | 54 -0.01782  5.07613e-08
 55  0.17819 -8.87289e-09 | 56  0.11076 -1.39404e-07 | 57 -0.26531  6.38471e-09

 - final statistics:
57 variables; iteration 0; function evaluation 0
Function value 8.6121e+00; maximum gradient component mag -1.0087e-05
Exit code = 0;  converg criter 1.0000e+00
Var    Value     Gradient |Var    Value     Gradient |Var    Value     Gradient
  1  0.01564 -1.00873e-05 |  2 -0.01731 -1.66155e-07 |  3 -0.00053  1.32066e-08
  4 -0.00226 -1.54264e-09 |  5 -0.00964  5.47396e-09 |  6 -0.01240  5.31060e-09
  7 -0.01747  6.19691e-09 |  8 -0.00386 -1.38512e-09 |  9  0.01300 -1.13000e-08
 10  0.02228 -5.20120e-09 | 11  0.01643 -2.03736e-08 | 12 -0.03717  7.03540e-07
 13 -0.03701  6.99500e-07 | 14 -0.01434  7.20950e-07 | 15 -0.02896  7.51559e-07
 16 -0.03895  7.44140e-07 | 17 -0.02100  7.15277e-07 | 18 -0.07702  7.53743e-07
 19  0.04778  3.99136e-07 | 20 -0.05173  6.80552e-07 | 21 -0.08022  6.71760e-07
 22 -0.05601  5.11405e-07 | 23  0.07367 -1.23078e-07 | 24  0.00802 -1.13513e-07
 25  0.03459 -8.51585e-07 | 26  0.00683 -6.77211e-07 | 27  0.01991 -1.35428e-06
 28  0.05262 -2.55201e-06 | 29  0.00757 -7.88779e-07 | 30  0.02593 -2.01599e-06
 31 -0.01440 -2.36976e-07 | 32 -0.00671 -1.21222e-06 | 33  0.04941 -2.81102e-06
 34  0.03793 -2.47204e-06 | 35  0.00196 -7.05120e-07 | 36  0.05880 -1.85245e-06
 37  0.03974 -4.73335e-07 | 38 -0.02083  4.09701e-07 | 39  0.03533  2.46036e-07
 40 -0.00161  6.04134e-07 | 41 -0.01219  7.86519e-07 | 42  0.00042  8.37022e-07
 43 -0.02802  8.33084e-07 | 44 -0.00054  8.41588e-07 | 45  0.02939  8.32256e-07
 46  0.00402  8.02646e-07 | 47  0.00091  7.88645e-07 | 48 -0.00019  7.80043e-07
 49 -0.00125  7.86283e-07 | 50 -0.00212  7.84537e-07 | 51 -0.00232  7.78208e-07
 52 -0.00237  7.88350e-07 | 53  0.50694  9.90885e-10 | 54 -0.01782  5.07613e-08
 55  0.17819 -8.87290e-09 | 56  0.11076 -1.39404e-07 | 57 -0.26531  6.38479e-09

 - final statistics:
58 variables; iteration 0; function evaluation 0
Function value 8.6121e+00; maximum gradient component mag -1.0087e-05
Exit code = 0;  converg criter 1.0000e+00
Var    Value     Gradient |Var    Value     Gradient |Var    Value     Gradient
  1  0.01564 -1.00873e-05 |  2 -0.01731 -1.66155e-07 |  3 -0.00053  1.32066e-08
  4 -0.00226 -1.54264e-09 |  5 -0.00964  5.47396e-09 |  6 -0.01240  5.31060e-09
  7 -0.01747  6.19691e-09 |  8 -0.00386 -1.38512e-09 |  9  0.01300 -1.13000e-08
 10  0.02228 -5.20120e-09 | 11  0.01643 -2.03736e-08 | 12 -0.03717  7.03540e-07
 13 -0.03701  6.99499e-07 | 14 -0.01434  7.20950e-07 | 15 -0.02896  7.51559e-07
 16 -0.03895  7.44139e-07 | 17 -0.02100  7.15276e-07 | 18 -0.07702  7.53743e-07
 19  0.04778  3.99136e-07 | 20 -0.05173  6.80552e-07 | 21 -0.08022  6.71759e-07
 22 -0.05601  5.11405e-07 | 23  0.07367 -1.23078e-07 | 24  0.00802 -1.13513e-07
 25  0.03459 -8.51585e-07 | 26  0.00683 -6.77211e-07 | 27  0.01991 -1.35428e-06
 28  0.05262 -2.55201e-06 | 29  0.00757 -7.88778e-07 | 30  0.02593 -2.01599e-06
 31 -0.01440 -2.36976e-07 | 32 -0.00671 -1.21222e-06 | 33  0.04941 -2.81102e-06
 34  0.03793 -2.47204e-06 | 35  0.00196 -7.05120e-07 | 36  0.05880 -1.85245e-06
 37  0.03974 -4.73335e-07 | 38 -0.02083  4.09701e-07 | 39  0.03533  2.46036e-07
 40 -0.00161  6.04134e-07 | 41 -0.01219  7.86519e-07 | 42  0.00042  8.37022e-07
 43 -0.02802  8.33084e-07 | 44 -0.00054  8.41588e-07 | 45  0.02939  8.32255e-07
 46  0.00402  8.02646e-07 | 47  0.00091  7.88645e-07 | 48 -0.00019  7.80043e-07
 49 -0.00125  7.86283e-07 | 50 -0.00212  7.84537e-07 | 51 -0.00232  7.78207e-07
 52 -0.00237  7.88350e-07 | 53  0.50694  9.90889e-10 | 54 -0.01782  5.07613e-08
 55  0.17819 -8.87290e-09 | 56  0.18290 -2.24571e-08 | 57  0.11076 -1.39405e-07
 58 -0.26531  6.38490e-09 |

 - final statistics:
59 variables; iteration 0; function evaluation 0
Function value 8.6121e+00; maximum gradient component mag -1.0087e-05
Exit code = 0;  converg criter 1.0000e+00
Var    Value     Gradient |Var    Value     Gradient |Var    Value     Gradient
  1  0.01564 -1.00873e-05 |  2 -0.01731 -1.66155e-07 |  3 -0.00053  1.32066e-08
  4 -0.00226 -1.54264e-09 |  5 -0.00964  5.47396e-09 |  6 -0.01240  5.31060e-09
  7 -0.01747  6.19691e-09 |  8 -0.00386 -1.38512e-09 |  9  0.01300 -1.13000e-08
 10  0.02228 -5.20120e-09 | 11  0.01643 -2.03736e-08 | 12 -0.03717  7.03540e-07
 13 -0.03701  6.99499e-07 | 14 -0.01434  7.20950e-07 | 15 -0.02896  7.51559e-07
 16 -0.03895  7.44139e-07 | 17 -0.02100  7.15276e-07 | 18 -0.07702  7.53743e-07
 19  0.04778  3.99136e-07 | 20 -0.05173  6.80552e-07 | 21 -0.08022  6.71759e-07
 22 -0.05601  5.11405e-07 | 23  0.07367 -1.23078e-07 | 24  0.00802 -1.13513e-07
 25  0.03459 -8.51585e-07 | 26  0.00683 -6.77211e-07 | 27  0.01991 -1.35428e-06
 28  0.05262 -2.55201e-06 | 29  0.00757 -7.88778e-07 | 30  0.02593 -2.01599e-06
 31 -0.01440 -2.36976e-07 | 32 -0.00671 -1.21222e-06 | 33  0.04941 -2.81102e-06
 34  0.03793 -2.47204e-06 | 35  0.00196 -7.05120e-07 | 36  0.05880 -1.85245e-06
 37  0.03974 -4.73335e-07 | 38 -0.02083  4.09701e-07 | 39  0.03533  2.46036e-07
 40 -0.00161  6.04134e-07 | 41 -0.01219  7.86519e-07 | 42  0.00042  8.37022e-07
 43 -0.02802  8.33084e-07 | 44 -0.00054  8.41588e-07 | 45  0.02939  8.32255e-07
 46  0.00402  8.02646e-07 | 47  0.00091  7.88645e-07 | 48 -0.00019  7.80043e-07
 49 -0.00125  7.86283e-07 | 50 -0.00212  7.84537e-07 | 51 -0.00232  7.78207e-07
 52 -0.00237  7.88350e-07 | 53  0.50694  9.90887e-10 | 54 -0.01782  5.07613e-08
 55  0.17819 -8.87289e-09 | 56  0.18290 -2.24571e-08 | 57 -0.25485 -4.80098e-10
 58  0.11076 -1.39405e-07 | 59 -0.26531  6.38490e-09 |

Initial statistics: 60 variables; iteration 0; function evaluation 0; phase 6
Function value 8.6121345e+00; maximum gradient component mag -1.0087e-05
Var    Value     Gradient |Var    Value     Gradient |Var    Value     Gradient
  1  0.01564 -1.00873e-05 |  2 -0.01731 -1.66155e-07 |  3 -0.00053  1.32066e-08
  4 -0.00226 -1.54264e-09 |  5 -0.00964  5.47396e-09 |  6 -0.01240  5.31060e-09
  7 -0.01747  6.19691e-09 |  8 -0.00386 -1.38512e-09 |  9  0.01300 -1.13000e-08
 10  0.02228 -5.20120e-09 | 11  0.01643 -2.03736e-08 | 12 -0.03717  7.03540e-07
 13 -0.03701  6.99499e-07 | 14 -0.01434  7.20950e-07 | 15 -0.02896  7.51559e-07
 16 -0.03895  7.44139e-07 | 17 -0.02100  7.15276e-07 | 18 -0.07702  7.53743e-07
 19  0.04778  3.99136e-07 | 20 -0.05173  6.80552e-07 | 21 -0.08022  6.71759e-07
 22 -0.05601  5.11405e-07 | 23  0.07367 -1.23078e-07 | 24  0.00802 -1.13513e-07
 25  0.03459 -8.51585e-07 | 26  0.00683 -6.77211e-07 | 27  0.01991 -1.35428e-06
 28  0.05262 -2.55201e-06 | 29  0.00757 -7.88778e-07 | 30  0.02593 -2.01599e-06
 31 -0.01440 -2.36976e-07 | 32 -0.00671 -1.21222e-06 | 33  0.04941 -2.81102e-06
 34  0.03793 -2.47204e-06 | 35  0.00196 -7.05120e-07 | 36  0.05880 -1.85245e-06
 37  0.03974 -4.73335e-07 | 38 -0.02083  4.09701e-07 | 39  0.03533  2.46036e-07
 40 -0.00161  6.04134e-07 | 41 -0.01219  7.86519e-07 | 42  0.00042  8.37022e-07
 43 -0.02802  8.33084e-07 | 44 -0.00054  8.41588e-07 | 45  0.02939  8.32255e-07
 46  0.00402  8.02646e-07 | 47  0.00091  7.88645e-07 | 48 -0.00019  7.80043e-07
 49 -0.00125  7.86283e-07 | 50 -0.00212  7.84537e-07 | 51 -0.00232  7.78207e-07
 52 -0.00237  7.88350e-07 | 53  0.50694  9.90887e-10 | 54 -0.01782  5.07613e-08
 55  0.17819 -8.87289e-09 | 56  0.18290 -2.24571e-08 | 57 -0.25485 -4.80098e-10
 58 -0.05971  5.38145e-09 | 59  0.11076 -1.39405e-07 | 60 -0.26531  6.38490e-09
  ic > imax  in fminim is answer attained ?
Var    Value     Gradient |Var    Value     Gradient |Var    Value     Gradient
  1  0.01564 -1.00873e-05 |  2 -0.01731 -1.66155e-07 |  3 -0.00053  1.32066e-08
  4 -0.00226 -1.54264e-09 |  5 -0.00964  5.47396e-09 |  6 -0.01240  5.31060e-09
  7 -0.01747  6.19691e-09 |  8 -0.00386 -1.38512e-09 |  9  0.01300 -1.13000e-08
 10  0.02228 -5.20120e-09 | 11  0.01643 -2.03736e-08 | 12 -0.03717  7.03540e-07
 13 -0.03701  6.99499e-07 | 14 -0.01434  7.20950e-07 | 15 -0.02896  7.51559e-07
 16 -0.03895  7.44139e-07 | 17 -0.02100  7.15276e-07 | 18 -0.07702  7.53743e-07
 19  0.04778  3.99136e-07 | 20 -0.05173  6.80552e-07 | 21 -0.08022  6.71759e-07
 22 -0.05601  5.11405e-07 | 23  0.07367 -1.23078e-07 | 24  0.00802 -1.13513e-07
 25  0.03459 -8.51585e-07 | 26  0.00683 -6.77211e-07 | 27  0.01991 -1.35428e-06
 28  0.05262 -2.55201e-06 | 29  0.00757 -7.88778e-07 | 30  0.02593 -2.01599e-06
 31 -0.01440 -2.36976e-07 | 32 -0.00671 -1.21222e-06 | 33  0.04941 -2.81102e-06
 34  0.03793 -2.47204e-06 | 35  0.00196 -7.05120e-07 | 36  0.05880 -1.85245e-06
 37  0.03974 -4.73335e-07 | 38 -0.02083  4.09701e-07 | 39  0.03533  2.46036e-07
 40 -0.00161  6.04134e-07 | 41 -0.01219  7.86519e-07 | 42  0.00042  8.37022e-07
 43 -0.02802  8.33084e-07 | 44 -0.00054  8.41588e-07 | 45  0.02939  8.32255e-07
 46  0.00402  8.02646e-07 | 47  0.00091  7.88645e-07 | 48 -0.00019  7.80043e-07
 49 -0.00125  7.86283e-07 | 50 -0.00212  7.84537e-07 | 51 -0.00232  7.78207e-07
 52 -0.00237  7.88350e-07 | 53  0.50694  9.90887e-10 | 54 -0.01782  5.07613e-08
 55  0.17819 -8.87289e-09 | 56  0.18290 -2.24571e-08 | 57 -0.25485 -4.80098e-10
 58 -0.05971  5.38145e-09 | 59  0.11076 -1.39405e-07 | 60 -0.26531  6.38490e-09
Function minimizer not making progress ... is minimum attained?
Minimprove criterion = 0.0000e+00

 - final statistics:
60 variables; iteration 1; function evaluation 30
Function value 8.6121e+00; maximum gradient component mag -1.0087e-05
Exit code = 1;  converg criter 1.0000e-05
Var    Value     Gradient |Var    Value     Gradient |Var    Value     Gradient
  1  0.01564 -1.00873e-05 |  2 -0.01731 -1.66155e-07 |  3 -0.00053  1.32066e-08
  4 -0.00226 -1.54264e-09 |  5 -0.00964  5.47396e-09 |  6 -0.01240  5.31060e-09
  7 -0.01747  6.19691e-09 |  8 -0.00386 -1.38512e-09 |  9  0.01300 -1.13000e-08
 10  0.02228 -5.20120e-09 | 11  0.01643 -2.03736e-08 | 12 -0.03717  7.03540e-07
 13 -0.03701  6.99499e-07 | 14 -0.01434  7.20950e-07 | 15 -0.02896  7.51559e-07
 16 -0.03895  7.44139e-07 | 17 -0.02100  7.15276e-07 | 18 -0.07702  7.53743e-07
 19  0.04778  3.99136e-07 | 20 -0.05173  6.80552e-07 | 21 -0.08022  6.71759e-07
 22 -0.05601  5.11405e-07 | 23  0.07367 -1.23078e-07 | 24  0.00802 -1.13513e-07
 25  0.03459 -8.51585e-07 | 26  0.00683 -6.77211e-07 | 27  0.01991 -1.35428e-06
 28  0.05262 -2.55201e-06 | 29  0.00757 -7.88778e-07 | 30  0.02593 -2.01599e-06
 31 -0.01440 -2.36976e-07 | 32 -0.00671 -1.21222e-06 | 33  0.04941 -2.81102e-06
 34  0.03793 -2.47204e-06 | 35  0.00196 -7.05120e-07 | 36  0.05880 -1.85245e-06
 37  0.03974 -4.73335e-07 | 38 -0.02083  4.09701e-07 | 39  0.03533  2.46036e-07
 40 -0.00161  6.04134e-07 | 41 -0.01219  7.86519e-07 | 42  0.00042  8.37022e-07
 43 -0.02802  8.33084e-07 | 44 -0.00054  8.41588e-07 | 45  0.02939  8.32255e-07
 46  0.00402  8.02646e-07 | 47  0.00091  7.88645e-07 | 48 -0.00019  7.80043e-07
 49 -0.00125  7.86283e-07 | 50 -0.00212  7.84537e-07 | 51 -0.00232  7.78207e-07
 52 -0.00237  7.88350e-07 | 53  0.50694  9.90887e-10 | 54 -0.01782  5.07613e-08
 55  0.17819 -8.87289e-09 | 56  0.18290 -2.24571e-08 | 57 -0.25485 -4.80098e-10
 58 -0.05971  5.38145e-09 | 59  0.11076 -1.39405e-07 | 60 -0.26531  6.38490e-09

Initial statistics: 62 variables; iteration 0; function evaluation 0; phase 7
Function value 8.6121345e+00; maximum gradient component mag -1.0083e-05
Var    Value     Gradient |Var    Value     Gradient |Var    Value     Gradient
  1  0.01564 -1.00829e-05 |  2 -0.01731 -1.66106e-07 |  3 -0.00053  1.32065e-08
  4 -0.00226 -1.54231e-09 |  5 -0.00964  5.47405e-09 |  6 -0.01240  5.31085e-09
  7 -0.01747  6.19710e-09 |  8 -0.00386 -1.38423e-09 |  9  0.01300 -1.12984e-08
 10  0.02228 -5.19819e-09 | 11  0.01643 -2.03683e-08 | 12 -0.03717  7.03214e-07
 13 -0.03701  6.99176e-07 | 14 -0.01434  7.20631e-07 | 15 -0.02896  7.51234e-07
 16 -0.03895  7.43812e-07 | 17 -0.02100  7.14964e-07 | 18 -0.07702  7.53427e-07
 19  0.04778  3.98983e-07 | 20 -0.05173  6.80270e-07 | 21 -0.08022  6.71475e-07
 22 -0.05601  5.11176e-07 | 23  0.07367 -1.22991e-07 | 24  0.00802 -1.13414e-07
 25  0.03459 -8.51150e-07 | 26  0.00683 -6.76851e-07 | 27  0.01991 -1.35361e-06
 28  0.05262 -2.55081e-06 | 29  0.00757 -7.88401e-07 | 30  0.02593 -2.01505e-06
 31 -0.01440 -2.36871e-07 | 32 -0.00671 -1.21169e-06 | 33  0.04941 -2.80973e-06
 34  0.03793 -2.47107e-06 | 35  0.00196 -7.04798e-07 | 36  0.05880 -1.85179e-06
 37  0.03974 -4.73219e-07 | 38 -0.02083  4.09490e-07 | 39  0.03533  2.45848e-07
 40 -0.00161  6.03832e-07 | 41 -0.01219  7.86164e-07 | 42  0.00042  8.36648e-07
 43 -0.02802  8.32718e-07 | 44 -0.00054  8.41224e-07 | 45  0.02939  8.31897e-07
 46  0.00402  8.02296e-07 | 47  0.00091  7.88297e-07 | 48 -0.00019  7.79695e-07
 49 -0.00125  7.85935e-07 | 50 -0.00212  7.84190e-07 | 51 -0.00232  7.77860e-07
 52 -0.00237  7.88003e-07 | 53  0.00000  0.00000e+00 | 54  0.00000  0.00000e+00
 55  0.50694  9.89011e-10 | 56 -0.01782  5.07600e-08 | 57  0.17819 -8.87133e-09
 58  0.18290 -2.24554e-08 | 59 -0.25485 -4.80025e-10 | 60 -0.05971  5.38435e-09
 61  0.11076 -1.39396e-07 | 62 -0.26531  6.38524e-09 |
  ic > imax  in fminim is answer attained ?
Var    Value     Gradient |Var    Value     Gradient |Var    Value     Gradient
  1  0.01564 -1.00829e-05 |  2 -0.01731 -1.66106e-07 |  3 -0.00053  1.32065e-08
  4 -0.00226 -1.54231e-09 |  5 -0.00964  5.47405e-09 |  6 -0.01240  5.31085e-09
  7 -0.01747  6.19710e-09 |  8 -0.00386 -1.38423e-09 |  9  0.01300 -1.12984e-08
 10  0.02228 -5.19819e-09 | 11  0.01643 -2.03683e-08 | 12 -0.03717  7.03214e-07
 13 -0.03701  6.99176e-07 | 14 -0.01434  7.20631e-07 | 15 -0.02896  7.51234e-07
 16 -0.03895  7.43812e-07 | 17 -0.02100  7.14964e-07 | 18 -0.07702  7.53427e-07
 19  0.04778  3.98983e-07 | 20 -0.05173  6.80270e-07 | 21 -0.08022  6.71475e-07
 22 -0.05601  5.11176e-07 | 23  0.07367 -1.22991e-07 | 24  0.00802 -1.13414e-07
 25  0.03459 -8.51150e-07 | 26  0.00683 -6.76851e-07 | 27  0.01991 -1.35361e-06
 28  0.05262 -2.55081e-06 | 29  0.00757 -7.88401e-07 | 30  0.02593 -2.01505e-06
 31 -0.01440 -2.36871e-07 | 32 -0.00671 -1.21169e-06 | 33  0.04941 -2.80973e-06
 34  0.03793 -2.47107e-06 | 35  0.00196 -7.04798e-07 | 36  0.05880 -1.85179e-06
 37  0.03974 -4.73219e-07 | 38 -0.02083  4.09490e-07 | 39  0.03533  2.45848e-07
 40 -0.00161  6.03832e-07 | 41 -0.01219  7.86164e-07 | 42  0.00042  8.36648e-07
 43 -0.02802  8.32718e-07 | 44 -0.00054  8.41224e-07 | 45  0.02939  8.31897e-07
 46  0.00402  8.02296e-07 | 47  0.00091  7.88297e-07 | 48 -0.00019  7.79695e-07
 49 -0.00125  7.85935e-07 | 50 -0.00212  7.84190e-07 | 51 -0.00232  7.77860e-07
 52 -0.00237  7.88003e-07 | 53  0.00000  0.00000e+00 | 54  0.00000  0.00000e+00
 55  0.50694  9.89011e-10 | 56 -0.01782  5.07600e-08 | 57  0.17819 -8.87133e-09
 58  0.18290 -2.24554e-08 | 59 -0.25485 -4.80025e-10 | 60 -0.05971  5.38435e-09
 61  0.11076 -1.39396e-07 | 62 -0.26531  6.38524e-09 |
Function minimizer not making progress ... is minimum attained?
Minimprove criterion = 0.0000e+00

 - final statistics:
62 variables; iteration 1; function evaluation 30
Function value 8.6121e+00; maximum gradient component mag -1.0083e-05
Exit code = 1;  converg criter 1.0000e-05
Var    Value     Gradient |Var    Value     Gradient |Var    Value     Gradient
  1  0.01564 -1.00829e-05 |  2 -0.01731 -1.66106e-07 |  3 -0.00053  1.32065e-08
  4 -0.00226 -1.54231e-09 |  5 -0.00964  5.47405e-09 |  6 -0.01240  5.31085e-09
  7 -0.01747  6.19710e-09 |  8 -0.00386 -1.38423e-09 |  9  0.01300 -1.12984e-08
 10  0.02228 -5.19819e-09 | 11  0.01643 -2.03683e-08 | 12 -0.03717  7.03214e-07
 13 -0.03701  6.99176e-07 | 14 -0.01434  7.20631e-07 | 15 -0.02896  7.51234e-07
 16 -0.03895  7.43812e-07 | 17 -0.02100  7.14964e-07 | 18 -0.07702  7.53427e-07
 19  0.04778  3.98983e-07 | 20 -0.05173  6.80270e-07 | 21 -0.08022  6.71475e-07
 22 -0.05601  5.11176e-07 | 23  0.07367 -1.22991e-07 | 24  0.00802 -1.13414e-07
 25  0.03459 -8.51150e-07 | 26  0.00683 -6.76851e-07 | 27  0.01991 -1.35361e-06
 28  0.05262 -2.55081e-06 | 29  0.00757 -7.88401e-07 | 30  0.02593 -2.01505e-06
 31 -0.01440 -2.36871e-07 | 32 -0.00671 -1.21169e-06 | 33  0.04941 -2.80973e-06
 34  0.03793 -2.47107e-06 | 35  0.00196 -7.04798e-07 | 36  0.05880 -1.85179e-06
 37  0.03974 -4.73219e-07 | 38 -0.02083  4.09490e-07 | 39  0.03533  2.45848e-07
 40 -0.00161  6.03832e-07 | 41 -0.01219  7.86164e-07 | 42  0.00042  8.36648e-07
 43 -0.02802  8.32718e-07 | 44 -0.00054  8.41224e-07 | 45  0.02939  8.31897e-07
 46  0.00402  8.02296e-07 | 47  0.00091  7.88297e-07 | 48 -0.00019  7.79695e-07
 49 -0.00125  7.85935e-07 | 50 -0.00212  7.84190e-07 | 51 -0.00232  7.77860e-07
 52 -0.00237  7.88003e-07 | 53  0.00000  0.00000e+00 | 54  0.00000  0.00000e+00
 55  0.50694  9.89011e-10 | 56 -0.01782  5.07600e-08 | 57  0.17819 -8.87133e-09
 58  0.18290 -2.24554e-08 | 59 -0.25485 -4.80025e-10 | 60 -0.05971  5.38435e-09
 61  0.11076 -1.39396e-07 | 62 -0.26531  6.38524e-09 |
size of file gradfil1.tmp = 0
size of file gradfil2.tmp = 0
size of file varssave.tmp = 0
size of file cmpdiff.tmp = 200000008
