
 - final statistics:
44 variables; iteration 0; function evaluation 0
Function value 8.6121e+00; maximum gradient component mag -1.0078e-05
Exit code = 0;  converg criter 1.0000e+01
Var    Value     Gradient |Var    Value     Gradient |Var    Value     Gradient
  1  0.01564 -1.00782e-05 |  2 -0.01731 -1.66022e-07 |  3 -0.03717  7.02888e-07
  4 -0.03701  6.98858e-07 |  5 -0.01434  7.20326e-07 |  6 -0.02896  7.50923e-07
  7 -0.03895  7.43499e-07 |  8 -0.02100  7.14678e-07 |  9 -0.07702  7.53119e-07
 10  0.04778  3.98935e-07 | 11 -0.05173  6.80008e-07 | 12 -0.08022  6.71204e-07
 13 -0.05601  5.10976e-07 | 14  0.07367 -1.22782e-07 | 15  0.00802 -1.13216e-07
 16  0.03459 -8.50573e-07 | 17  0.00683 -6.76398e-07 | 18  0.01991 -1.35283e-06
 19  0.05262 -2.54949e-06 | 20  0.00757 -7.87987e-07 | 21  0.02593 -2.01407e-06
 22 -0.01440 -2.36762e-07 | 23 -0.00671 -1.21117e-06 | 24  0.04941 -2.80848e-06
 25  0.03793 -2.47015e-06 | 26  0.00196 -7.04528e-07 | 27  0.05880 -1.85124e-06
 28  0.03974 -4.73187e-07 | 29 -0.02083  4.09224e-07 | 30  0.03533  2.45545e-07
 31 -0.00161  6.03427e-07 | 32 -0.01219  7.85706e-07 | 33  0.00042  8.36174e-07
 34 -0.02802  8.32302e-07 | 35 -0.00054  8.40820e-07 | 36  0.02939  8.31511e-07
 37  0.00402  8.01929e-07 | 38  0.00091  7.87934e-07 | 39 -0.00019  7.79332e-07
 40 -0.00125  7.85574e-07 | 41 -0.00212  7.83829e-07 | 42 -0.00232  7.77500e-07
 43 -0.00237  7.87642e-07 | 44  0.50694  9.84909e-10 |

 - final statistics:
57 variables; iteration 0; function evaluation 0
Function value 8.6121e+00; maximum gradient component mag -1.0078e-05
Exit code = 0;  converg criter 1.0000e+01
Var    Value     Gradient |Var    Value     Gradient |Var    Value     Gradient
  1  0.01564 -1.00782e-05 |  2 -0.01731 -1.66019e-07 |  3 -0.00053  1.32068e-08
  4 -0.00226 -1.54135e-09 |  5 -0.00964  5.47476e-09 |  6 -0.01240  5.31194e-09
  7 -0.01747  6.19826e-09 |  8 -0.00386 -1.38185e-09 |  9  0.01300 -1.12949e-08
 10  0.02228 -5.19241e-09 | 11  0.01643 -2.03587e-08 | 12 -0.03717  7.02886e-07
 13 -0.03701  6.98855e-07 | 14 -0.01434  7.20324e-07 | 15 -0.02896  7.50920e-07
 16 -0.03895  7.43496e-07 | 17 -0.02100  7.14676e-07 | 18 -0.07702  7.53116e-07
 19  0.04778  3.98935e-07 | 20 -0.05173  6.80005e-07 | 21 -0.08022  6.71201e-07
 22 -0.05601  5.10976e-07 | 23  0.07367 -1.22774e-07 | 24  0.00802 -1.13209e-07
 25  0.03459 -8.50559e-07 | 26  0.00683 -6.76388e-07 | 27  0.01991 -1.35282e-06
 28  0.05262 -2.54947e-06 | 29  0.00757 -7.87980e-07 | 30  0.02593 -2.01405e-06
 31 -0.01440 -2.36761e-07 | 32 -0.00671 -1.21117e-06 | 33  0.04941 -2.80847e-06
 34  0.03793 -2.47015e-06 | 35  0.00196 -7.04531e-07 | 36  0.05880 -1.85125e-06
 37  0.03974 -4.73194e-07 | 38 -0.02083  4.09217e-07 | 39  0.03533  2.45536e-07
 40 -0.00161  6.03420e-07 | 41 -0.01219  7.85700e-07 | 42  0.00042  8.36168e-07
 43 -0.02802  8.32297e-07 | 44 -0.00054  8.40816e-07 | 45  0.02939  8.31506e-07
 46  0.00402  8.01925e-07 | 47  0.00091  7.87930e-07 | 48 -0.00019  7.79328e-07
 49 -0.00125  7.85570e-07 | 50 -0.00212  7.83825e-07 | 51 -0.00232  7.77496e-07
 52 -0.00237  7.87638e-07 | 53  0.50694  9.84691e-10 | 54 -0.01782  5.07718e-08
 55  0.17819 -8.86851e-09 | 56  0.11076 -1.39356e-07 | 57 -0.26531  6.38190e-09

 - final statistics:
57 variables; iteration 0; function evaluation 0
Function value 8.6121e+00; maximum gradient component mag -1.0078e-05
Exit code = 0;  converg criter 1.0000e+00
Var    Value     Gradient |Var    Value     Gradient |Var    Value     Gradient
  1  0.01564 -1.00782e-05 |  2 -0.01731 -1.66019e-07 |  3 -0.00053  1.32068e-08
  4 -0.00226 -1.54135e-09 |  5 -0.00964  5.47476e-09 |  6 -0.01240  5.31194e-09
  7 -0.01747  6.19826e-09 |  8 -0.00386 -1.38185e-09 |  9  0.01300 -1.12949e-08
 10  0.02228 -5.19242e-09 | 11  0.01643 -2.03587e-08 | 12 -0.03717  7.02886e-07
 13 -0.03701  6.98856e-07 | 14 -0.01434  7.20324e-07 | 15 -0.02896  7.50921e-07
 16 -0.03895  7.43497e-07 | 17 -0.02100  7.14676e-07 | 18 -0.07702  7.53117e-07
 19  0.04778  3.98936e-07 | 20 -0.05173  6.80006e-07 | 21 -0.08022  6.71202e-07
 22 -0.05601  5.10977e-07 | 23  0.07367 -1.22773e-07 | 24  0.00802 -1.13208e-07
 25  0.03459 -8.50558e-07 | 26  0.00683 -6.76387e-07 | 27  0.01991 -1.35282e-06
 28  0.05262 -2.54947e-06 | 29  0.00757 -7.87980e-07 | 30  0.02593 -2.01406e-06
 31 -0.01440 -2.36761e-07 | 32 -0.00671 -1.21117e-06 | 33  0.04941 -2.80848e-06
 34  0.03793 -2.47015e-06 | 35  0.00196 -7.04532e-07 | 36  0.05880 -1.85125e-06
 37  0.03974 -4.73195e-07 | 38 -0.02083  4.09217e-07 | 39  0.03533  2.45536e-07
 40 -0.00161  6.03420e-07 | 41 -0.01219  7.85700e-07 | 42  0.00042  8.36169e-07
 43 -0.02802  8.32298e-07 | 44 -0.00054  8.40816e-07 | 45  0.02939  8.31507e-07
 46  0.00402  8.01925e-07 | 47  0.00091  7.87930e-07 | 48 -0.00019  7.79329e-07
 49 -0.00125  7.85571e-07 | 50 -0.00212  7.83826e-07 | 51 -0.00232  7.77496e-07
 52 -0.00237  7.87639e-07 | 53  0.50694  9.84695e-10 | 54 -0.01782  5.07721e-08
 55  0.17819 -8.86849e-09 | 56  0.11076 -1.39356e-07 | 57 -0.26531  6.38194e-09

 - final statistics:
58 variables; iteration 0; function evaluation 0
Function value 8.6121e+00; maximum gradient component mag -1.0078e-05
Exit code = 0;  converg criter 1.0000e+00
Var    Value     Gradient |Var    Value     Gradient |Var    Value     Gradient
  1  0.01564 -1.00782e-05 |  2 -0.01731 -1.66020e-07 |  3 -0.00053  1.32068e-08
  4 -0.00226 -1.54136e-09 |  5 -0.00964  5.47475e-09 |  6 -0.01240  5.31192e-09
  7 -0.01747  6.19825e-09 |  8 -0.00386 -1.38188e-09 |  9  0.01300 -1.12949e-08
 10  0.02228 -5.19246e-09 | 11  0.01643 -2.03588e-08 | 12 -0.03717  7.02884e-07
 13 -0.03701  6.98853e-07 | 14 -0.01434  7.20321e-07 | 15 -0.02896  7.50918e-07
 16 -0.03895  7.43494e-07 | 17 -0.02100  7.14673e-07 | 18 -0.07702  7.53114e-07
 19  0.04778  3.98933e-07 | 20 -0.05173  6.80003e-07 | 21 -0.08022  6.71200e-07
 22 -0.05601  5.10974e-07 | 23  0.07367 -1.22774e-07 | 24  0.00802 -1.13209e-07
 25  0.03459 -8.50558e-07 | 26  0.00683 -6.76387e-07 | 27  0.01991 -1.35282e-06
 28  0.05262 -2.54946e-06 | 29  0.00757 -7.87978e-07 | 30  0.02593 -2.01405e-06
 31 -0.01440 -2.36760e-07 | 32 -0.00671 -1.21117e-06 | 33  0.04941 -2.80846e-06
 34  0.03793 -2.47014e-06 | 35  0.00196 -7.04528e-07 | 36  0.05880 -1.85124e-06
 37  0.03974 -4.73192e-07 | 38 -0.02083  4.09217e-07 | 39  0.03533  2.45536e-07
 40 -0.00161  6.03419e-07 | 41 -0.01219  7.85698e-07 | 42  0.00042  8.36167e-07
 43 -0.02802  8.32296e-07 | 44 -0.00054  8.40814e-07 | 45  0.02939  8.31505e-07
 46  0.00402  8.01923e-07 | 47  0.00091  7.87928e-07 | 48 -0.00019  7.79326e-07
 49 -0.00125  7.85569e-07 | 50 -0.00212  7.83823e-07 | 51 -0.00232  7.77494e-07
 52 -0.00237  7.87637e-07 | 53  0.50694  9.84743e-10 | 54 -0.01782  5.07717e-08
 55  0.17819 -8.86852e-09 | 56  0.18290 -2.24589e-08 | 57  0.11076 -1.39357e-07
 58 -0.26531  6.38209e-09 |

 - final statistics:
59 variables; iteration 0; function evaluation 0
Function value 8.6121e+00; maximum gradient component mag -1.0078e-05
Exit code = 0;  converg criter 1.0000e+00
Var    Value     Gradient |Var    Value     Gradient |Var    Value     Gradient
  1  0.01564 -1.00782e-05 |  2 -0.01731 -1.66020e-07 |  3 -0.00053  1.32068e-08
  4 -0.00226 -1.54136e-09 |  5 -0.00964  5.47475e-09 |  6 -0.01240  5.31192e-09
  7 -0.01747  6.19825e-09 |  8 -0.00386 -1.38188e-09 |  9  0.01300 -1.12949e-08
 10  0.02228 -5.19246e-09 | 11  0.01643 -2.03588e-08 | 12 -0.03717  7.02884e-07
 13 -0.03701  6.98853e-07 | 14 -0.01434  7.20321e-07 | 15 -0.02896  7.50918e-07
 16 -0.03895  7.43494e-07 | 17 -0.02100  7.14673e-07 | 18 -0.07702  7.53114e-07
 19  0.04778  3.98933e-07 | 20 -0.05173  6.80003e-07 | 21 -0.08022  6.71200e-07
 22 -0.05601  5.10974e-07 | 23  0.07367 -1.22774e-07 | 24  0.00802 -1.13209e-07
 25  0.03459 -8.50558e-07 | 26  0.00683 -6.76387e-07 | 27  0.01991 -1.35282e-06
 28  0.05262 -2.54946e-06 | 29  0.00757 -7.87978e-07 | 30  0.02593 -2.01405e-06
 31 -0.01440 -2.36760e-07 | 32 -0.00671 -1.21117e-06 | 33  0.04941 -2.80846e-06
 34  0.03793 -2.47014e-06 | 35  0.00196 -7.04528e-07 | 36  0.05880 -1.85124e-06
 37  0.03974 -4.73192e-07 | 38 -0.02083  4.09217e-07 | 39  0.03533  2.45536e-07
 40 -0.00161  6.03419e-07 | 41 -0.01219  7.85698e-07 | 42  0.00042  8.36167e-07
 43 -0.02802  8.32296e-07 | 44 -0.00054  8.40814e-07 | 45  0.02939  8.31505e-07
 46  0.00402  8.01923e-07 | 47  0.00091  7.87928e-07 | 48 -0.00019  7.79326e-07
 49 -0.00125  7.85569e-07 | 50 -0.00212  7.83823e-07 | 51 -0.00232  7.77494e-07
 52 -0.00237  7.87637e-07 | 53  0.50694  9.84744e-10 | 54 -0.01782  5.07717e-08
 55  0.17819 -8.86851e-09 | 56  0.18290 -2.24589e-08 | 57 -0.25485 -4.79898e-10
 58  0.11076 -1.39357e-07 | 59 -0.26531  6.38209e-09 |

Initial statistics: 60 variables; iteration 0; function evaluation 0; phase 6
Function value 8.6121345e+00; maximum gradient component mag -1.0078e-05
Var    Value     Gradient |Var    Value     Gradient |Var    Value     Gradient
  1  0.01564 -1.00782e-05 |  2 -0.01731 -1.66020e-07 |  3 -0.00053  1.32068e-08
  4 -0.00226 -1.54136e-09 |  5 -0.00964  5.47475e-09 |  6 -0.01240  5.31192e-09
  7 -0.01747  6.19825e-09 |  8 -0.00386 -1.38188e-09 |  9  0.01300 -1.12949e-08
 10  0.02228 -5.19246e-09 | 11  0.01643 -2.03588e-08 | 12 -0.03717  7.02884e-07
 13 -0.03701  6.98853e-07 | 14 -0.01434  7.20321e-07 | 15 -0.02896  7.50918e-07
 16 -0.03895  7.43494e-07 | 17 -0.02100  7.14673e-07 | 18 -0.07702  7.53114e-07
 19  0.04778  3.98933e-07 | 20 -0.05173  6.80003e-07 | 21 -0.08022  6.71200e-07
 22 -0.05601  5.10974e-07 | 23  0.07367 -1.22774e-07 | 24  0.00802 -1.13209e-07
 25  0.03459 -8.50558e-07 | 26  0.00683 -6.76387e-07 | 27  0.01991 -1.35282e-06
 28  0.05262 -2.54946e-06 | 29  0.00757 -7.87978e-07 | 30  0.02593 -2.01405e-06
 31 -0.01440 -2.36760e-07 | 32 -0.00671 -1.21117e-06 | 33  0.04941 -2.80846e-06
 34  0.03793 -2.47014e-06 | 35  0.00196 -7.04528e-07 | 36  0.05880 -1.85124e-06
 37  0.03974 -4.73192e-07 | 38 -0.02083  4.09217e-07 | 39  0.03533  2.45536e-07
 40 -0.00161  6.03419e-07 | 41 -0.01219  7.85698e-07 | 42  0.00042  8.36167e-07
 43 -0.02802  8.32296e-07 | 44 -0.00054  8.40814e-07 | 45  0.02939  8.31505e-07
 46  0.00402  8.01923e-07 | 47  0.00091  7.87928e-07 | 48 -0.00019  7.79326e-07
 49 -0.00125  7.85569e-07 | 50 -0.00212  7.83823e-07 | 51 -0.00232  7.77494e-07
 52 -0.00237  7.87637e-07 | 53  0.50694  9.84744e-10 | 54 -0.01782  5.07717e-08
 55  0.17819 -8.86851e-09 | 56  0.18290 -2.24589e-08 | 57 -0.25485 -4.79898e-10
 58 -0.05971  5.38838e-09 | 59  0.11076 -1.39357e-07 | 60 -0.26531  6.38209e-09
  ic > imax  in fminim is answer attained ?
Var    Value     Gradient |Var    Value     Gradient |Var    Value     Gradient
  1  0.01564 -1.00782e-05 |  2 -0.01731 -1.66020e-07 |  3 -0.00053  1.32068e-08
  4 -0.00226 -1.54136e-09 |  5 -0.00964  5.47475e-09 |  6 -0.01240  5.31192e-09
  7 -0.01747  6.19825e-09 |  8 -0.00386 -1.38188e-09 |  9  0.01300 -1.12949e-08
 10  0.02228 -5.19246e-09 | 11  0.01643 -2.03588e-08 | 12 -0.03717  7.02884e-07
 13 -0.03701  6.98853e-07 | 14 -0.01434  7.20321e-07 | 15 -0.02896  7.50918e-07
 16 -0.03895  7.43494e-07 | 17 -0.02100  7.14673e-07 | 18 -0.07702  7.53114e-07
 19  0.04778  3.98933e-07 | 20 -0.05173  6.80003e-07 | 21 -0.08022  6.71200e-07
 22 -0.05601  5.10974e-07 | 23  0.07367 -1.22774e-07 | 24  0.00802 -1.13209e-07
 25  0.03459 -8.50558e-07 | 26  0.00683 -6.76387e-07 | 27  0.01991 -1.35282e-06
 28  0.05262 -2.54946e-06 | 29  0.00757 -7.87978e-07 | 30  0.02593 -2.01405e-06
 31 -0.01440 -2.36760e-07 | 32 -0.00671 -1.21117e-06 | 33  0.04941 -2.80846e-06
 34  0.03793 -2.47014e-06 | 35  0.00196 -7.04528e-07 | 36  0.05880 -1.85124e-06
 37  0.03974 -4.73192e-07 | 38 -0.02083  4.09217e-07 | 39  0.03533  2.45536e-07
 40 -0.00161  6.03419e-07 | 41 -0.01219  7.85698e-07 | 42  0.00042  8.36167e-07
 43 -0.02802  8.32296e-07 | 44 -0.00054  8.40814e-07 | 45  0.02939  8.31505e-07
 46  0.00402  8.01923e-07 | 47  0.00091  7.87928e-07 | 48 -0.00019  7.79326e-07
 49 -0.00125  7.85569e-07 | 50 -0.00212  7.83823e-07 | 51 -0.00232  7.77494e-07
 52 -0.00237  7.87637e-07 | 53  0.50694  9.84744e-10 | 54 -0.01782  5.07717e-08
 55  0.17819 -8.86851e-09 | 56  0.18290 -2.24589e-08 | 57 -0.25485 -4.79898e-10
 58 -0.05971  5.38838e-09 | 59  0.11076 -1.39357e-07 | 60 -0.26531  6.38209e-09
Function minimizer not making progress ... is minimum attained?
Minimprove criterion = 0.0000e+00

 - final statistics:
60 variables; iteration 1; function evaluation 30
Function value 8.6121e+00; maximum gradient component mag -1.0078e-05
Exit code = 1;  converg criter 1.0000e-05
Var    Value     Gradient |Var    Value     Gradient |Var    Value     Gradient
  1  0.01564 -1.00782e-05 |  2 -0.01731 -1.66020e-07 |  3 -0.00053  1.32068e-08
  4 -0.00226 -1.54136e-09 |  5 -0.00964  5.47475e-09 |  6 -0.01240  5.31192e-09
  7 -0.01747  6.19825e-09 |  8 -0.00386 -1.38188e-09 |  9  0.01300 -1.12949e-08
 10  0.02228 -5.19246e-09 | 11  0.01643 -2.03588e-08 | 12 -0.03717  7.02884e-07
 13 -0.03701  6.98853e-07 | 14 -0.01434  7.20321e-07 | 15 -0.02896  7.50918e-07
 16 -0.03895  7.43494e-07 | 17 -0.02100  7.14673e-07 | 18 -0.07702  7.53114e-07
 19  0.04778  3.98933e-07 | 20 -0.05173  6.80003e-07 | 21 -0.08022  6.71200e-07
 22 -0.05601  5.10974e-07 | 23  0.07367 -1.22774e-07 | 24  0.00802 -1.13209e-07
 25  0.03459 -8.50558e-07 | 26  0.00683 -6.76387e-07 | 27  0.01991 -1.35282e-06
 28  0.05262 -2.54946e-06 | 29  0.00757 -7.87978e-07 | 30  0.02593 -2.01405e-06
 31 -0.01440 -2.36760e-07 | 32 -0.00671 -1.21117e-06 | 33  0.04941 -2.80846e-06
 34  0.03793 -2.47014e-06 | 35  0.00196 -7.04528e-07 | 36  0.05880 -1.85124e-06
 37  0.03974 -4.73192e-07 | 38 -0.02083  4.09217e-07 | 39  0.03533  2.45536e-07
 40 -0.00161  6.03419e-07 | 41 -0.01219  7.85698e-07 | 42  0.00042  8.36167e-07
 43 -0.02802  8.32296e-07 | 44 -0.00054  8.40814e-07 | 45  0.02939  8.31505e-07
 46  0.00402  8.01923e-07 | 47  0.00091  7.87928e-07 | 48 -0.00019  7.79326e-07
 49 -0.00125  7.85569e-07 | 50 -0.00212  7.83823e-07 | 51 -0.00232  7.77494e-07
 52 -0.00237  7.87637e-07 | 53  0.50694  9.84744e-10 | 54 -0.01782  5.07717e-08
 55  0.17819 -8.86851e-09 | 56  0.18290 -2.24589e-08 | 57 -0.25485 -4.79898e-10
 58 -0.05971  5.38838e-09 | 59  0.11076 -1.39357e-07 | 60 -0.26531  6.38209e-09

Initial statistics: 62 variables; iteration 0; function evaluation 0; phase 7
Function value 8.6121345e+00; maximum gradient component mag -1.0023e-05
Var    Value     Gradient |Var    Value     Gradient |Var    Value     Gradient
  1  0.01564 -1.00233e-05 |  2 -0.01731 -1.65480e-07 |  3 -0.00053  1.32068e-08
  4 -0.00226 -1.53721e-09 |  5 -0.00964  5.47641e-09 |  6 -0.01240  5.31552e-09
  7 -0.01747  6.20136e-09 |  8 -0.00386 -1.37086e-09 |  9  0.01300 -1.12762e-08
 10  0.02228 -5.15761e-09 | 11  0.01643 -2.02989e-08 | 12 -0.03717  6.98836e-07
 13 -0.03701  6.94831e-07 | 14 -0.01434  7.16348e-07 | 15 -0.02896  7.46881e-07
 16 -0.03895  7.39439e-07 | 17 -0.02100  7.10809e-07 | 18 -0.07702  7.49214e-07
 19  0.04778  3.97043e-07 | 20 -0.05173  6.76530e-07 | 21 -0.08022  6.67696e-07
 22 -0.05601  5.08175e-07 | 23  0.07367 -1.21605e-07 | 24  0.00802 -1.11906e-07
 25  0.03459 -8.45070e-07 | 26  0.00683 -6.71848e-07 | 27  0.01991 -1.34440e-06
 28  0.05262 -2.53449e-06 | 29  0.00757 -7.83238e-07 | 30  0.02593 -2.00241e-06
 31 -0.01440 -2.35467e-07 | 32 -0.00671 -1.20467e-06 | 33  0.04941 -2.79263e-06
 34  0.03793 -2.45822e-06 | 35  0.00196 -7.00627e-07 | 36  0.05880 -1.84325e-06
 37  0.03974 -4.71894e-07 | 38 -0.02083  4.06546e-07 | 39  0.03533  2.43049e-07
 40 -0.00161  5.99615e-07 | 41 -0.01219  7.81284e-07 | 42  0.00042  8.31531e-07
 43 -0.02802  8.27778e-07 | 44 -0.00054  8.36316e-07 | 45  0.02939  8.27081e-07
 46  0.00402  7.97603e-07 | 47  0.00091  7.83631e-07 | 48 -0.00019  7.75036e-07
 49 -0.00125  7.81281e-07 | 50 -0.00212  7.79538e-07 | 51 -0.00232  7.73209e-07
 52 -0.00237  7.83352e-07 | 53  0.00000  0.00000e+00 | 54  0.00000  0.00000e+00
 55  0.50694  9.62349e-10 | 56 -0.01782  5.07619e-08 | 57  0.17819 -8.84848e-09
 58  0.18290 -2.24409e-08 | 59 -0.25485 -4.78963e-10 | 60 -0.05971  5.42498e-09
 61  0.11076 -1.39258e-07 | 62 -0.26531  6.38722e-09 |
  ic > imax  in fminim is answer attained ?
Var    Value     Gradient |Var    Value     Gradient |Var    Value     Gradient
  1  0.01564 -1.00233e-05 |  2 -0.01731 -1.65480e-07 |  3 -0.00053  1.32068e-08
  4 -0.00226 -1.53721e-09 |  5 -0.00964  5.47641e-09 |  6 -0.01240  5.31552e-09
  7 -0.01747  6.20136e-09 |  8 -0.00386 -1.37086e-09 |  9  0.01300 -1.12762e-08
 10  0.02228 -5.15761e-09 | 11  0.01643 -2.02989e-08 | 12 -0.03717  6.98836e-07
 13 -0.03701  6.94831e-07 | 14 -0.01434  7.16348e-07 | 15 -0.02896  7.46881e-07
 16 -0.03895  7.39439e-07 | 17 -0.02100  7.10809e-07 | 18 -0.07702  7.49214e-07
 19  0.04778  3.97043e-07 | 20 -0.05173  6.76530e-07 | 21 -0.08022  6.67696e-07
 22 -0.05601  5.08175e-07 | 23  0.07367 -1.21605e-07 | 24  0.00802 -1.11906e-07
 25  0.03459 -8.45070e-07 | 26  0.00683 -6.71848e-07 | 27  0.01991 -1.34440e-06
 28  0.05262 -2.53449e-06 | 29  0.00757 -7.83238e-07 | 30  0.02593 -2.00241e-06
 31 -0.01440 -2.35467e-07 | 32 -0.00671 -1.20467e-06 | 33  0.04941 -2.79263e-06
 34  0.03793 -2.45822e-06 | 35  0.00196 -7.00627e-07 | 36  0.05880 -1.84325e-06
 37  0.03974 -4.71894e-07 | 38 -0.02083  4.06546e-07 | 39  0.03533  2.43049e-07
 40 -0.00161  5.99615e-07 | 41 -0.01219  7.81284e-07 | 42  0.00042  8.31531e-07
 43 -0.02802  8.27778e-07 | 44 -0.00054  8.36316e-07 | 45  0.02939  8.27081e-07
 46  0.00402  7.97603e-07 | 47  0.00091  7.83631e-07 | 48 -0.00019  7.75036e-07
 49 -0.00125  7.81281e-07 | 50 -0.00212  7.79538e-07 | 51 -0.00232  7.73209e-07
 52 -0.00237  7.83352e-07 | 53  0.00000  0.00000e+00 | 54  0.00000  0.00000e+00
 55  0.50694  9.62349e-10 | 56 -0.01782  5.07619e-08 | 57  0.17819 -8.84848e-09
 58  0.18290 -2.24409e-08 | 59 -0.25485 -4.78963e-10 | 60 -0.05971  5.42498e-09
 61  0.11076 -1.39258e-07 | 62 -0.26531  6.38722e-09 |
Function minimizer not making progress ... is minimum attained?
Minimprove criterion = 0.0000e+00

 - final statistics:
62 variables; iteration 1; function evaluation 30
Function value 8.6121e+00; maximum gradient component mag -1.0023e-05
Exit code = 1;  converg criter 1.0000e-05
Var    Value     Gradient |Var    Value     Gradient |Var    Value     Gradient
  1  0.01564 -1.00233e-05 |  2 -0.01731 -1.65480e-07 |  3 -0.00053  1.32068e-08
  4 -0.00226 -1.53721e-09 |  5 -0.00964  5.47641e-09 |  6 -0.01240  5.31552e-09
  7 -0.01747  6.20136e-09 |  8 -0.00386 -1.37086e-09 |  9  0.01300 -1.12762e-08
 10  0.02228 -5.15761e-09 | 11  0.01643 -2.02989e-08 | 12 -0.03717  6.98836e-07
 13 -0.03701  6.94831e-07 | 14 -0.01434  7.16348e-07 | 15 -0.02896  7.46881e-07
 16 -0.03895  7.39439e-07 | 17 -0.02100  7.10809e-07 | 18 -0.07702  7.49214e-07
 19  0.04778  3.97043e-07 | 20 -0.05173  6.76530e-07 | 21 -0.08022  6.67696e-07
 22 -0.05601  5.08175e-07 | 23  0.07367 -1.21605e-07 | 24  0.00802 -1.11906e-07
 25  0.03459 -8.45070e-07 | 26  0.00683 -6.71848e-07 | 27  0.01991 -1.34440e-06
 28  0.05262 -2.53449e-06 | 29  0.00757 -7.83238e-07 | 30  0.02593 -2.00241e-06
 31 -0.01440 -2.35467e-07 | 32 -0.00671 -1.20467e-06 | 33  0.04941 -2.79263e-06
 34  0.03793 -2.45822e-06 | 35  0.00196 -7.00627e-07 | 36  0.05880 -1.84325e-06
 37  0.03974 -4.71894e-07 | 38 -0.02083  4.06546e-07 | 39  0.03533  2.43049e-07
 40 -0.00161  5.99615e-07 | 41 -0.01219  7.81284e-07 | 42  0.00042  8.31531e-07
 43 -0.02802  8.27778e-07 | 44 -0.00054  8.36316e-07 | 45  0.02939  8.27081e-07
 46  0.00402  7.97603e-07 | 47  0.00091  7.83631e-07 | 48 -0.00019  7.75036e-07
 49 -0.00125  7.81281e-07 | 50 -0.00212  7.79538e-07 | 51 -0.00232  7.73209e-07
 52 -0.00237  7.83352e-07 | 53  0.00000  0.00000e+00 | 54  0.00000  0.00000e+00
 55  0.50694  9.62349e-10 | 56 -0.01782  5.07619e-08 | 57  0.17819 -8.84848e-09
 58  0.18290 -2.24409e-08 | 59 -0.25485 -4.78963e-10 | 60 -0.05971  5.42498e-09
 61  0.11076 -1.39258e-07 | 62 -0.26531  6.38722e-09 |
size of file gradfil1.tmp = 0
size of file gradfil2.tmp = 0
size of file varssave.tmp = 0
size of file cmpdiff.tmp = 200000008
