
 - final statistics:
44 variables; iteration 0; function evaluation 0
Function value 8.6121e+00; maximum gradient component mag -1.0080e-05
Exit code = 0;  converg criter 1.0000e+01
Var    Value     Gradient |Var    Value     Gradient |Var    Value     Gradient
  1  0.01564 -1.00797e-05 |  2 -0.01731 -1.66042e-07 |  3 -0.03717  7.02998e-07
  4 -0.03701  6.98966e-07 |  5 -0.01434  7.20432e-07 |  6 -0.02896  7.51031e-07
  7 -0.03895  7.43608e-07 |  8 -0.02100  7.14782e-07 |  9 -0.07702  7.53226e-07
 10  0.04778  3.98985e-07 | 11 -0.05173  6.80103e-07 | 12 -0.08022  6.71301e-07
 13 -0.05601  5.11056e-07 | 14  0.07367 -1.22802e-07 | 15  0.00802 -1.13239e-07
 16  0.03459 -8.50700e-07 | 17  0.00683 -6.76501e-07 | 18  0.01991 -1.35304e-06
 19  0.05262 -2.54986e-06 | 20  0.00757 -7.88099e-07 | 21  0.02593 -2.01437e-06
 22 -0.01440 -2.36793e-07 | 23 -0.00671 -1.21135e-06 | 24  0.04941 -2.80893e-06
 25  0.03793 -2.47050e-06 | 26  0.00196 -7.04656e-07 | 27  0.05880 -1.85151e-06
 28  0.03974 -4.73251e-07 | 29 -0.02083  4.09288e-07 | 30  0.03533  2.45603e-07
 31 -0.00161  6.03533e-07 | 32 -0.01219  7.85835e-07 | 33  0.00042  8.36311e-07
 34 -0.02802  8.32432e-07 | 35 -0.00054  8.40948e-07 | 36  0.02939  8.31635e-07
 37  0.00402  8.02049e-07 | 38  0.00091  7.88053e-07 | 39 -0.00019  7.79451e-07
 40 -0.00125  7.85693e-07 | 41 -0.00212  7.83947e-07 | 42 -0.00232  7.77618e-07
 43 -0.00237  7.87761e-07 | 44  0.50694  9.85660e-10 |

 - final statistics:
57 variables; iteration 0; function evaluation 0
Function value 8.6121e+00; maximum gradient component mag -1.0080e-05
Exit code = 0;  converg criter 1.0000e+01
Var    Value     Gradient |Var    Value     Gradient |Var    Value     Gradient
  1  0.01564 -1.00796e-05 |  2 -0.01731 -1.66042e-07 |  3 -0.00053  1.32068e-08
  4 -0.00226 -1.54148e-09 |  5 -0.00964  5.47472e-09 |  6 -0.01240  5.31184e-09
  7 -0.01747  6.19819e-09 |  8 -0.00386 -1.38225e-09 |  9  0.01300 -1.12956e-08
 10  0.02228 -5.19381e-09 | 11  0.01643 -2.03612e-08 | 12 -0.03717  7.02990e-07
 13 -0.03701  6.98957e-07 | 14 -0.01434  7.20423e-07 | 15 -0.02896  7.51022e-07
 16 -0.03895  7.43599e-07 | 17 -0.02100  7.14774e-07 | 18 -0.07702  7.53218e-07
 19  0.04778  3.98982e-07 | 20 -0.05173  6.80096e-07 | 21 -0.08022  6.71294e-07
 22 -0.05601  5.11049e-07 | 23  0.07367 -1.22806e-07 | 24  0.00802 -1.13239e-07
 25  0.03459 -8.50692e-07 | 26  0.00683 -6.76494e-07 | 27  0.01991 -1.35302e-06
 28  0.05262 -2.54983e-06 | 29  0.00757 -7.88091e-07 | 30  0.02593 -2.01435e-06
 31 -0.01440 -2.36790e-07 | 32 -0.00671 -1.21134e-06 | 33  0.04941 -2.80889e-06
 34  0.03793 -2.47047e-06 | 35  0.00196 -7.04646e-07 | 36  0.05880 -1.85149e-06
 37  0.03974 -4.73247e-07 | 38 -0.02083  4.09283e-07 | 39  0.03533  2.45601e-07
 40 -0.00161  6.03526e-07 | 41 -0.01219  7.85826e-07 | 42  0.00042  8.36302e-07
 43 -0.02802  8.32422e-07 | 44 -0.00054  8.40939e-07 | 45  0.02939  8.31626e-07
 46  0.00402  8.02040e-07 | 47  0.00091  7.88044e-07 | 48 -0.00019  7.79442e-07
 49 -0.00125  7.85684e-07 | 50 -0.00212  7.83939e-07 | 51 -0.00232  7.77609e-07
 52 -0.00237  7.87752e-07 | 53  0.50694  9.85546e-10 | 54 -0.01782  5.07731e-08
 55  0.17819 -8.86870e-09 | 56  0.11076 -1.39363e-07 | 57 -0.26531  6.38231e-09

 - final statistics:
57 variables; iteration 0; function evaluation 0
Function value 8.6121e+00; maximum gradient component mag -1.0080e-05
Exit code = 0;  converg criter 1.0000e+00
Var    Value     Gradient |Var    Value     Gradient |Var    Value     Gradient
  1  0.01564 -1.00798e-05 |  2 -0.01731 -1.66042e-07 |  3 -0.00053  1.32068e-08
  4 -0.00226 -1.54149e-09 |  5 -0.00964  5.47473e-09 |  6 -0.01240  5.31184e-09
  7 -0.01747  6.19819e-09 |  8 -0.00386 -1.38226e-09 |  9  0.01300 -1.12956e-08
 10  0.02228 -5.19382e-09 | 11  0.01643 -2.03612e-08 | 12 -0.03717  7.03001e-07
 13 -0.03701  6.98968e-07 | 14 -0.01434  7.20434e-07 | 15 -0.02896  7.51033e-07
 16 -0.03895  7.43610e-07 | 17 -0.02100  7.14784e-07 | 18 -0.07702  7.53228e-07
 19  0.04778  3.98989e-07 | 20 -0.05173  6.80106e-07 | 21 -0.08022  6.71303e-07
 22 -0.05601  5.11058e-07 | 23  0.07367 -1.22805e-07 | 24  0.00802 -1.13239e-07
 25  0.03459 -8.50701e-07 | 26  0.00683 -6.76503e-07 | 27  0.01991 -1.35304e-06
 28  0.05262 -2.54987e-06 | 29  0.00757 -7.88101e-07 | 30  0.02593 -2.01437e-06
 31 -0.01440 -2.36793e-07 | 32 -0.00671 -1.21136e-06 | 33  0.04941 -2.80894e-06
 34  0.03793 -2.47051e-06 | 35  0.00196 -7.04660e-07 | 36  0.05880 -1.85152e-06
 37  0.03974 -4.73252e-07 | 38 -0.02083  4.09289e-07 | 39  0.03533  2.45606e-07
 40 -0.00161  6.03535e-07 | 41 -0.01219  7.85836e-07 | 42  0.00042  8.36313e-07
 43 -0.02802  8.32434e-07 | 44 -0.00054  8.40950e-07 | 45  0.02939  8.31637e-07
 46  0.00402  8.02051e-07 | 47  0.00091  7.88055e-07 | 48 -0.00019  7.79453e-07
 49 -0.00125  7.85695e-07 | 50 -0.00212  7.83950e-07 | 51 -0.00232  7.77620e-07
 52 -0.00237  7.87763e-07 | 53  0.50694  9.85552e-10 | 54 -0.01782  5.07737e-08
 55  0.17819 -8.86865e-09 | 56  0.11076 -1.39362e-07 | 57 -0.26531  6.38228e-09

 - final statistics:
58 variables; iteration 0; function evaluation 0
Function value 8.6121e+00; maximum gradient component mag -1.0080e-05
Exit code = 0;  converg criter 1.0000e+00
Var    Value     Gradient |Var    Value     Gradient |Var    Value     Gradient
  1  0.01564 -1.00796e-05 |  2 -0.01731 -1.66042e-07 |  3 -0.00053  1.32068e-08
  4 -0.00226 -1.54148e-09 |  5 -0.00964  5.47472e-09 |  6 -0.01240  5.31184e-09
  7 -0.01747  6.19818e-09 |  8 -0.00386 -1.38226e-09 |  9  0.01300 -1.12956e-08
 10  0.02228 -5.19382e-09 | 11  0.01643 -2.03612e-08 | 12 -0.03717  7.02991e-07
 13 -0.03701  6.98959e-07 | 14 -0.01434  7.20424e-07 | 15 -0.02896  7.51023e-07
 16 -0.03895  7.43600e-07 | 17 -0.02100  7.14775e-07 | 18 -0.07702  7.53219e-07
 19  0.04778  3.98982e-07 | 20 -0.05173  6.80098e-07 | 21 -0.08022  6.71295e-07
 22 -0.05601  5.11050e-07 | 23  0.07367 -1.22806e-07 | 24  0.00802 -1.13240e-07
 25  0.03459 -8.50694e-07 | 26  0.00683 -6.76496e-07 | 27  0.01991 -1.35302e-06
 28  0.05262 -2.54984e-06 | 29  0.00757 -7.88092e-07 | 30  0.02593 -2.01435e-06
 31 -0.01440 -2.36791e-07 | 32 -0.00671 -1.21134e-06 | 33  0.04941 -2.80890e-06
 34  0.03793 -2.47048e-06 | 35  0.00196 -7.04646e-07 | 36  0.05880 -1.85149e-06
 37  0.03974 -4.73246e-07 | 38 -0.02083  4.09284e-07 | 39  0.03533  2.45602e-07
 40 -0.00161  6.03527e-07 | 41 -0.01219  7.85827e-07 | 42  0.00042  8.36303e-07
 43 -0.02802  8.32424e-07 | 44 -0.00054  8.40940e-07 | 45  0.02939  8.31627e-07
 46  0.00402  8.02041e-07 | 47  0.00091  7.88045e-07 | 48 -0.00019  7.79444e-07
 49 -0.00125  7.85686e-07 | 50 -0.00212  7.83940e-07 | 51 -0.00232  7.77611e-07
 52 -0.00237  7.87753e-07 | 53  0.50694  9.85556e-10 | 54 -0.01782  5.07730e-08
 55  0.17819 -8.86870e-09 | 56  0.18290 -2.24597e-08 | 57  0.11076 -1.39363e-07
 58 -0.26531  6.38247e-09 |

 - final statistics:
59 variables; iteration 0; function evaluation 0
Function value 8.6121e+00; maximum gradient component mag -1.0080e-05
Exit code = 0;  converg criter 1.0000e+00
Var    Value     Gradient |Var    Value     Gradient |Var    Value     Gradient
  1  0.01564 -1.00796e-05 |  2 -0.01731 -1.66041e-07 |  3 -0.00053  1.32068e-08
  4 -0.00226 -1.54148e-09 |  5 -0.00964  5.47473e-09 |  6 -0.01240  5.31184e-09
  7 -0.01747  6.19819e-09 |  8 -0.00386 -1.38225e-09 |  9  0.01300 -1.12956e-08
 10  0.02228 -5.19380e-09 | 11  0.01643 -2.03611e-08 | 12 -0.03717  7.02991e-07
 13 -0.03701  6.98959e-07 | 14 -0.01434  7.20424e-07 | 15 -0.02896  7.51023e-07
 16 -0.03895  7.43600e-07 | 17 -0.02100  7.14775e-07 | 18 -0.07702  7.53219e-07
 19  0.04778  3.98983e-07 | 20 -0.05173  6.80098e-07 | 21 -0.08022  6.71295e-07
 22 -0.05601  5.11050e-07 | 23  0.07367 -1.22806e-07 | 24  0.00802 -1.13239e-07
 25  0.03459 -8.50694e-07 | 26  0.00683 -6.76496e-07 | 27  0.01991 -1.35302e-06
 28  0.05262 -2.54984e-06 | 29  0.00757 -7.88092e-07 | 30  0.02593 -2.01435e-06
 31 -0.01440 -2.36791e-07 | 32 -0.00671 -1.21134e-06 | 33  0.04941 -2.80890e-06
 34  0.03793 -2.47048e-06 | 35  0.00196 -7.04646e-07 | 36  0.05880 -1.85149e-06
 37  0.03974 -4.73246e-07 | 38 -0.02083  4.09284e-07 | 39  0.03533  2.45602e-07
 40 -0.00161  6.03527e-07 | 41 -0.01219  7.85827e-07 | 42  0.00042  8.36303e-07
 43 -0.02802  8.32424e-07 | 44 -0.00054  8.40940e-07 | 45  0.02939  8.31627e-07
 46  0.00402  8.02041e-07 | 47  0.00091  7.88045e-07 | 48 -0.00019  7.79444e-07
 49 -0.00125  7.85685e-07 | 50 -0.00212  7.83940e-07 | 51 -0.00232  7.77611e-07
 52 -0.00237  7.87753e-07 | 53  0.50694  9.85541e-10 | 54 -0.01782  5.07731e-08
 55  0.17819 -8.86870e-09 | 56  0.18290 -2.24597e-08 | 57 -0.25485 -4.79907e-10
 58  0.11076 -1.39363e-07 | 59 -0.26531  6.38247e-09 |

Initial statistics: 60 variables; iteration 0; function evaluation 0; phase 6
Function value 8.6121345e+00; maximum gradient component mag -1.0080e-05
Var    Value     Gradient |Var    Value     Gradient |Var    Value     Gradient
  1  0.01564 -1.00796e-05 |  2 -0.01731 -1.66041e-07 |  3 -0.00053  1.32068e-08
  4 -0.00226 -1.54148e-09 |  5 -0.00964  5.47473e-09 |  6 -0.01240  5.31184e-09
  7 -0.01747  6.19819e-09 |  8 -0.00386 -1.38225e-09 |  9  0.01300 -1.12956e-08
 10  0.02228 -5.19380e-09 | 11  0.01643 -2.03611e-08 | 12 -0.03717  7.02991e-07
 13 -0.03701  6.98959e-07 | 14 -0.01434  7.20424e-07 | 15 -0.02896  7.51023e-07
 16 -0.03895  7.43600e-07 | 17 -0.02100  7.14775e-07 | 18 -0.07702  7.53219e-07
 19  0.04778  3.98983e-07 | 20 -0.05173  6.80098e-07 | 21 -0.08022  6.71295e-07
 22 -0.05601  5.11050e-07 | 23  0.07367 -1.22806e-07 | 24  0.00802 -1.13239e-07
 25  0.03459 -8.50694e-07 | 26  0.00683 -6.76496e-07 | 27  0.01991 -1.35302e-06
 28  0.05262 -2.54984e-06 | 29  0.00757 -7.88092e-07 | 30  0.02593 -2.01435e-06
 31 -0.01440 -2.36791e-07 | 32 -0.00671 -1.21134e-06 | 33  0.04941 -2.80890e-06
 34  0.03793 -2.47048e-06 | 35  0.00196 -7.04646e-07 | 36  0.05880 -1.85149e-06
 37  0.03974 -4.73246e-07 | 38 -0.02083  4.09284e-07 | 39  0.03533  2.45602e-07
 40 -0.00161  6.03527e-07 | 41 -0.01219  7.85827e-07 | 42  0.00042  8.36303e-07
 43 -0.02802  8.32424e-07 | 44 -0.00054  8.40940e-07 | 45  0.02939  8.31627e-07
 46  0.00402  8.02041e-07 | 47  0.00091  7.88045e-07 | 48 -0.00019  7.79444e-07
 49 -0.00125  7.85685e-07 | 50 -0.00212  7.83940e-07 | 51 -0.00232  7.77611e-07
 52 -0.00237  7.87753e-07 | 53  0.50694  9.85541e-10 | 54 -0.01782  5.07731e-08
 55  0.17819 -8.86870e-09 | 56  0.18290 -2.24597e-08 | 57 -0.25485 -4.79907e-10
 58 -0.05971  5.38769e-09 | 59  0.11076 -1.39363e-07 | 60 -0.26531  6.38247e-09
  ic > imax  in fminim is answer attained ?
Var    Value     Gradient |Var    Value     Gradient |Var    Value     Gradient
  1  0.01564 -1.00796e-05 |  2 -0.01731 -1.66041e-07 |  3 -0.00053  1.32068e-08
  4 -0.00226 -1.54148e-09 |  5 -0.00964  5.47473e-09 |  6 -0.01240  5.31184e-09
  7 -0.01747  6.19819e-09 |  8 -0.00386 -1.38225e-09 |  9  0.01300 -1.12956e-08
 10  0.02228 -5.19380e-09 | 11  0.01643 -2.03611e-08 | 12 -0.03717  7.02991e-07
 13 -0.03701  6.98959e-07 | 14 -0.01434  7.20424e-07 | 15 -0.02896  7.51023e-07
 16 -0.03895  7.43600e-07 | 17 -0.02100  7.14775e-07 | 18 -0.07702  7.53219e-07
 19  0.04778  3.98983e-07 | 20 -0.05173  6.80098e-07 | 21 -0.08022  6.71295e-07
 22 -0.05601  5.11050e-07 | 23  0.07367 -1.22806e-07 | 24  0.00802 -1.13239e-07
 25  0.03459 -8.50694e-07 | 26  0.00683 -6.76496e-07 | 27  0.01991 -1.35302e-06
 28  0.05262 -2.54984e-06 | 29  0.00757 -7.88092e-07 | 30  0.02593 -2.01435e-06
 31 -0.01440 -2.36791e-07 | 32 -0.00671 -1.21134e-06 | 33  0.04941 -2.80890e-06
 34  0.03793 -2.47048e-06 | 35  0.00196 -7.04646e-07 | 36  0.05880 -1.85149e-06
 37  0.03974 -4.73246e-07 | 38 -0.02083  4.09284e-07 | 39  0.03533  2.45602e-07
 40 -0.00161  6.03527e-07 | 41 -0.01219  7.85827e-07 | 42  0.00042  8.36303e-07
 43 -0.02802  8.32424e-07 | 44 -0.00054  8.40940e-07 | 45  0.02939  8.31627e-07
 46  0.00402  8.02041e-07 | 47  0.00091  7.88045e-07 | 48 -0.00019  7.79444e-07
 49 -0.00125  7.85685e-07 | 50 -0.00212  7.83940e-07 | 51 -0.00232  7.77611e-07
 52 -0.00237  7.87753e-07 | 53  0.50694  9.85541e-10 | 54 -0.01782  5.07731e-08
 55  0.17819 -8.86870e-09 | 56  0.18290 -2.24597e-08 | 57 -0.25485 -4.79907e-10
 58 -0.05971  5.38769e-09 | 59  0.11076 -1.39363e-07 | 60 -0.26531  6.38247e-09
Function minimizer not making progress ... is minimum attained?
Minimprove criterion = 0.0000e+00

 - final statistics:
60 variables; iteration 1; function evaluation 30
Function value 8.6121e+00; maximum gradient component mag -1.0080e-05
Exit code = 1;  converg criter 1.0000e-05
Var    Value     Gradient |Var    Value     Gradient |Var    Value     Gradient
  1  0.01564 -1.00796e-05 |  2 -0.01731 -1.66041e-07 |  3 -0.00053  1.32068e-08
  4 -0.00226 -1.54148e-09 |  5 -0.00964  5.47473e-09 |  6 -0.01240  5.31184e-09
  7 -0.01747  6.19819e-09 |  8 -0.00386 -1.38225e-09 |  9  0.01300 -1.12956e-08
 10  0.02228 -5.19380e-09 | 11  0.01643 -2.03611e-08 | 12 -0.03717  7.02991e-07
 13 -0.03701  6.98959e-07 | 14 -0.01434  7.20424e-07 | 15 -0.02896  7.51023e-07
 16 -0.03895  7.43600e-07 | 17 -0.02100  7.14775e-07 | 18 -0.07702  7.53219e-07
 19  0.04778  3.98983e-07 | 20 -0.05173  6.80098e-07 | 21 -0.08022  6.71295e-07
 22 -0.05601  5.11050e-07 | 23  0.07367 -1.22806e-07 | 24  0.00802 -1.13239e-07
 25  0.03459 -8.50694e-07 | 26  0.00683 -6.76496e-07 | 27  0.01991 -1.35302e-06
 28  0.05262 -2.54984e-06 | 29  0.00757 -7.88092e-07 | 30  0.02593 -2.01435e-06
 31 -0.01440 -2.36791e-07 | 32 -0.00671 -1.21134e-06 | 33  0.04941 -2.80890e-06
 34  0.03793 -2.47048e-06 | 35  0.00196 -7.04646e-07 | 36  0.05880 -1.85149e-06
 37  0.03974 -4.73246e-07 | 38 -0.02083  4.09284e-07 | 39  0.03533  2.45602e-07
 40 -0.00161  6.03527e-07 | 41 -0.01219  7.85827e-07 | 42  0.00042  8.36303e-07
 43 -0.02802  8.32424e-07 | 44 -0.00054  8.40940e-07 | 45  0.02939  8.31627e-07
 46  0.00402  8.02041e-07 | 47  0.00091  7.88045e-07 | 48 -0.00019  7.79444e-07
 49 -0.00125  7.85685e-07 | 50 -0.00212  7.83940e-07 | 51 -0.00232  7.77611e-07
 52 -0.00237  7.87753e-07 | 53  0.50694  9.85541e-10 | 54 -0.01782  5.07731e-08
 55  0.17819 -8.86870e-09 | 56  0.18290 -2.24597e-08 | 57 -0.25485 -4.79907e-10
 58 -0.05971  5.38769e-09 | 59  0.11076 -1.39363e-07 | 60 -0.26531  6.38247e-09

Initial statistics: 62 variables; iteration 0; function evaluation 0; phase 7
Function value 8.6121345e+00; maximum gradient component mag -1.0073e-05
Var    Value     Gradient |Var    Value     Gradient |Var    Value     Gradient
  1  0.01564 -1.00734e-05 |  2 -0.01731 -1.65989e-07 |  3 -0.00053  1.32068e-08
  4 -0.00226 -1.54104e-09 |  5 -0.00964  5.47494e-09 |  6 -0.01240  5.31225e-09
  7 -0.01747  6.19855e-09 |  8 -0.00386 -1.38112e-09 |  9  0.01300 -1.12937e-08
 10  0.02228 -5.19037e-09 | 11  0.01643 -2.03553e-08 | 12 -0.03717  7.02526e-07
 13 -0.03701  6.98496e-07 | 14 -0.01434  7.19966e-07 | 15 -0.02896  7.50559e-07
 16 -0.03895  7.43135e-07 | 17 -0.02100  7.14331e-07 | 18 -0.07702  7.52774e-07
 19  0.04778  3.98762e-07 | 20 -0.05173  6.79700e-07 | 21 -0.08022  6.70894e-07
 22 -0.05601  5.10729e-07 | 23  0.07367 -1.22679e-07 | 24  0.00802 -1.13100e-07
 25  0.03459 -8.50085e-07 | 26  0.00683 -6.75992e-07 | 27  0.01991 -1.35208e-06
 28  0.05262 -2.54815e-06 | 29  0.00757 -7.87560e-07 | 30  0.02593 -2.01303e-06
 31 -0.01440 -2.36647e-07 | 32 -0.00671 -1.21060e-06 | 33  0.04941 -2.80708e-06
 34  0.03793 -2.46910e-06 | 35  0.00196 -7.04189e-07 | 36  0.05880 -1.85055e-06
 37  0.03974 -4.73080e-07 | 38 -0.02083  4.08986e-07 | 39  0.03533  2.45324e-07
 40 -0.00161  6.03097e-07 | 41 -0.01219  7.85327e-07 | 42  0.00042  8.35777e-07
 43 -0.02802  8.31910e-07 | 44 -0.00054  8.40428e-07 | 45  0.02939  8.31124e-07
 46  0.00402  8.01549e-07 | 47  0.00091  7.87556e-07 | 48 -0.00019  7.78955e-07
 49 -0.00125  7.85197e-07 | 50 -0.00212  7.83452e-07 | 51 -0.00232  7.77123e-07
 52 -0.00237  7.87265e-07 | 53  0.00000  0.00000e+00 | 54  0.00000  0.00000e+00
 55  0.50694  9.83278e-10 | 56 -0.01782  5.07706e-08 | 57  0.17819 -8.86670e-09
 58  0.18290 -2.24572e-08 | 59 -0.25485 -4.79813e-10 | 60 -0.05971  5.39162e-09
 61  0.11076 -1.39354e-07 | 62 -0.26531  6.38325e-09 |
  ic > imax  in fminim is answer attained ?
Var    Value     Gradient |Var    Value     Gradient |Var    Value     Gradient
  1  0.01564 -1.00734e-05 |  2 -0.01731 -1.65989e-07 |  3 -0.00053  1.32068e-08
  4 -0.00226 -1.54104e-09 |  5 -0.00964  5.47494e-09 |  6 -0.01240  5.31225e-09
  7 -0.01747  6.19855e-09 |  8 -0.00386 -1.38112e-09 |  9  0.01300 -1.12937e-08
 10  0.02228 -5.19037e-09 | 11  0.01643 -2.03553e-08 | 12 -0.03717  7.02526e-07
 13 -0.03701  6.98496e-07 | 14 -0.01434  7.19966e-07 | 15 -0.02896  7.50559e-07
 16 -0.03895  7.43135e-07 | 17 -0.02100  7.14331e-07 | 18 -0.07702  7.52774e-07
 19  0.04778  3.98762e-07 | 20 -0.05173  6.79700e-07 | 21 -0.08022  6.70894e-07
 22 -0.05601  5.10729e-07 | 23  0.07367 -1.22679e-07 | 24  0.00802 -1.13100e-07
 25  0.03459 -8.50085e-07 | 26  0.00683 -6.75992e-07 | 27  0.01991 -1.35208e-06
 28  0.05262 -2.54815e-06 | 29  0.00757 -7.87560e-07 | 30  0.02593 -2.01303e-06
 31 -0.01440 -2.36647e-07 | 32 -0.00671 -1.21060e-06 | 33  0.04941 -2.80708e-06
 34  0.03793 -2.46910e-06 | 35  0.00196 -7.04189e-07 | 36  0.05880 -1.85055e-06
 37  0.03974 -4.73080e-07 | 38 -0.02083  4.08986e-07 | 39  0.03533  2.45324e-07
 40 -0.00161  6.03097e-07 | 41 -0.01219  7.85327e-07 | 42  0.00042  8.35777e-07
 43 -0.02802  8.31910e-07 | 44 -0.00054  8.40428e-07 | 45  0.02939  8.31124e-07
 46  0.00402  8.01549e-07 | 47  0.00091  7.87556e-07 | 48 -0.00019  7.78955e-07
 49 -0.00125  7.85197e-07 | 50 -0.00212  7.83452e-07 | 51 -0.00232  7.77123e-07
 52 -0.00237  7.87265e-07 | 53  0.00000  0.00000e+00 | 54  0.00000  0.00000e+00
 55  0.50694  9.83278e-10 | 56 -0.01782  5.07706e-08 | 57  0.17819 -8.86670e-09
 58  0.18290 -2.24572e-08 | 59 -0.25485 -4.79813e-10 | 60 -0.05971  5.39162e-09
 61  0.11076 -1.39354e-07 | 62 -0.26531  6.38325e-09 |
Function minimizer not making progress ... is minimum attained?
Minimprove criterion = 0.0000e+00

 - final statistics:
62 variables; iteration 1; function evaluation 30
Function value 8.6121e+00; maximum gradient component mag -1.0073e-05
Exit code = 1;  converg criter 1.0000e-05
Var    Value     Gradient |Var    Value     Gradient |Var    Value     Gradient
  1  0.01564 -1.00734e-05 |  2 -0.01731 -1.65989e-07 |  3 -0.00053  1.32068e-08
  4 -0.00226 -1.54104e-09 |  5 -0.00964  5.47494e-09 |  6 -0.01240  5.31225e-09
  7 -0.01747  6.19855e-09 |  8 -0.00386 -1.38112e-09 |  9  0.01300 -1.12937e-08
 10  0.02228 -5.19037e-09 | 11  0.01643 -2.03553e-08 | 12 -0.03717  7.02526e-07
 13 -0.03701  6.98496e-07 | 14 -0.01434  7.19966e-07 | 15 -0.02896  7.50559e-07
 16 -0.03895  7.43135e-07 | 17 -0.02100  7.14331e-07 | 18 -0.07702  7.52774e-07
 19  0.04778  3.98762e-07 | 20 -0.05173  6.79700e-07 | 21 -0.08022  6.70894e-07
 22 -0.05601  5.10729e-07 | 23  0.07367 -1.22679e-07 | 24  0.00802 -1.13100e-07
 25  0.03459 -8.50085e-07 | 26  0.00683 -6.75992e-07 | 27  0.01991 -1.35208e-06
 28  0.05262 -2.54815e-06 | 29  0.00757 -7.87560e-07 | 30  0.02593 -2.01303e-06
 31 -0.01440 -2.36647e-07 | 32 -0.00671 -1.21060e-06 | 33  0.04941 -2.80708e-06
 34  0.03793 -2.46910e-06 | 35  0.00196 -7.04189e-07 | 36  0.05880 -1.85055e-06
 37  0.03974 -4.73080e-07 | 38 -0.02083  4.08986e-07 | 39  0.03533  2.45324e-07
 40 -0.00161  6.03097e-07 | 41 -0.01219  7.85327e-07 | 42  0.00042  8.35777e-07
 43 -0.02802  8.31910e-07 | 44 -0.00054  8.40428e-07 | 45  0.02939  8.31124e-07
 46  0.00402  8.01549e-07 | 47  0.00091  7.87556e-07 | 48 -0.00019  7.78955e-07
 49 -0.00125  7.85197e-07 | 50 -0.00212  7.83452e-07 | 51 -0.00232  7.77123e-07
 52 -0.00237  7.87265e-07 | 53  0.00000  0.00000e+00 | 54  0.00000  0.00000e+00
 55  0.50694  9.83278e-10 | 56 -0.01782  5.07706e-08 | 57  0.17819 -8.86670e-09
 58  0.18290 -2.24572e-08 | 59 -0.25485 -4.79813e-10 | 60 -0.05971  5.39162e-09
 61  0.11076 -1.39354e-07 | 62 -0.26531  6.38325e-09 |
size of file gradfil1.tmp = 0
size of file gradfil2.tmp = 0
size of file varssave.tmp = 0
size of file cmpdiff.tmp = 200000008
