
 - final statistics:
44 variables; iteration 0; function evaluation 0
Function value 8.6121e+00; maximum gradient component mag -1.0085e-05
Exit code = 0;  converg criter 1.0000e+01
Var    Value     Gradient |Var    Value     Gradient |Var    Value     Gradient
  1  0.01564 -1.00853e-05 |  2 -0.01731 -1.66128e-07 |  3 -0.03717  7.03396e-07
  4 -0.03701  6.99357e-07 |  5 -0.01434  7.20811e-07 |  6 -0.02896  7.51417e-07
  7 -0.03895  7.43997e-07 |  8 -0.02100  7.15141e-07 |  9 -0.07702  7.53603e-07
 10  0.04778  3.99076e-07 | 11 -0.05173  6.80428e-07 | 12 -0.08022  6.71635e-07
 13 -0.05601  5.11307e-07 | 14  0.07367 -1.23021e-07 | 15  0.00802 -1.13457e-07
 16  0.03459 -8.51376e-07 | 17  0.00683 -6.77044e-07 | 18  0.01991 -1.35398e-06
 19  0.05262 -2.55147e-06 | 20  0.00757 -7.88609e-07 | 21  0.02593 -2.01557e-06
 22 -0.01440 -2.36928e-07 | 23 -0.00671 -1.21198e-06 | 24  0.04941 -2.81045e-06
 25  0.03793 -2.47161e-06 | 26  0.00196 -7.04979e-07 | 27  0.05880 -1.85216e-06
 28  0.03974 -4.73284e-07 | 29 -0.02083  4.09605e-07 | 30  0.03533  2.45945e-07
 31 -0.00161  6.03988e-07 | 32 -0.01219  7.86346e-07 | 33  0.00042  8.36840e-07
 34 -0.02802  8.32914e-07 | 35 -0.00054  8.41420e-07 | 36  0.02939  8.32092e-07
 37  0.00402  8.02488e-07 | 38  0.00091  7.88489e-07 | 39 -0.00019  7.79887e-07
 40 -0.00125  7.86127e-07 | 41 -0.00212  7.84381e-07 | 42 -0.00232  7.78052e-07
 43 -0.00237  7.88195e-07 | 44  0.50694  9.89744e-10 |

 - final statistics:
57 variables; iteration 0; function evaluation 0
Function value 8.6121e+00; maximum gradient component mag -1.0085e-05
Exit code = 0;  converg criter 1.0000e+01
Var    Value     Gradient |Var    Value     Gradient |Var    Value     Gradient
  1  0.01564 -1.00854e-05 |  2 -0.01731 -1.66128e-07 |  3 -0.00053  1.32066e-08
  4 -0.00226 -1.54239e-09 |  5 -0.00964  5.47409e-09 |  6 -0.01240  5.31086e-09
  7 -0.01747  6.19715e-09 |  8 -0.00386 -1.38451e-09 |  9  0.01300 -1.12990e-08
 10  0.02228 -5.19953e-09 | 11  0.01643 -2.03706e-08 | 12 -0.03717  7.03403e-07
 13 -0.03701  6.99365e-07 | 14 -0.01434  7.20818e-07 | 15 -0.02896  7.51425e-07
 16 -0.03895  7.44004e-07 | 17 -0.02100  7.15149e-07 | 18 -0.07702  7.53611e-07
 19  0.04778  3.99083e-07 | 20 -0.05173  6.80435e-07 | 21 -0.08022  6.71641e-07
 22 -0.05601  5.11313e-07 | 23  0.07367 -1.23023e-07 | 24  0.00802 -1.13459e-07
 25  0.03459 -8.51385e-07 | 26  0.00683 -6.77051e-07 | 27  0.01991 -1.35399e-06
 28  0.05262 -2.55150e-06 | 29  0.00757 -7.88618e-07 | 30  0.02593 -2.01559e-06
 31 -0.01440 -2.36932e-07 | 32 -0.00671 -1.21200e-06 | 33  0.04941 -2.81048e-06
 34  0.03793 -2.47163e-06 | 35  0.00196 -7.04987e-07 | 36  0.05880 -1.85218e-06
 37  0.03974 -4.73286e-07 | 38 -0.02083  4.09610e-07 | 39  0.03533  2.45950e-07
 40 -0.00161  6.03995e-07 | 41 -0.01219  7.86354e-07 | 42  0.00042  8.36848e-07
 43 -0.02802  8.32921e-07 | 44 -0.00054  8.41428e-07 | 45  0.02939  8.32100e-07
 46  0.00402  8.02496e-07 | 47  0.00091  7.88496e-07 | 48 -0.00019  7.79895e-07
 49 -0.00125  7.86135e-07 | 50 -0.00212  7.84389e-07 | 51 -0.00232  7.78060e-07
 52 -0.00237  7.88202e-07 | 53  0.50694  9.89710e-10 | 54 -0.01782  5.07613e-08
 55  0.17819 -8.87225e-09 | 56  0.11076 -1.39396e-07 | 57 -0.26531  6.38428e-09

 - final statistics:
57 variables; iteration 0; function evaluation 0
Function value 8.6121e+00; maximum gradient component mag -1.0085e-05
Exit code = 0;  converg criter 1.0000e+00
Var    Value     Gradient |Var    Value     Gradient |Var    Value     Gradient
  1  0.01564 -1.00854e-05 |  2 -0.01731 -1.66128e-07 |  3 -0.00053  1.32066e-08
  4 -0.00226 -1.54238e-09 |  5 -0.00964  5.47410e-09 |  6 -0.01240  5.31087e-09
  7 -0.01747  6.19717e-09 |  8 -0.00386 -1.38449e-09 |  9  0.01300 -1.12990e-08
 10  0.02228 -5.19947e-09 | 11  0.01643 -2.03706e-08 | 12 -0.03717  7.03405e-07
 13 -0.03701  6.99367e-07 | 14 -0.01434  7.20821e-07 | 15 -0.02896  7.51427e-07
 16 -0.03895  7.44006e-07 | 17 -0.02100  7.15151e-07 | 18 -0.07702  7.53612e-07
 19  0.04778  3.99085e-07 | 20 -0.05173  6.80437e-07 | 21 -0.08022  6.71643e-07
 22 -0.05601  5.11314e-07 | 23  0.07367 -1.23022e-07 | 24  0.00802 -1.13459e-07
 25  0.03459 -8.51387e-07 | 26  0.00683 -6.77053e-07 | 27  0.01991 -1.35399e-06
 28  0.05262 -2.55150e-06 | 29  0.00757 -7.88620e-07 | 30  0.02593 -2.01560e-06
 31 -0.01440 -2.36932e-07 | 32 -0.00671 -1.21200e-06 | 33  0.04941 -2.81048e-06
 34  0.03793 -2.47164e-06 | 35  0.00196 -7.04989e-07 | 36  0.05880 -1.85218e-06
 37  0.03974 -4.73288e-07 | 38 -0.02083  4.09610e-07 | 39  0.03533  2.45950e-07
 40 -0.00161  6.03996e-07 | 41 -0.01219  7.86355e-07 | 42  0.00042  8.36849e-07
 43 -0.02802  8.32923e-07 | 44 -0.00054  8.41430e-07 | 45  0.02939  8.32102e-07
 46  0.00402  8.02498e-07 | 47  0.00091  7.88498e-07 | 48 -0.00019  7.79896e-07
 49 -0.00125  7.86137e-07 | 50 -0.00212  7.84391e-07 | 51 -0.00232  7.78061e-07
 52 -0.00237  7.88204e-07 | 53  0.50694  9.89666e-10 | 54 -0.01782  5.07613e-08
 55  0.17819 -8.87225e-09 | 56  0.11076 -1.39396e-07 | 57 -0.26531  6.38433e-09

 - final statistics:
58 variables; iteration 0; function evaluation 0
Function value 8.6121e+00; maximum gradient component mag -1.0085e-05
Exit code = 0;  converg criter 1.0000e+00
Var    Value     Gradient |Var    Value     Gradient |Var    Value     Gradient
  1  0.01564 -1.00854e-05 |  2 -0.01731 -1.66128e-07 |  3 -0.00053  1.32066e-08
  4 -0.00226 -1.54239e-09 |  5 -0.00964  5.47410e-09 |  6 -0.01240  5.31086e-09
  7 -0.01747  6.19717e-09 |  8 -0.00386 -1.38449e-09 |  9  0.01300 -1.12990e-08
 10  0.02228 -5.19949e-09 | 11  0.01643 -2.03706e-08 | 12 -0.03717  7.03405e-07
 13 -0.03701  6.99366e-07 | 14 -0.01434  7.20820e-07 | 15 -0.02896  7.51426e-07
 16 -0.03895  7.44006e-07 | 17 -0.02100  7.15150e-07 | 18 -0.07702  7.53612e-07
 19  0.04778  3.99084e-07 | 20 -0.05173  6.80436e-07 | 21 -0.08022  6.71642e-07
 22 -0.05601  5.11314e-07 | 23  0.07367 -1.23022e-07 | 24  0.00802 -1.13459e-07
 25  0.03459 -8.51387e-07 | 26  0.00683 -6.77053e-07 | 27  0.01991 -1.35399e-06
 28  0.05262 -2.55150e-06 | 29  0.00757 -7.88619e-07 | 30  0.02593 -2.01560e-06
 31 -0.01440 -2.36932e-07 | 32 -0.00671 -1.21200e-06 | 33  0.04941 -2.81048e-06
 34  0.03793 -2.47164e-06 | 35  0.00196 -7.04988e-07 | 36  0.05880 -1.85218e-06
 37  0.03974 -4.73287e-07 | 38 -0.02083  4.09610e-07 | 39  0.03533  2.45950e-07
 40 -0.00161  6.03996e-07 | 41 -0.01219  7.86355e-07 | 42  0.00042  8.36849e-07
 43 -0.02802  8.32923e-07 | 44 -0.00054  8.41430e-07 | 45  0.02939  8.32101e-07
 46  0.00402  8.02497e-07 | 47  0.00091  7.88498e-07 | 48 -0.00019  7.79896e-07
 49 -0.00125  7.86136e-07 | 50 -0.00212  7.84390e-07 | 51 -0.00232  7.78061e-07
 52 -0.00237  7.88204e-07 | 53  0.50694  9.89682e-10 | 54 -0.01782  5.07613e-08
 55  0.17819 -8.87225e-09 | 56  0.18290 -2.24567e-08 | 57  0.11076 -1.39396e-07
 58 -0.26531  6.38444e-09 |

 - final statistics:
59 variables; iteration 0; function evaluation 0
Function value 8.6121e+00; maximum gradient component mag -1.0085e-05
Exit code = 0;  converg criter 1.0000e+00
Var    Value     Gradient |Var    Value     Gradient |Var    Value     Gradient
  1  0.01564 -1.00854e-05 |  2 -0.01731 -1.66128e-07 |  3 -0.00053  1.32066e-08
  4 -0.00226 -1.54239e-09 |  5 -0.00964  5.47410e-09 |  6 -0.01240  5.31086e-09
  7 -0.01747  6.19716e-09 |  8 -0.00386 -1.38449e-09 |  9  0.01300 -1.12990e-08
 10  0.02228 -5.19949e-09 | 11  0.01643 -2.03706e-08 | 12 -0.03717  7.03405e-07
 13 -0.03701  6.99366e-07 | 14 -0.01434  7.20820e-07 | 15 -0.02896  7.51426e-07
 16 -0.03895  7.44006e-07 | 17 -0.02100  7.15150e-07 | 18 -0.07702  7.53612e-07
 19  0.04778  3.99084e-07 | 20 -0.05173  6.80436e-07 | 21 -0.08022  6.71642e-07
 22 -0.05601  5.11314e-07 | 23  0.07367 -1.23022e-07 | 24  0.00802 -1.13459e-07
 25  0.03459 -8.51387e-07 | 26  0.00683 -6.77053e-07 | 27  0.01991 -1.35399e-06
 28  0.05262 -2.55150e-06 | 29  0.00757 -7.88619e-07 | 30  0.02593 -2.01560e-06
 31 -0.01440 -2.36932e-07 | 32 -0.00671 -1.21200e-06 | 33  0.04941 -2.81048e-06
 34  0.03793 -2.47164e-06 | 35  0.00196 -7.04988e-07 | 36  0.05880 -1.85218e-06
 37  0.03974 -4.73287e-07 | 38 -0.02083  4.09610e-07 | 39  0.03533  2.45950e-07
 40 -0.00161  6.03996e-07 | 41 -0.01219  7.86355e-07 | 42  0.00042  8.36849e-07
 43 -0.02802  8.32923e-07 | 44 -0.00054  8.41430e-07 | 45  0.02939  8.32101e-07
 46  0.00402  8.02497e-07 | 47  0.00091  7.88498e-07 | 48 -0.00019  7.79896e-07
 49 -0.00125  7.86136e-07 | 50 -0.00212  7.84390e-07 | 51 -0.00232  7.78061e-07
 52 -0.00237  7.88204e-07 | 53  0.50694  9.89682e-10 | 54 -0.01782  5.07613e-08
 55  0.17819 -8.87225e-09 | 56  0.18290 -2.24567e-08 | 57 -0.25485 -4.80068e-10
 58  0.11076 -1.39396e-07 | 59 -0.26531  6.38444e-09 |

Initial statistics: 60 variables; iteration 0; function evaluation 0; phase 6
Function value 8.6121345e+00; maximum gradient component mag -1.0085e-05
Var    Value     Gradient |Var    Value     Gradient |Var    Value     Gradient
  1  0.01564 -1.00854e-05 |  2 -0.01731 -1.66128e-07 |  3 -0.00053  1.32066e-08
  4 -0.00226 -1.54239e-09 |  5 -0.00964  5.47410e-09 |  6 -0.01240  5.31086e-09
  7 -0.01747  6.19716e-09 |  8 -0.00386 -1.38449e-09 |  9  0.01300 -1.12990e-08
 10  0.02228 -5.19949e-09 | 11  0.01643 -2.03706e-08 | 12 -0.03717  7.03405e-07
 13 -0.03701  6.99366e-07 | 14 -0.01434  7.20820e-07 | 15 -0.02896  7.51426e-07
 16 -0.03895  7.44006e-07 | 17 -0.02100  7.15150e-07 | 18 -0.07702  7.53612e-07
 19  0.04778  3.99084e-07 | 20 -0.05173  6.80436e-07 | 21 -0.08022  6.71642e-07
 22 -0.05601  5.11314e-07 | 23  0.07367 -1.23022e-07 | 24  0.00802 -1.13459e-07
 25  0.03459 -8.51387e-07 | 26  0.00683 -6.77053e-07 | 27  0.01991 -1.35399e-06
 28  0.05262 -2.55150e-06 | 29  0.00757 -7.88619e-07 | 30  0.02593 -2.01560e-06
 31 -0.01440 -2.36932e-07 | 32 -0.00671 -1.21200e-06 | 33  0.04941 -2.81048e-06
 34  0.03793 -2.47164e-06 | 35  0.00196 -7.04988e-07 | 36  0.05880 -1.85218e-06
 37  0.03974 -4.73287e-07 | 38 -0.02083  4.09610e-07 | 39  0.03533  2.45950e-07
 40 -0.00161  6.03996e-07 | 41 -0.01219  7.86355e-07 | 42  0.00042  8.36849e-07
 43 -0.02802  8.32923e-07 | 44 -0.00054  8.41430e-07 | 45  0.02939  8.32101e-07
 46  0.00402  8.02497e-07 | 47  0.00091  7.88498e-07 | 48 -0.00019  7.79896e-07
 49 -0.00125  7.86136e-07 | 50 -0.00212  7.84390e-07 | 51 -0.00232  7.78061e-07
 52 -0.00237  7.88204e-07 | 53  0.50694  9.89682e-10 | 54 -0.01782  5.07613e-08
 55  0.17819 -8.87225e-09 | 56  0.18290 -2.24567e-08 | 57 -0.25485 -4.80068e-10
 58 -0.05971  5.38264e-09 | 59  0.11076 -1.39396e-07 | 60 -0.26531  6.38444e-09
  ic > imax  in fminim is answer attained ?
Var    Value     Gradient |Var    Value     Gradient |Var    Value     Gradient
  1  0.01564 -1.00854e-05 |  2 -0.01731 -1.66128e-07 |  3 -0.00053  1.32066e-08
  4 -0.00226 -1.54239e-09 |  5 -0.00964  5.47410e-09 |  6 -0.01240  5.31086e-09
  7 -0.01747  6.19716e-09 |  8 -0.00386 -1.38449e-09 |  9  0.01300 -1.12990e-08
 10  0.02228 -5.19949e-09 | 11  0.01643 -2.03706e-08 | 12 -0.03717  7.03405e-07
 13 -0.03701  6.99366e-07 | 14 -0.01434  7.20820e-07 | 15 -0.02896  7.51426e-07
 16 -0.03895  7.44006e-07 | 17 -0.02100  7.15150e-07 | 18 -0.07702  7.53612e-07
 19  0.04778  3.99084e-07 | 20 -0.05173  6.80436e-07 | 21 -0.08022  6.71642e-07
 22 -0.05601  5.11314e-07 | 23  0.07367 -1.23022e-07 | 24  0.00802 -1.13459e-07
 25  0.03459 -8.51387e-07 | 26  0.00683 -6.77053e-07 | 27  0.01991 -1.35399e-06
 28  0.05262 -2.55150e-06 | 29  0.00757 -7.88619e-07 | 30  0.02593 -2.01560e-06
 31 -0.01440 -2.36932e-07 | 32 -0.00671 -1.21200e-06 | 33  0.04941 -2.81048e-06
 34  0.03793 -2.47164e-06 | 35  0.00196 -7.04988e-07 | 36  0.05880 -1.85218e-06
 37  0.03974 -4.73287e-07 | 38 -0.02083  4.09610e-07 | 39  0.03533  2.45950e-07
 40 -0.00161  6.03996e-07 | 41 -0.01219  7.86355e-07 | 42  0.00042  8.36849e-07
 43 -0.02802  8.32923e-07 | 44 -0.00054  8.41430e-07 | 45  0.02939  8.32101e-07
 46  0.00402  8.02497e-07 | 47  0.00091  7.88498e-07 | 48 -0.00019  7.79896e-07
 49 -0.00125  7.86136e-07 | 50 -0.00212  7.84390e-07 | 51 -0.00232  7.78061e-07
 52 -0.00237  7.88204e-07 | 53  0.50694  9.89682e-10 | 54 -0.01782  5.07613e-08
 55  0.17819 -8.87225e-09 | 56  0.18290 -2.24567e-08 | 57 -0.25485 -4.80068e-10
 58 -0.05971  5.38264e-09 | 59  0.11076 -1.39396e-07 | 60 -0.26531  6.38444e-09
Function minimizer not making progress ... is minimum attained?
Minimprove criterion = 0.0000e+00

 - final statistics:
60 variables; iteration 1; function evaluation 30
Function value 8.6121e+00; maximum gradient component mag -1.0085e-05
Exit code = 1;  converg criter 1.0000e-05
Var    Value     Gradient |Var    Value     Gradient |Var    Value     Gradient
  1  0.01564 -1.00854e-05 |  2 -0.01731 -1.66128e-07 |  3 -0.00053  1.32066e-08
  4 -0.00226 -1.54239e-09 |  5 -0.00964  5.47410e-09 |  6 -0.01240  5.31086e-09
  7 -0.01747  6.19716e-09 |  8 -0.00386 -1.38449e-09 |  9  0.01300 -1.12990e-08
 10  0.02228 -5.19949e-09 | 11  0.01643 -2.03706e-08 | 12 -0.03717  7.03405e-07
 13 -0.03701  6.99366e-07 | 14 -0.01434  7.20820e-07 | 15 -0.02896  7.51426e-07
 16 -0.03895  7.44006e-07 | 17 -0.02100  7.15150e-07 | 18 -0.07702  7.53612e-07
 19  0.04778  3.99084e-07 | 20 -0.05173  6.80436e-07 | 21 -0.08022  6.71642e-07
 22 -0.05601  5.11314e-07 | 23  0.07367 -1.23022e-07 | 24  0.00802 -1.13459e-07
 25  0.03459 -8.51387e-07 | 26  0.00683 -6.77053e-07 | 27  0.01991 -1.35399e-06
 28  0.05262 -2.55150e-06 | 29  0.00757 -7.88619e-07 | 30  0.02593 -2.01560e-06
 31 -0.01440 -2.36932e-07 | 32 -0.00671 -1.21200e-06 | 33  0.04941 -2.81048e-06
 34  0.03793 -2.47164e-06 | 35  0.00196 -7.04988e-07 | 36  0.05880 -1.85218e-06
 37  0.03974 -4.73287e-07 | 38 -0.02083  4.09610e-07 | 39  0.03533  2.45950e-07
 40 -0.00161  6.03996e-07 | 41 -0.01219  7.86355e-07 | 42  0.00042  8.36849e-07
 43 -0.02802  8.32923e-07 | 44 -0.00054  8.41430e-07 | 45  0.02939  8.32101e-07
 46  0.00402  8.02497e-07 | 47  0.00091  7.88498e-07 | 48 -0.00019  7.79896e-07
 49 -0.00125  7.86136e-07 | 50 -0.00212  7.84390e-07 | 51 -0.00232  7.78061e-07
 52 -0.00237  7.88204e-07 | 53  0.50694  9.89682e-10 | 54 -0.01782  5.07613e-08
 55  0.17819 -8.87225e-09 | 56  0.18290 -2.24567e-08 | 57 -0.25485 -4.80068e-10
 58 -0.05971  5.38264e-09 | 59  0.11076 -1.39396e-07 | 60 -0.26531  6.38444e-09

Initial statistics: 62 variables; iteration 0; function evaluation 0; phase 7
Function value 8.6121345e+00; maximum gradient component mag -1.0074e-05
Var    Value     Gradient |Var    Value     Gradient |Var    Value     Gradient
  1  0.01564 -1.00742e-05 |  2 -0.01731 -1.66014e-07 |  3 -0.00053  1.32065e-08
  4 -0.00226 -1.54164e-09 |  5 -0.00964  5.47431e-09 |  6 -0.01240  5.31142e-09
  7 -0.01747  6.19759e-09 |  8 -0.00386 -1.38241e-09 |  9  0.01300 -1.12953e-08
 10  0.02228 -5.19229e-09 | 11  0.01643 -2.03580e-08 | 12 -0.03717  7.02577e-07
 13 -0.03701  6.98544e-07 | 14 -0.01434  7.20008e-07 | 15 -0.02896  7.50600e-07
 16 -0.03895  7.43175e-07 | 17 -0.02100  7.14357e-07 | 18 -0.07702  7.52812e-07
 19  0.04778  3.98689e-07 | 20 -0.05173  6.79723e-07 | 21 -0.08022  6.70923e-07
 22 -0.05601  5.10738e-07 | 23  0.07367 -1.22789e-07 | 24  0.00802 -1.13202e-07
 25  0.03459 -8.50278e-07 | 26  0.00683 -6.76135e-07 | 27  0.01991 -1.35228e-06
 28  0.05262 -2.54846e-06 | 29  0.00757 -7.87659e-07 | 30  0.02593 -2.01322e-06
 31 -0.01440 -2.36667e-07 | 32 -0.00671 -1.21067e-06 | 33  0.04941 -2.80724e-06
 34  0.03793 -2.46919e-06 | 35  0.00196 -7.04184e-07 | 36  0.05880 -1.85052e-06
 37  0.03974 -4.73002e-07 | 38 -0.02083  4.09073e-07 | 39  0.03533  2.45462e-07
 40 -0.00161  6.03227e-07 | 41 -0.01219  7.85455e-07 | 42  0.00042  8.35902e-07
 43 -0.02802  8.31998e-07 | 44 -0.00054  8.40508e-07 | 45  0.02939  8.31196e-07
 46  0.00402  8.01612e-07 | 47  0.00091  7.87617e-07 | 48 -0.00019  7.79017e-07
 49 -0.00125  7.85258e-07 | 50 -0.00212  7.83512e-07 | 51 -0.00232  7.77183e-07
 52 -0.00237  7.87326e-07 | 53  0.00000  0.00000e+00 | 54  0.00000  0.00000e+00
 55  0.50694  9.85266e-10 | 56 -0.01782  5.07588e-08 | 57  0.17819 -8.86829e-09
 58  0.18290 -2.24528e-08 | 59 -0.25485 -4.79883e-10 | 60 -0.05971  5.39002e-09
 61  0.11076 -1.39375e-07 | 62 -0.26531  6.38529e-09 |
  ic > imax  in fminim is answer attained ?
Var    Value     Gradient |Var    Value     Gradient |Var    Value     Gradient
  1  0.01564 -1.00742e-05 |  2 -0.01731 -1.66014e-07 |  3 -0.00053  1.32065e-08
  4 -0.00226 -1.54164e-09 |  5 -0.00964  5.47431e-09 |  6 -0.01240  5.31142e-09
  7 -0.01747  6.19759e-09 |  8 -0.00386 -1.38241e-09 |  9  0.01300 -1.12953e-08
 10  0.02228 -5.19229e-09 | 11  0.01643 -2.03580e-08 | 12 -0.03717  7.02577e-07
 13 -0.03701  6.98544e-07 | 14 -0.01434  7.20008e-07 | 15 -0.02896  7.50600e-07
 16 -0.03895  7.43175e-07 | 17 -0.02100  7.14357e-07 | 18 -0.07702  7.52812e-07
 19  0.04778  3.98689e-07 | 20 -0.05173  6.79723e-07 | 21 -0.08022  6.70923e-07
 22 -0.05601  5.10738e-07 | 23  0.07367 -1.22789e-07 | 24  0.00802 -1.13202e-07
 25  0.03459 -8.50278e-07 | 26  0.00683 -6.76135e-07 | 27  0.01991 -1.35228e-06
 28  0.05262 -2.54846e-06 | 29  0.00757 -7.87659e-07 | 30  0.02593 -2.01322e-06
 31 -0.01440 -2.36667e-07 | 32 -0.00671 -1.21067e-06 | 33  0.04941 -2.80724e-06
 34  0.03793 -2.46919e-06 | 35  0.00196 -7.04184e-07 | 36  0.05880 -1.85052e-06
 37  0.03974 -4.73002e-07 | 38 -0.02083  4.09073e-07 | 39  0.03533  2.45462e-07
 40 -0.00161  6.03227e-07 | 41 -0.01219  7.85455e-07 | 42  0.00042  8.35902e-07
 43 -0.02802  8.31998e-07 | 44 -0.00054  8.40508e-07 | 45  0.02939  8.31196e-07
 46  0.00402  8.01612e-07 | 47  0.00091  7.87617e-07 | 48 -0.00019  7.79017e-07
 49 -0.00125  7.85258e-07 | 50 -0.00212  7.83512e-07 | 51 -0.00232  7.77183e-07
 52 -0.00237  7.87326e-07 | 53  0.00000  0.00000e+00 | 54  0.00000  0.00000e+00
 55  0.50694  9.85266e-10 | 56 -0.01782  5.07588e-08 | 57  0.17819 -8.86829e-09
 58  0.18290 -2.24528e-08 | 59 -0.25485 -4.79883e-10 | 60 -0.05971  5.39002e-09
 61  0.11076 -1.39375e-07 | 62 -0.26531  6.38529e-09 |
Function minimizer not making progress ... is minimum attained?
Minimprove criterion = 0.0000e+00

 - final statistics:
62 variables; iteration 1; function evaluation 30
Function value 8.6121e+00; maximum gradient component mag -1.0074e-05
Exit code = 1;  converg criter 1.0000e-05
Var    Value     Gradient |Var    Value     Gradient |Var    Value     Gradient
  1  0.01564 -1.00742e-05 |  2 -0.01731 -1.66014e-07 |  3 -0.00053  1.32065e-08
  4 -0.00226 -1.54164e-09 |  5 -0.00964  5.47431e-09 |  6 -0.01240  5.31142e-09
  7 -0.01747  6.19759e-09 |  8 -0.00386 -1.38241e-09 |  9  0.01300 -1.12953e-08
 10  0.02228 -5.19229e-09 | 11  0.01643 -2.03580e-08 | 12 -0.03717  7.02577e-07
 13 -0.03701  6.98544e-07 | 14 -0.01434  7.20008e-07 | 15 -0.02896  7.50600e-07
 16 -0.03895  7.43175e-07 | 17 -0.02100  7.14357e-07 | 18 -0.07702  7.52812e-07
 19  0.04778  3.98689e-07 | 20 -0.05173  6.79723e-07 | 21 -0.08022  6.70923e-07
 22 -0.05601  5.10738e-07 | 23  0.07367 -1.22789e-07 | 24  0.00802 -1.13202e-07
 25  0.03459 -8.50278e-07 | 26  0.00683 -6.76135e-07 | 27  0.01991 -1.35228e-06
 28  0.05262 -2.54846e-06 | 29  0.00757 -7.87659e-07 | 30  0.02593 -2.01322e-06
 31 -0.01440 -2.36667e-07 | 32 -0.00671 -1.21067e-06 | 33  0.04941 -2.80724e-06
 34  0.03793 -2.46919e-06 | 35  0.00196 -7.04184e-07 | 36  0.05880 -1.85052e-06
 37  0.03974 -4.73002e-07 | 38 -0.02083  4.09073e-07 | 39  0.03533  2.45462e-07
 40 -0.00161  6.03227e-07 | 41 -0.01219  7.85455e-07 | 42  0.00042  8.35902e-07
 43 -0.02802  8.31998e-07 | 44 -0.00054  8.40508e-07 | 45  0.02939  8.31196e-07
 46  0.00402  8.01612e-07 | 47  0.00091  7.87617e-07 | 48 -0.00019  7.79017e-07
 49 -0.00125  7.85258e-07 | 50 -0.00212  7.83512e-07 | 51 -0.00232  7.77183e-07
 52 -0.00237  7.87326e-07 | 53  0.00000  0.00000e+00 | 54  0.00000  0.00000e+00
 55  0.50694  9.85266e-10 | 56 -0.01782  5.07588e-08 | 57  0.17819 -8.86829e-09
 58  0.18290 -2.24528e-08 | 59 -0.25485 -4.79883e-10 | 60 -0.05971  5.39002e-09
 61  0.11076 -1.39375e-07 | 62 -0.26531  6.38529e-09 |
size of file gradfil1.tmp = 0
size of file gradfil2.tmp = 0
size of file varssave.tmp = 0
size of file cmpdiff.tmp = 200000008
